{"/Users/qianghuang/design_system/src/colors.ts": {"path":"/Users/qianghuang/design_system/src/colors.ts","all":false,"statementMap":{"22":{"start":{"line":23,"column":0},"end":{"line":23,"column":19}},"24":{"start":{"line":25,"column":0},"end":{"line":25,"column":9}},"25":{"start":{"line":26,"column":0},"end":{"line":26,"column":18}},"26":{"start":{"line":27,"column":0},"end":{"line":27,"column":19}},"27":{"start":{"line":28,"column":0},"end":{"line":28,"column":19}},"28":{"start":{"line":29,"column":0},"end":{"line":29,"column":19}},"29":{"start":{"line":30,"column":0},"end":{"line":30,"column":19}},"30":{"start":{"line":31,"column":0},"end":{"line":31,"column":19}},"31":{"start":{"line":32,"column":0},"end":{"line":32,"column":19}},"32":{"start":{"line":33,"column":0},"end":{"line":33,"column":19}},"33":{"start":{"line":34,"column":0},"end":{"line":34,"column":19}},"34":{"start":{"line":35,"column":0},"end":{"line":35,"column":19}},"35":{"start":{"line":36,"column":0},"end":{"line":36,"column":19}},"36":{"start":{"line":37,"column":0},"end":{"line":37,"column":4}},"39":{"start":{"line":40,"column":0},"end":{"line":40,"column":11}},"40":{"start":{"line":41,"column":0},"end":{"line":41,"column":18}},"41":{"start":{"line":42,"column":0},"end":{"line":42,"column":19}},"42":{"start":{"line":43,"column":0},"end":{"line":43,"column":19}},"43":{"start":{"line":44,"column":0},"end":{"line":44,"column":19}},"44":{"start":{"line":45,"column":0},"end":{"line":45,"column":19}},"45":{"start":{"line":46,"column":0},"end":{"line":46,"column":19}},"46":{"start":{"line":47,"column":0},"end":{"line":47,"column":19}},"47":{"start":{"line":48,"column":0},"end":{"line":48,"column":19}},"48":{"start":{"line":49,"column":0},"end":{"line":49,"column":19}},"49":{"start":{"line":50,"column":0},"end":{"line":50,"column":19}},"50":{"start":{"line":51,"column":0},"end":{"line":51,"column":19}},"51":{"start":{"line":52,"column":0},"end":{"line":52,"column":4}},"54":{"start":{"line":55,"column":0},"end":{"line":55,"column":12}},"55":{"start":{"line":56,"column":0},"end":{"line":56,"column":17}},"56":{"start":{"line":57,"column":0},"end":{"line":57,"column":18}},"57":{"start":{"line":58,"column":0},"end":{"line":58,"column":19}},"58":{"start":{"line":59,"column":0},"end":{"line":59,"column":19}},"59":{"start":{"line":60,"column":0},"end":{"line":60,"column":19}},"60":{"start":{"line":61,"column":0},"end":{"line":61,"column":19}},"61":{"start":{"line":62,"column":0},"end":{"line":62,"column":19}},"62":{"start":{"line":63,"column":0},"end":{"line":63,"column":19}},"63":{"start":{"line":64,"column":0},"end":{"line":64,"column":19}},"64":{"start":{"line":65,"column":0},"end":{"line":65,"column":19}},"65":{"start":{"line":66,"column":0},"end":{"line":66,"column":19}},"66":{"start":{"line":67,"column":0},"end":{"line":67,"column":19}},"67":{"start":{"line":68,"column":0},"end":{"line":68,"column":4}},"70":{"start":{"line":71,"column":0},"end":{"line":71,"column":8}},"71":{"start":{"line":72,"column":0},"end":{"line":72,"column":18}},"72":{"start":{"line":73,"column":0},"end":{"line":73,"column":19}},"73":{"start":{"line":74,"column":0},"end":{"line":74,"column":19}},"74":{"start":{"line":75,"column":0},"end":{"line":75,"column":19}},"75":{"start":{"line":76,"column":0},"end":{"line":76,"column":19}},"76":{"start":{"line":77,"column":0},"end":{"line":77,"column":19}},"77":{"start":{"line":78,"column":0},"end":{"line":78,"column":19}},"78":{"start":{"line":79,"column":0},"end":{"line":79,"column":19}},"79":{"start":{"line":80,"column":0},"end":{"line":80,"column":19}},"80":{"start":{"line":81,"column":0},"end":{"line":81,"column":19}},"81":{"start":{"line":82,"column":0},"end":{"line":82,"column":19}},"82":{"start":{"line":83,"column":0},"end":{"line":83,"column":4}},"84":{"start":{"line":85,"column":0},"end":{"line":85,"column":11}},"85":{"start":{"line":86,"column":0},"end":{"line":86,"column":18}},"86":{"start":{"line":87,"column":0},"end":{"line":87,"column":19}},"87":{"start":{"line":88,"column":0},"end":{"line":88,"column":19}},"88":{"start":{"line":89,"column":0},"end":{"line":89,"column":19}},"89":{"start":{"line":90,"column":0},"end":{"line":90,"column":19}},"90":{"start":{"line":91,"column":0},"end":{"line":91,"column":19}},"91":{"start":{"line":92,"column":0},"end":{"line":92,"column":19}},"92":{"start":{"line":93,"column":0},"end":{"line":93,"column":19}},"93":{"start":{"line":94,"column":0},"end":{"line":94,"column":19}},"94":{"start":{"line":95,"column":0},"end":{"line":95,"column":19}},"95":{"start":{"line":96,"column":0},"end":{"line":96,"column":19}},"96":{"start":{"line":97,"column":0},"end":{"line":97,"column":4}},"98":{"start":{"line":99,"column":0},"end":{"line":99,"column":10}},"99":{"start":{"line":100,"column":0},"end":{"line":100,"column":18}},"100":{"start":{"line":101,"column":0},"end":{"line":101,"column":19}},"101":{"start":{"line":102,"column":0},"end":{"line":102,"column":19}},"102":{"start":{"line":103,"column":0},"end":{"line":103,"column":19}},"103":{"start":{"line":104,"column":0},"end":{"line":104,"column":19}},"104":{"start":{"line":105,"column":0},"end":{"line":105,"column":19}},"105":{"start":{"line":106,"column":0},"end":{"line":106,"column":19}},"106":{"start":{"line":107,"column":0},"end":{"line":107,"column":19}},"107":{"start":{"line":108,"column":0},"end":{"line":108,"column":19}},"108":{"start":{"line":109,"column":0},"end":{"line":109,"column":19}},"109":{"start":{"line":110,"column":0},"end":{"line":110,"column":19}},"110":{"start":{"line":111,"column":0},"end":{"line":111,"column":4}},"112":{"start":{"line":113,"column":0},"end":{"line":113,"column":10}},"113":{"start":{"line":114,"column":0},"end":{"line":114,"column":18}},"114":{"start":{"line":115,"column":0},"end":{"line":115,"column":19}},"115":{"start":{"line":116,"column":0},"end":{"line":116,"column":19}},"116":{"start":{"line":117,"column":0},"end":{"line":117,"column":19}},"117":{"start":{"line":118,"column":0},"end":{"line":118,"column":19}},"118":{"start":{"line":119,"column":0},"end":{"line":119,"column":19}},"119":{"start":{"line":120,"column":0},"end":{"line":120,"column":19}},"120":{"start":{"line":121,"column":0},"end":{"line":121,"column":19}},"121":{"start":{"line":122,"column":0},"end":{"line":122,"column":19}},"122":{"start":{"line":123,"column":0},"end":{"line":123,"column":19}},"123":{"start":{"line":124,"column":0},"end":{"line":124,"column":19}},"124":{"start":{"line":125,"column":0},"end":{"line":125,"column":4}},"127":{"start":{"line":128,"column":0},"end":{"line":128,"column":9}},"128":{"start":{"line":129,"column":0},"end":{"line":129,"column":15}},"129":{"start":{"line":130,"column":0},"end":{"line":130,"column":23}},"130":{"start":{"line":131,"column":0},"end":{"line":131,"column":25}},"131":{"start":{"line":132,"column":0},"end":{"line":132,"column":22}},"132":{"start":{"line":133,"column":0},"end":{"line":133,"column":6}},"133":{"start":{"line":134,"column":0},"end":{"line":134,"column":13}},"134":{"start":{"line":135,"column":0},"end":{"line":135,"column":23}},"135":{"start":{"line":136,"column":0},"end":{"line":136,"column":25}},"136":{"start":{"line":137,"column":0},"end":{"line":137,"column":22}},"137":{"start":{"line":138,"column":0},"end":{"line":138,"column":6}},"138":{"start":{"line":139,"column":0},"end":{"line":139,"column":14}},"139":{"start":{"line":140,"column":0},"end":{"line":140,"column":23}},"140":{"start":{"line":141,"column":0},"end":{"line":141,"column":25}},"141":{"start":{"line":142,"column":0},"end":{"line":142,"column":22}},"142":{"start":{"line":143,"column":0},"end":{"line":143,"column":6}},"143":{"start":{"line":144,"column":0},"end":{"line":144,"column":14}},"144":{"start":{"line":145,"column":0},"end":{"line":145,"column":23}},"145":{"start":{"line":146,"column":0},"end":{"line":146,"column":25}},"146":{"start":{"line":147,"column":0},"end":{"line":147,"column":22}},"147":{"start":{"line":148,"column":0},"end":{"line":148,"column":6}},"148":{"start":{"line":149,"column":0},"end":{"line":149,"column":14}},"149":{"start":{"line":150,"column":0},"end":{"line":150,"column":23}},"150":{"start":{"line":151,"column":0},"end":{"line":151,"column":25}},"151":{"start":{"line":152,"column":0},"end":{"line":152,"column":22}},"152":{"start":{"line":153,"column":0},"end":{"line":153,"column":6}},"153":{"start":{"line":154,"column":0},"end":{"line":154,"column":14}},"154":{"start":{"line":155,"column":0},"end":{"line":155,"column":23}},"155":{"start":{"line":156,"column":0},"end":{"line":156,"column":25}},"156":{"start":{"line":157,"column":0},"end":{"line":157,"column":22}},"157":{"start":{"line":158,"column":0},"end":{"line":158,"column":6}},"158":{"start":{"line":159,"column":0},"end":{"line":159,"column":16}},"159":{"start":{"line":160,"column":0},"end":{"line":160,"column":23}},"160":{"start":{"line":161,"column":0},"end":{"line":161,"column":25}},"161":{"start":{"line":162,"column":0},"end":{"line":162,"column":22}},"162":{"start":{"line":163,"column":0},"end":{"line":163,"column":6}},"163":{"start":{"line":164,"column":0},"end":{"line":164,"column":13}},"164":{"start":{"line":165,"column":0},"end":{"line":165,"column":23}},"165":{"start":{"line":166,"column":0},"end":{"line":166,"column":25}},"166":{"start":{"line":167,"column":0},"end":{"line":167,"column":22}},"167":{"start":{"line":168,"column":0},"end":{"line":168,"column":6}},"168":{"start":{"line":169,"column":0},"end":{"line":169,"column":15}},"169":{"start":{"line":170,"column":0},"end":{"line":170,"column":23}},"170":{"start":{"line":171,"column":0},"end":{"line":171,"column":25}},"171":{"start":{"line":172,"column":0},"end":{"line":172,"column":22}},"172":{"start":{"line":173,"column":0},"end":{"line":173,"column":6}},"173":{"start":{"line":174,"column":0},"end":{"line":174,"column":15}},"174":{"start":{"line":175,"column":0},"end":{"line":175,"column":23}},"175":{"start":{"line":176,"column":0},"end":{"line":176,"column":25}},"176":{"start":{"line":177,"column":0},"end":{"line":177,"column":22}},"177":{"start":{"line":178,"column":0},"end":{"line":178,"column":6}},"178":{"start":{"line":179,"column":0},"end":{"line":179,"column":16}},"179":{"start":{"line":180,"column":0},"end":{"line":180,"column":23}},"180":{"start":{"line":181,"column":0},"end":{"line":181,"column":25}},"181":{"start":{"line":182,"column":0},"end":{"line":182,"column":22}},"182":{"start":{"line":183,"column":0},"end":{"line":183,"column":6}},"183":{"start":{"line":184,"column":0},"end":{"line":184,"column":13}},"184":{"start":{"line":185,"column":0},"end":{"line":185,"column":23}},"185":{"start":{"line":186,"column":0},"end":{"line":186,"column":25}},"186":{"start":{"line":187,"column":0},"end":{"line":187,"column":22}},"187":{"start":{"line":188,"column":0},"end":{"line":188,"column":6}},"188":{"start":{"line":189,"column":0},"end":{"line":189,"column":15}},"189":{"start":{"line":190,"column":0},"end":{"line":190,"column":23}},"190":{"start":{"line":191,"column":0},"end":{"line":191,"column":25}},"191":{"start":{"line":192,"column":0},"end":{"line":192,"column":22}},"192":{"start":{"line":193,"column":0},"end":{"line":193,"column":6}},"193":{"start":{"line":194,"column":0},"end":{"line":194,"column":3}},"194":{"start":{"line":195,"column":0},"end":{"line":195,"column":11}},"204":{"start":{"line":205,"column":0},"end":{"line":205,"column":24}},"206":{"start":{"line":207,"column":0},"end":{"line":207,"column":9}},"207":{"start":{"line":208,"column":0},"end":{"line":208,"column":14}},"208":{"start":{"line":209,"column":0},"end":{"line":209,"column":36}},"209":{"start":{"line":210,"column":0},"end":{"line":210,"column":33}},"210":{"start":{"line":211,"column":0},"end":{"line":211,"column":6}},"211":{"start":{"line":212,"column":0},"end":{"line":212,"column":16}},"212":{"start":{"line":213,"column":0},"end":{"line":213,"column":36}},"213":{"start":{"line":214,"column":0},"end":{"line":214,"column":35}},"214":{"start":{"line":215,"column":0},"end":{"line":215,"column":6}},"215":{"start":{"line":216,"column":0},"end":{"line":216,"column":15}},"216":{"start":{"line":217,"column":0},"end":{"line":217,"column":36}},"217":{"start":{"line":218,"column":0},"end":{"line":218,"column":35}},"218":{"start":{"line":219,"column":0},"end":{"line":219,"column":6}},"219":{"start":{"line":220,"column":0},"end":{"line":220,"column":15}},"220":{"start":{"line":221,"column":0},"end":{"line":221,"column":36}},"221":{"start":{"line":222,"column":0},"end":{"line":222,"column":35}},"222":{"start":{"line":223,"column":0},"end":{"line":223,"column":6}},"223":{"start":{"line":224,"column":0},"end":{"line":224,"column":14}},"224":{"start":{"line":225,"column":0},"end":{"line":225,"column":34}},"225":{"start":{"line":226,"column":0},"end":{"line":226,"column":35}},"226":{"start":{"line":227,"column":0},"end":{"line":227,"column":6}},"227":{"start":{"line":228,"column":0},"end":{"line":228,"column":11}},"228":{"start":{"line":229,"column":0},"end":{"line":229,"column":33}},"229":{"start":{"line":230,"column":0},"end":{"line":230,"column":32}},"230":{"start":{"line":231,"column":0},"end":{"line":231,"column":6}},"231":{"start":{"line":232,"column":0},"end":{"line":232,"column":16}},"232":{"start":{"line":233,"column":0},"end":{"line":233,"column":33}},"233":{"start":{"line":234,"column":0},"end":{"line":234,"column":32}},"234":{"start":{"line":235,"column":0},"end":{"line":235,"column":6}},"235":{"start":{"line":236,"column":0},"end":{"line":236,"column":4}},"238":{"start":{"line":239,"column":0},"end":{"line":239,"column":15}},"239":{"start":{"line":240,"column":0},"end":{"line":240,"column":14}},"240":{"start":{"line":241,"column":0},"end":{"line":241,"column":34}},"241":{"start":{"line":242,"column":0},"end":{"line":242,"column":35}},"242":{"start":{"line":243,"column":0},"end":{"line":243,"column":6}},"243":{"start":{"line":244,"column":0},"end":{"line":244,"column":16}},"244":{"start":{"line":245,"column":0},"end":{"line":245,"column":35}},"245":{"start":{"line":246,"column":0},"end":{"line":246,"column":35}},"246":{"start":{"line":247,"column":0},"end":{"line":247,"column":6}},"247":{"start":{"line":248,"column":0},"end":{"line":248,"column":15}},"248":{"start":{"line":249,"column":0},"end":{"line":249,"column":36}},"249":{"start":{"line":250,"column":0},"end":{"line":250,"column":35}},"250":{"start":{"line":251,"column":0},"end":{"line":251,"column":6}},"251":{"start":{"line":252,"column":0},"end":{"line":252,"column":15}},"252":{"start":{"line":253,"column":0},"end":{"line":253,"column":34}},"253":{"start":{"line":254,"column":0},"end":{"line":254,"column":35}},"254":{"start":{"line":255,"column":0},"end":{"line":255,"column":6}},"255":{"start":{"line":256,"column":0},"end":{"line":256,"column":14}},"256":{"start":{"line":257,"column":0},"end":{"line":257,"column":34}},"257":{"start":{"line":258,"column":0},"end":{"line":258,"column":33}},"258":{"start":{"line":259,"column":0},"end":{"line":259,"column":6}},"259":{"start":{"line":260,"column":0},"end":{"line":260,"column":11}},"260":{"start":{"line":261,"column":0},"end":{"line":261,"column":35}},"261":{"start":{"line":262,"column":0},"end":{"line":262,"column":35}},"262":{"start":{"line":263,"column":0},"end":{"line":263,"column":6}},"263":{"start":{"line":264,"column":0},"end":{"line":264,"column":4}},"266":{"start":{"line":267,"column":0},"end":{"line":267,"column":11}},"267":{"start":{"line":268,"column":0},"end":{"line":268,"column":14}},"268":{"start":{"line":269,"column":0},"end":{"line":269,"column":36}},"269":{"start":{"line":270,"column":0},"end":{"line":270,"column":35}},"270":{"start":{"line":271,"column":0},"end":{"line":271,"column":6}},"271":{"start":{"line":272,"column":0},"end":{"line":272,"column":16}},"272":{"start":{"line":273,"column":0},"end":{"line":273,"column":36}},"273":{"start":{"line":274,"column":0},"end":{"line":274,"column":35}},"274":{"start":{"line":275,"column":0},"end":{"line":275,"column":6}},"275":{"start":{"line":276,"column":0},"end":{"line":276,"column":12}},"276":{"start":{"line":277,"column":0},"end":{"line":277,"column":33}},"277":{"start":{"line":278,"column":0},"end":{"line":278,"column":32}},"278":{"start":{"line":279,"column":0},"end":{"line":279,"column":6}},"279":{"start":{"line":280,"column":0},"end":{"line":280,"column":12}},"280":{"start":{"line":281,"column":0},"end":{"line":281,"column":32}},"281":{"start":{"line":282,"column":0},"end":{"line":282,"column":31}},"282":{"start":{"line":283,"column":0},"end":{"line":283,"column":6}},"283":{"start":{"line":284,"column":0},"end":{"line":284,"column":4}},"286":{"start":{"line":287,"column":0},"end":{"line":287,"column":10}},"287":{"start":{"line":288,"column":0},"end":{"line":288,"column":14}},"288":{"start":{"line":289,"column":0},"end":{"line":289,"column":33}},"289":{"start":{"line":290,"column":0},"end":{"line":290,"column":32}},"290":{"start":{"line":291,"column":0},"end":{"line":291,"column":6}},"291":{"start":{"line":292,"column":0},"end":{"line":292,"column":19}},"292":{"start":{"line":293,"column":0},"end":{"line":293,"column":33}},"293":{"start":{"line":294,"column":0},"end":{"line":294,"column":32}},"294":{"start":{"line":295,"column":0},"end":{"line":295,"column":6}},"295":{"start":{"line":296,"column":0},"end":{"line":296,"column":16}},"296":{"start":{"line":297,"column":0},"end":{"line":297,"column":35}},"297":{"start":{"line":298,"column":0},"end":{"line":298,"column":34}},"298":{"start":{"line":299,"column":0},"end":{"line":299,"column":6}},"299":{"start":{"line":300,"column":0},"end":{"line":300,"column":21}},"300":{"start":{"line":301,"column":0},"end":{"line":301,"column":35}},"301":{"start":{"line":302,"column":0},"end":{"line":302,"column":34}},"302":{"start":{"line":303,"column":0},"end":{"line":303,"column":6}},"303":{"start":{"line":304,"column":0},"end":{"line":304,"column":4}},"306":{"start":{"line":307,"column":0},"end":{"line":307,"column":10}},"307":{"start":{"line":308,"column":0},"end":{"line":308,"column":14}},"308":{"start":{"line":309,"column":0},"end":{"line":309,"column":34}},"309":{"start":{"line":310,"column":0},"end":{"line":310,"column":33}},"310":{"start":{"line":311,"column":0},"end":{"line":311,"column":6}},"311":{"start":{"line":312,"column":0},"end":{"line":312,"column":16}},"312":{"start":{"line":313,"column":0},"end":{"line":313,"column":34}},"313":{"start":{"line":314,"column":0},"end":{"line":314,"column":41}},"314":{"start":{"line":315,"column":0},"end":{"line":315,"column":6}},"315":{"start":{"line":316,"column":0},"end":{"line":316,"column":18}},"316":{"start":{"line":317,"column":0},"end":{"line":317,"column":34}},"317":{"start":{"line":318,"column":0},"end":{"line":318,"column":33}},"318":{"start":{"line":319,"column":0},"end":{"line":319,"column":6}},"320":{"start":{"line":321,"column":0},"end":{"line":321,"column":14}},"321":{"start":{"line":322,"column":0},"end":{"line":322,"column":34}},"322":{"start":{"line":323,"column":0},"end":{"line":323,"column":33}},"323":{"start":{"line":324,"column":0},"end":{"line":324,"column":6}},"324":{"start":{"line":325,"column":0},"end":{"line":325,"column":16}},"325":{"start":{"line":326,"column":0},"end":{"line":326,"column":34}},"326":{"start":{"line":327,"column":0},"end":{"line":327,"column":41}},"327":{"start":{"line":328,"column":0},"end":{"line":328,"column":6}},"328":{"start":{"line":329,"column":0},"end":{"line":329,"column":18}},"329":{"start":{"line":330,"column":0},"end":{"line":330,"column":34}},"330":{"start":{"line":331,"column":0},"end":{"line":331,"column":33}},"331":{"start":{"line":332,"column":0},"end":{"line":332,"column":6}},"333":{"start":{"line":334,"column":0},"end":{"line":334,"column":12}},"334":{"start":{"line":335,"column":0},"end":{"line":335,"column":32}},"335":{"start":{"line":336,"column":0},"end":{"line":336,"column":31}},"336":{"start":{"line":337,"column":0},"end":{"line":337,"column":6}},"337":{"start":{"line":338,"column":0},"end":{"line":338,"column":14}},"338":{"start":{"line":339,"column":0},"end":{"line":339,"column":32}},"339":{"start":{"line":340,"column":0},"end":{"line":340,"column":39}},"340":{"start":{"line":341,"column":0},"end":{"line":341,"column":6}},"341":{"start":{"line":342,"column":0},"end":{"line":342,"column":16}},"342":{"start":{"line":343,"column":0},"end":{"line":343,"column":32}},"343":{"start":{"line":344,"column":0},"end":{"line":344,"column":31}},"344":{"start":{"line":345,"column":0},"end":{"line":345,"column":6}},"346":{"start":{"line":347,"column":0},"end":{"line":347,"column":11}},"347":{"start":{"line":348,"column":0},"end":{"line":348,"column":33}},"348":{"start":{"line":349,"column":0},"end":{"line":349,"column":32}},"349":{"start":{"line":350,"column":0},"end":{"line":350,"column":6}},"350":{"start":{"line":351,"column":0},"end":{"line":351,"column":13}},"351":{"start":{"line":352,"column":0},"end":{"line":352,"column":33}},"352":{"start":{"line":353,"column":0},"end":{"line":353,"column":40}},"353":{"start":{"line":354,"column":0},"end":{"line":354,"column":6}},"354":{"start":{"line":355,"column":0},"end":{"line":355,"column":15}},"355":{"start":{"line":356,"column":0},"end":{"line":356,"column":33}},"356":{"start":{"line":357,"column":0},"end":{"line":357,"column":32}},"357":{"start":{"line":358,"column":0},"end":{"line":358,"column":6}},"359":{"start":{"line":360,"column":0},"end":{"line":360,"column":15}},"360":{"start":{"line":361,"column":0},"end":{"line":361,"column":33}},"361":{"start":{"line":362,"column":0},"end":{"line":362,"column":40}},"362":{"start":{"line":363,"column":0},"end":{"line":363,"column":6}},"363":{"start":{"line":364,"column":0},"end":{"line":364,"column":4}},"366":{"start":{"line":367,"column":0},"end":{"line":367,"column":11}},"367":{"start":{"line":368,"column":0},"end":{"line":368,"column":14}},"368":{"start":{"line":369,"column":0},"end":{"line":369,"column":33}},"369":{"start":{"line":370,"column":0},"end":{"line":370,"column":32}},"370":{"start":{"line":371,"column":0},"end":{"line":371,"column":6}},"371":{"start":{"line":372,"column":0},"end":{"line":372,"column":19}},"372":{"start":{"line":373,"column":0},"end":{"line":373,"column":33}},"373":{"start":{"line":374,"column":0},"end":{"line":374,"column":32}},"374":{"start":{"line":375,"column":0},"end":{"line":375,"column":6}},"375":{"start":{"line":376,"column":0},"end":{"line":376,"column":16}},"376":{"start":{"line":377,"column":0},"end":{"line":377,"column":36}},"377":{"start":{"line":378,"column":0},"end":{"line":378,"column":35}},"378":{"start":{"line":379,"column":0},"end":{"line":379,"column":6}},"379":{"start":{"line":380,"column":0},"end":{"line":380,"column":13}},"380":{"start":{"line":381,"column":0},"end":{"line":381,"column":32}},"381":{"start":{"line":382,"column":0},"end":{"line":382,"column":31}},"382":{"start":{"line":383,"column":0},"end":{"line":383,"column":6}},"383":{"start":{"line":384,"column":0},"end":{"line":384,"column":4}},"386":{"start":{"line":387,"column":0},"end":{"line":387,"column":9}},"387":{"start":{"line":388,"column":0},"end":{"line":388,"column":15}},"388":{"start":{"line":389,"column":0},"end":{"line":389,"column":43}},"389":{"start":{"line":390,"column":0},"end":{"line":390,"column":41}},"390":{"start":{"line":391,"column":0},"end":{"line":391,"column":6}},"391":{"start":{"line":392,"column":0},"end":{"line":392,"column":17}},"392":{"start":{"line":393,"column":0},"end":{"line":393,"column":38}},"393":{"start":{"line":394,"column":0},"end":{"line":394,"column":40}},"394":{"start":{"line":395,"column":0},"end":{"line":395,"column":6}},"395":{"start":{"line":396,"column":0},"end":{"line":396,"column":13}},"396":{"start":{"line":397,"column":0},"end":{"line":397,"column":41}},"397":{"start":{"line":398,"column":0},"end":{"line":398,"column":39}},"398":{"start":{"line":399,"column":0},"end":{"line":399,"column":6}},"399":{"start":{"line":400,"column":0},"end":{"line":400,"column":15}},"400":{"start":{"line":401,"column":0},"end":{"line":401,"column":40}},"401":{"start":{"line":402,"column":0},"end":{"line":402,"column":42}},"402":{"start":{"line":403,"column":0},"end":{"line":403,"column":6}},"403":{"start":{"line":404,"column":0},"end":{"line":404,"column":14}},"404":{"start":{"line":405,"column":0},"end":{"line":405,"column":42}},"405":{"start":{"line":406,"column":0},"end":{"line":406,"column":40}},"406":{"start":{"line":407,"column":0},"end":{"line":407,"column":6}},"407":{"start":{"line":408,"column":0},"end":{"line":408,"column":16}},"408":{"start":{"line":409,"column":0},"end":{"line":409,"column":39}},"409":{"start":{"line":410,"column":0},"end":{"line":410,"column":42}},"410":{"start":{"line":411,"column":0},"end":{"line":411,"column":6}},"411":{"start":{"line":412,"column":0},"end":{"line":412,"column":14}},"412":{"start":{"line":413,"column":0},"end":{"line":413,"column":42}},"413":{"start":{"line":414,"column":0},"end":{"line":414,"column":40}},"414":{"start":{"line":415,"column":0},"end":{"line":415,"column":6}},"415":{"start":{"line":416,"column":0},"end":{"line":416,"column":16}},"416":{"start":{"line":417,"column":0},"end":{"line":417,"column":40}},"417":{"start":{"line":418,"column":0},"end":{"line":418,"column":42}},"418":{"start":{"line":419,"column":0},"end":{"line":419,"column":6}},"419":{"start":{"line":420,"column":0},"end":{"line":420,"column":14}},"420":{"start":{"line":421,"column":0},"end":{"line":421,"column":42}},"421":{"start":{"line":422,"column":0},"end":{"line":422,"column":40}},"422":{"start":{"line":423,"column":0},"end":{"line":423,"column":6}},"423":{"start":{"line":424,"column":0},"end":{"line":424,"column":16}},"424":{"start":{"line":425,"column":0},"end":{"line":425,"column":39}},"425":{"start":{"line":426,"column":0},"end":{"line":426,"column":41}},"426":{"start":{"line":427,"column":0},"end":{"line":427,"column":6}},"427":{"start":{"line":428,"column":0},"end":{"line":428,"column":14}},"428":{"start":{"line":429,"column":0},"end":{"line":429,"column":42}},"429":{"start":{"line":430,"column":0},"end":{"line":430,"column":40}},"430":{"start":{"line":431,"column":0},"end":{"line":431,"column":6}},"431":{"start":{"line":432,"column":0},"end":{"line":432,"column":16}},"432":{"start":{"line":433,"column":0},"end":{"line":433,"column":37}},"433":{"start":{"line":434,"column":0},"end":{"line":434,"column":40}},"434":{"start":{"line":435,"column":0},"end":{"line":435,"column":6}},"435":{"start":{"line":436,"column":0},"end":{"line":436,"column":16}},"436":{"start":{"line":437,"column":0},"end":{"line":437,"column":44}},"437":{"start":{"line":438,"column":0},"end":{"line":438,"column":42}},"438":{"start":{"line":439,"column":0},"end":{"line":439,"column":6}},"439":{"start":{"line":440,"column":0},"end":{"line":440,"column":18}},"440":{"start":{"line":441,"column":0},"end":{"line":441,"column":37}},"441":{"start":{"line":442,"column":0},"end":{"line":442,"column":39}},"442":{"start":{"line":443,"column":0},"end":{"line":443,"column":6}},"443":{"start":{"line":444,"column":0},"end":{"line":444,"column":15}},"444":{"start":{"line":445,"column":0},"end":{"line":445,"column":43}},"445":{"start":{"line":446,"column":0},"end":{"line":446,"column":41}},"446":{"start":{"line":447,"column":0},"end":{"line":447,"column":6}},"447":{"start":{"line":448,"column":0},"end":{"line":448,"column":17}},"448":{"start":{"line":449,"column":0},"end":{"line":449,"column":41}},"449":{"start":{"line":450,"column":0},"end":{"line":450,"column":43}},"450":{"start":{"line":451,"column":0},"end":{"line":451,"column":6}},"451":{"start":{"line":452,"column":0},"end":{"line":452,"column":15}},"452":{"start":{"line":453,"column":0},"end":{"line":453,"column":43}},"453":{"start":{"line":454,"column":0},"end":{"line":454,"column":41}},"454":{"start":{"line":455,"column":0},"end":{"line":455,"column":6}},"455":{"start":{"line":456,"column":0},"end":{"line":456,"column":17}},"456":{"start":{"line":457,"column":0},"end":{"line":457,"column":36}},"457":{"start":{"line":458,"column":0},"end":{"line":458,"column":39}},"458":{"start":{"line":459,"column":0},"end":{"line":459,"column":6}},"459":{"start":{"line":460,"column":0},"end":{"line":460,"column":3}},"460":{"start":{"line":461,"column":0},"end":{"line":461,"column":11}},"470":{"start":{"line":471,"column":0},"end":{"line":471,"column":25}},"471":{"start":{"line":472,"column":0},"end":{"line":472,"column":11}},"473":{"start":{"line":474,"column":0},"end":{"line":474,"column":14}},"474":{"start":{"line":475,"column":0},"end":{"line":475,"column":93}},"475":{"start":{"line":476,"column":0},"end":{"line":476,"column":94}},"476":{"start":{"line":477,"column":0},"end":{"line":477,"column":125}},"477":{"start":{"line":478,"column":0},"end":{"line":478,"column":93}},"478":{"start":{"line":479,"column":0},"end":{"line":479,"column":6}},"481":{"start":{"line":482,"column":0},"end":{"line":482,"column":16}},"482":{"start":{"line":483,"column":0},"end":{"line":483,"column":96}},"483":{"start":{"line":484,"column":0},"end":{"line":484,"column":96}},"484":{"start":{"line":485,"column":0},"end":{"line":485,"column":92}},"485":{"start":{"line":486,"column":0},"end":{"line":486,"column":66}},"486":{"start":{"line":487,"column":0},"end":{"line":487,"column":6}},"489":{"start":{"line":490,"column":0},"end":{"line":490,"column":14}},"490":{"start":{"line":491,"column":0},"end":{"line":491,"column":95}},"491":{"start":{"line":492,"column":0},"end":{"line":492,"column":120}},"492":{"start":{"line":493,"column":0},"end":{"line":493,"column":92}},"493":{"start":{"line":494,"column":0},"end":{"line":494,"column":66}},"494":{"start":{"line":495,"column":0},"end":{"line":495,"column":6}},"497":{"start":{"line":498,"column":0},"end":{"line":498,"column":12}},"498":{"start":{"line":499,"column":0},"end":{"line":499,"column":99}},"499":{"start":{"line":500,"column":0},"end":{"line":500,"column":100}},"500":{"start":{"line":501,"column":0},"end":{"line":501,"column":92}},"501":{"start":{"line":502,"column":0},"end":{"line":502,"column":66}},"502":{"start":{"line":503,"column":0},"end":{"line":503,"column":6}},"505":{"start":{"line":506,"column":0},"end":{"line":506,"column":18}},"506":{"start":{"line":507,"column":0},"end":{"line":507,"column":90}},"507":{"start":{"line":508,"column":0},"end":{"line":508,"column":91}},"508":{"start":{"line":509,"column":0},"end":{"line":509,"column":91}},"509":{"start":{"line":510,"column":0},"end":{"line":510,"column":66}},"510":{"start":{"line":511,"column":0},"end":{"line":511,"column":6}},"513":{"start":{"line":514,"column":0},"end":{"line":514,"column":14}},"514":{"start":{"line":515,"column":0},"end":{"line":515,"column":96}},"515":{"start":{"line":516,"column":0},"end":{"line":516,"column":97}},"516":{"start":{"line":517,"column":0},"end":{"line":517,"column":93}},"517":{"start":{"line":518,"column":0},"end":{"line":518,"column":66}},"518":{"start":{"line":519,"column":0},"end":{"line":519,"column":6}},"521":{"start":{"line":522,"column":0},"end":{"line":522,"column":11}},"522":{"start":{"line":523,"column":0},"end":{"line":523,"column":140}},"523":{"start":{"line":524,"column":0},"end":{"line":524,"column":33}},"524":{"start":{"line":525,"column":0},"end":{"line":525,"column":92}},"525":{"start":{"line":526,"column":0},"end":{"line":526,"column":88}},"526":{"start":{"line":527,"column":0},"end":{"line":527,"column":6}},"529":{"start":{"line":530,"column":0},"end":{"line":530,"column":15}},"530":{"start":{"line":531,"column":0},"end":{"line":531,"column":158}},"531":{"start":{"line":532,"column":0},"end":{"line":532,"column":133}},"532":{"start":{"line":533,"column":0},"end":{"line":533,"column":136}},"533":{"start":{"line":534,"column":0},"end":{"line":534,"column":6}},"534":{"start":{"line":535,"column":0},"end":{"line":535,"column":4}},"536":{"start":{"line":537,"column":0},"end":{"line":537,"column":9}},"538":{"start":{"line":539,"column":0},"end":{"line":539,"column":14}},"539":{"start":{"line":540,"column":0},"end":{"line":540,"column":39}},"540":{"start":{"line":541,"column":0},"end":{"line":541,"column":52}},"541":{"start":{"line":542,"column":0},"end":{"line":542,"column":62}},"542":{"start":{"line":543,"column":0},"end":{"line":543,"column":6}},"545":{"start":{"line":546,"column":0},"end":{"line":546,"column":15}},"546":{"start":{"line":547,"column":0},"end":{"line":547,"column":49}},"547":{"start":{"line":548,"column":0},"end":{"line":548,"column":52}},"548":{"start":{"line":549,"column":0},"end":{"line":549,"column":62}},"549":{"start":{"line":550,"column":0},"end":{"line":550,"column":6}},"552":{"start":{"line":553,"column":0},"end":{"line":553,"column":18}},"553":{"start":{"line":554,"column":0},"end":{"line":554,"column":54}},"554":{"start":{"line":555,"column":0},"end":{"line":555,"column":52}},"555":{"start":{"line":556,"column":0},"end":{"line":556,"column":99}},"556":{"start":{"line":557,"column":0},"end":{"line":557,"column":68}},"557":{"start":{"line":558,"column":0},"end":{"line":558,"column":6}},"560":{"start":{"line":561,"column":0},"end":{"line":561,"column":14}},"561":{"start":{"line":562,"column":0},"end":{"line":562,"column":43}},"562":{"start":{"line":563,"column":0},"end":{"line":563,"column":57}},"563":{"start":{"line":564,"column":0},"end":{"line":564,"column":49}},"564":{"start":{"line":565,"column":0},"end":{"line":565,"column":6}},"567":{"start":{"line":568,"column":0},"end":{"line":568,"column":14}},"568":{"start":{"line":569,"column":0},"end":{"line":569,"column":43}},"569":{"start":{"line":570,"column":0},"end":{"line":570,"column":57}},"570":{"start":{"line":571,"column":0},"end":{"line":571,"column":49}},"571":{"start":{"line":572,"column":0},"end":{"line":572,"column":6}},"574":{"start":{"line":575,"column":0},"end":{"line":575,"column":12}},"575":{"start":{"line":576,"column":0},"end":{"line":576,"column":39}},"576":{"start":{"line":577,"column":0},"end":{"line":577,"column":53}},"577":{"start":{"line":578,"column":0},"end":{"line":578,"column":45}},"578":{"start":{"line":579,"column":0},"end":{"line":579,"column":6}},"579":{"start":{"line":580,"column":0},"end":{"line":580,"column":4}},"581":{"start":{"line":582,"column":0},"end":{"line":582,"column":10}},"583":{"start":{"line":584,"column":0},"end":{"line":584,"column":14}},"584":{"start":{"line":585,"column":0},"end":{"line":585,"column":40}},"585":{"start":{"line":586,"column":0},"end":{"line":586,"column":50}},"586":{"start":{"line":587,"column":0},"end":{"line":587,"column":6}},"589":{"start":{"line":590,"column":0},"end":{"line":590,"column":14}},"590":{"start":{"line":591,"column":0},"end":{"line":591,"column":40}},"591":{"start":{"line":592,"column":0},"end":{"line":592,"column":53}},"592":{"start":{"line":593,"column":0},"end":{"line":593,"column":6}},"595":{"start":{"line":596,"column":0},"end":{"line":596,"column":14}},"596":{"start":{"line":597,"column":0},"end":{"line":597,"column":42}},"597":{"start":{"line":598,"column":0},"end":{"line":598,"column":55}},"598":{"start":{"line":599,"column":0},"end":{"line":599,"column":6}},"601":{"start":{"line":602,"column":0},"end":{"line":602,"column":14}},"602":{"start":{"line":603,"column":0},"end":{"line":603,"column":42}},"603":{"start":{"line":604,"column":0},"end":{"line":604,"column":55}},"604":{"start":{"line":605,"column":0},"end":{"line":605,"column":6}},"607":{"start":{"line":608,"column":0},"end":{"line":608,"column":12}},"608":{"start":{"line":609,"column":0},"end":{"line":609,"column":38}},"609":{"start":{"line":610,"column":0},"end":{"line":610,"column":51}},"610":{"start":{"line":611,"column":0},"end":{"line":611,"column":6}},"613":{"start":{"line":614,"column":0},"end":{"line":614,"column":15}},"614":{"start":{"line":615,"column":0},"end":{"line":615,"column":40}},"615":{"start":{"line":616,"column":0},"end":{"line":616,"column":53}},"616":{"start":{"line":617,"column":0},"end":{"line":617,"column":6}},"618":{"start":{"line":619,"column":0},"end":{"line":619,"column":13}},"619":{"start":{"line":620,"column":0},"end":{"line":620,"column":44}},"620":{"start":{"line":621,"column":0},"end":{"line":621,"column":57}},"621":{"start":{"line":622,"column":0},"end":{"line":622,"column":6}},"623":{"start":{"line":624,"column":0},"end":{"line":624,"column":14}},"624":{"start":{"line":625,"column":0},"end":{"line":625,"column":43}},"625":{"start":{"line":626,"column":0},"end":{"line":626,"column":57}},"626":{"start":{"line":627,"column":0},"end":{"line":627,"column":6}},"628":{"start":{"line":629,"column":0},"end":{"line":629,"column":14}},"629":{"start":{"line":630,"column":0},"end":{"line":630,"column":44}},"630":{"start":{"line":631,"column":0},"end":{"line":631,"column":57}},"631":{"start":{"line":632,"column":0},"end":{"line":632,"column":6}},"633":{"start":{"line":634,"column":0},"end":{"line":634,"column":14}},"634":{"start":{"line":635,"column":0},"end":{"line":635,"column":42}},"635":{"start":{"line":636,"column":0},"end":{"line":636,"column":55}},"636":{"start":{"line":637,"column":0},"end":{"line":637,"column":6}},"638":{"start":{"line":639,"column":0},"end":{"line":639,"column":14}},"639":{"start":{"line":640,"column":0},"end":{"line":640,"column":39}},"640":{"start":{"line":641,"column":0},"end":{"line":641,"column":53}},"641":{"start":{"line":642,"column":0},"end":{"line":642,"column":6}},"643":{"start":{"line":644,"column":0},"end":{"line":644,"column":16}},"644":{"start":{"line":645,"column":0},"end":{"line":645,"column":38}},"645":{"start":{"line":646,"column":0},"end":{"line":646,"column":51}},"646":{"start":{"line":647,"column":0},"end":{"line":647,"column":6}},"648":{"start":{"line":649,"column":0},"end":{"line":649,"column":15}},"649":{"start":{"line":650,"column":0},"end":{"line":650,"column":40}},"650":{"start":{"line":651,"column":0},"end":{"line":651,"column":53}},"651":{"start":{"line":652,"column":0},"end":{"line":652,"column":6}},"653":{"start":{"line":654,"column":0},"end":{"line":654,"column":15}},"654":{"start":{"line":655,"column":0},"end":{"line":655,"column":37}},"655":{"start":{"line":656,"column":0},"end":{"line":656,"column":51}},"656":{"start":{"line":657,"column":0},"end":{"line":657,"column":6}},"657":{"start":{"line":658,"column":0},"end":{"line":658,"column":4}},"659":{"start":{"line":660,"column":0},"end":{"line":660,"column":10}},"661":{"start":{"line":662,"column":0},"end":{"line":662,"column":14}},"662":{"start":{"line":663,"column":0},"end":{"line":663,"column":79}},"663":{"start":{"line":664,"column":0},"end":{"line":664,"column":102}},"664":{"start":{"line":665,"column":0},"end":{"line":665,"column":122}},"665":{"start":{"line":666,"column":0},"end":{"line":666,"column":90}},"666":{"start":{"line":667,"column":0},"end":{"line":667,"column":6}},"669":{"start":{"line":670,"column":0},"end":{"line":670,"column":13}},"670":{"start":{"line":671,"column":0},"end":{"line":671,"column":81}},"671":{"start":{"line":672,"column":0},"end":{"line":672,"column":102}},"672":{"start":{"line":673,"column":0},"end":{"line":673,"column":108}},"673":{"start":{"line":674,"column":0},"end":{"line":674,"column":6}},"674":{"start":{"line":675,"column":0},"end":{"line":675,"column":4}},"676":{"start":{"line":677,"column":0},"end":{"line":677,"column":10}},"678":{"start":{"line":679,"column":0},"end":{"line":679,"column":11}},"679":{"start":{"line":680,"column":0},"end":{"line":680,"column":55}},"680":{"start":{"line":681,"column":0},"end":{"line":681,"column":74}},"681":{"start":{"line":682,"column":0},"end":{"line":682,"column":47}},"682":{"start":{"line":683,"column":0},"end":{"line":683,"column":6}},"685":{"start":{"line":686,"column":0},"end":{"line":686,"column":14}},"686":{"start":{"line":687,"column":0},"end":{"line":687,"column":58}},"687":{"start":{"line":688,"column":0},"end":{"line":688,"column":77}},"688":{"start":{"line":689,"column":0},"end":{"line":689,"column":49}},"689":{"start":{"line":690,"column":0},"end":{"line":690,"column":6}},"692":{"start":{"line":693,"column":0},"end":{"line":693,"column":14}},"693":{"start":{"line":694,"column":0},"end":{"line":694,"column":58}},"694":{"start":{"line":695,"column":0},"end":{"line":695,"column":77}},"695":{"start":{"line":696,"column":0},"end":{"line":696,"column":49}},"696":{"start":{"line":697,"column":0},"end":{"line":697,"column":6}},"699":{"start":{"line":700,"column":0},"end":{"line":700,"column":12}},"700":{"start":{"line":701,"column":0},"end":{"line":701,"column":52}},"701":{"start":{"line":702,"column":0},"end":{"line":702,"column":71}},"702":{"start":{"line":703,"column":0},"end":{"line":703,"column":45}},"703":{"start":{"line":704,"column":0},"end":{"line":704,"column":6}},"704":{"start":{"line":705,"column":0},"end":{"line":705,"column":4}},"705":{"start":{"line":706,"column":0},"end":{"line":706,"column":11}},"715":{"start":{"line":716,"column":0},"end":{"line":716,"column":25}},"716":{"start":{"line":717,"column":0},"end":{"line":717,"column":42}},"717":{"start":{"line":718,"column":0},"end":{"line":718,"column":18}},"718":{"start":{"line":719,"column":0},"end":{"line":719,"column":67}},"719":{"start":{"line":720,"column":0},"end":{"line":720,"column":14}},"720":{"start":{"line":721,"column":0},"end":{"line":721,"column":82}},"721":{"start":{"line":722,"column":0},"end":{"line":722,"column":51}},"723":{"start":{"line":724,"column":0},"end":{"line":724,"column":23}},"724":{"start":{"line":725,"column":0},"end":{"line":725,"column":86}},"725":{"start":{"line":726,"column":0},"end":{"line":726,"column":14}},"726":{"start":{"line":727,"column":0},"end":{"line":727,"column":3}},"728":{"start":{"line":729,"column":0},"end":{"line":729,"column":19}},"729":{"start":{"line":730,"column":0},"end":{"line":730,"column":32}},"730":{"start":{"line":731,"column":0},"end":{"line":731,"column":32}},"731":{"start":{"line":732,"column":0},"end":{"line":732,"column":73}},"732":{"start":{"line":733,"column":0},"end":{"line":733,"column":4}},"734":{"start":{"line":735,"column":0},"end":{"line":735,"column":27}},"735":{"start":{"line":736,"column":0},"end":{"line":736,"column":2}},"740":{"start":{"line":741,"column":0},"end":{"line":741,"column":25}},"741":{"start":{"line":742,"column":0},"end":{"line":742,"column":21}},"742":{"start":{"line":743,"column":0},"end":{"line":743,"column":15}},"743":{"start":{"line":744,"column":0},"end":{"line":744,"column":18}},"744":{"start":{"line":745,"column":0},"end":{"line":745,"column":12}},"749":{"start":{"line":750,"column":0},"end":{"line":750,"column":14}},"750":{"start":{"line":751,"column":0},"end":{"line":751,"column":55}},"752":{"start":{"line":753,"column":0},"end":{"line":753,"column":47}},"754":{"start":{"line":755,"column":0},"end":{"line":755,"column":22}},"755":{"start":{"line":756,"column":0},"end":{"line":756,"column":85}},"756":{"start":{"line":757,"column":0},"end":{"line":757,"column":75}},"757":{"start":{"line":758,"column":0},"end":{"line":758,"column":81}},"758":{"start":{"line":759,"column":0},"end":{"line":759,"column":3}},"760":{"start":{"line":761,"column":0},"end":{"line":761,"column":28}},"761":{"start":{"line":762,"column":0},"end":{"line":762,"column":65}},"762":{"start":{"line":763,"column":0},"end":{"line":763,"column":3}},"764":{"start":{"line":765,"column":0},"end":{"line":765,"column":21}},"765":{"start":{"line":766,"column":0},"end":{"line":766,"column":82}},"766":{"start":{"line":767,"column":0},"end":{"line":767,"column":72}},"767":{"start":{"line":768,"column":0},"end":{"line":768,"column":78}},"768":{"start":{"line":769,"column":0},"end":{"line":769,"column":3}},"770":{"start":{"line":771,"column":0},"end":{"line":771,"column":27}},"771":{"start":{"line":772,"column":0},"end":{"line":772,"column":2}},"780":{"start":{"line":781,"column":0},"end":{"line":781,"column":16}},"782":{"start":{"line":783,"column":0},"end":{"line":783,"column":17}},"785":{"start":{"line":786,"column":0},"end":{"line":786,"column":27}},"788":{"start":{"line":789,"column":0},"end":{"line":789,"column":29}},"791":{"start":{"line":792,"column":0},"end":{"line":792,"column":10}},"792":{"start":{"line":793,"column":0},"end":{"line":793,"column":20}},"793":{"start":{"line":794,"column":0},"end":{"line":794,"column":20}},"794":{"start":{"line":795,"column":0},"end":{"line":795,"column":4}},"795":{"start":{"line":796,"column":0},"end":{"line":796,"column":11}},"798":{"start":{"line":799,"column":0},"end":{"line":799,"column":22}}},"s":{"22":1,"24":1,"25":1,"26":1,"27":1,"28":1,"29":1,"30":1,"31":1,"32":1,"33":1,"34":1,"35":1,"36":1,"39":1,"40":1,"41":1,"42":1,"43":1,"44":1,"45":1,"46":1,"47":1,"48":1,"49":1,"50":1,"51":1,"54":1,"55":1,"56":1,"57":1,"58":1,"59":1,"60":1,"61":1,"62":1,"63":1,"64":1,"65":1,"66":1,"67":1,"70":1,"71":1,"72":1,"73":1,"74":1,"75":1,"76":1,"77":1,"78":1,"79":1,"80":1,"81":1,"82":1,"84":1,"85":1,"86":1,"87":1,"88":1,"89":1,"90":1,"91":1,"92":1,"93":1,"94":1,"95":1,"96":1,"98":1,"99":1,"100":1,"101":1,"102":1,"103":1,"104":1,"105":1,"106":1,"107":1,"108":1,"109":1,"110":1,"112":1,"113":1,"114":1,"115":1,"116":1,"117":1,"118":1,"119":1,"120":1,"121":1,"122":1,"123":1,"124":1,"127":1,"128":1,"129":1,"130":1,"131":1,"132":1,"133":1,"134":1,"135":1,"136":1,"137":1,"138":1,"139":1,"140":1,"141":1,"142":1,"143":1,"144":1,"145":1,"146":1,"147":1,"148":1,"149":1,"150":1,"151":1,"152":1,"153":1,"154":1,"155":1,"156":1,"157":1,"158":1,"159":1,"160":1,"161":1,"162":1,"163":1,"164":1,"165":1,"166":1,"167":1,"168":1,"169":1,"170":1,"171":1,"172":1,"173":1,"174":1,"175":1,"176":1,"177":1,"178":1,"179":1,"180":1,"181":1,"182":1,"183":1,"184":1,"185":1,"186":1,"187":1,"188":1,"189":1,"190":1,"191":1,"192":1,"193":1,"194":1,"204":1,"206":1,"207":1,"208":1,"209":1,"210":1,"211":1,"212":1,"213":1,"214":1,"215":1,"216":1,"217":1,"218":1,"219":1,"220":1,"221":1,"222":1,"223":1,"224":1,"225":1,"226":1,"227":1,"228":1,"229":1,"230":1,"231":1,"232":1,"233":1,"234":1,"235":1,"238":1,"239":1,"240":1,"241":1,"242":1,"243":1,"244":1,"245":1,"246":1,"247":1,"248":1,"249":1,"250":1,"251":1,"252":1,"253":1,"254":1,"255":1,"256":1,"257":1,"258":1,"259":1,"260":1,"261":1,"262":1,"263":1,"266":1,"267":1,"268":1,"269":1,"270":1,"271":1,"272":1,"273":1,"274":1,"275":1,"276":1,"277":1,"278":1,"279":1,"280":1,"281":1,"282":1,"283":1,"286":1,"287":1,"288":1,"289":1,"290":1,"291":1,"292":1,"293":1,"294":1,"295":1,"296":1,"297":1,"298":1,"299":1,"300":1,"301":1,"302":1,"303":1,"306":1,"307":1,"308":1,"309":1,"310":1,"311":1,"312":1,"313":1,"314":1,"315":1,"316":1,"317":1,"318":1,"320":1,"321":1,"322":1,"323":1,"324":1,"325":1,"326":1,"327":1,"328":1,"329":1,"330":1,"331":1,"333":1,"334":1,"335":1,"336":1,"337":1,"338":1,"339":1,"340":1,"341":1,"342":1,"343":1,"344":1,"346":1,"347":1,"348":1,"349":1,"350":1,"351":1,"352":1,"353":1,"354":1,"355":1,"356":1,"357":1,"359":1,"360":1,"361":1,"362":1,"363":1,"366":1,"367":1,"368":1,"369":1,"370":1,"371":1,"372":1,"373":1,"374":1,"375":1,"376":1,"377":1,"378":1,"379":1,"380":1,"381":1,"382":1,"383":1,"386":1,"387":1,"388":1,"389":1,"390":1,"391":1,"392":1,"393":1,"394":1,"395":1,"396":1,"397":1,"398":1,"399":1,"400":1,"401":1,"402":1,"403":1,"404":1,"405":1,"406":1,"407":1,"408":1,"409":1,"410":1,"411":1,"412":1,"413":1,"414":1,"415":1,"416":1,"417":1,"418":1,"419":1,"420":1,"421":1,"422":1,"423":1,"424":1,"425":1,"426":1,"427":1,"428":1,"429":1,"430":1,"431":1,"432":1,"433":1,"434":1,"435":1,"436":1,"437":1,"438":1,"439":1,"440":1,"441":1,"442":1,"443":1,"444":1,"445":1,"446":1,"447":1,"448":1,"449":1,"450":1,"451":1,"452":1,"453":1,"454":1,"455":1,"456":1,"457":1,"458":1,"459":1,"460":1,"470":1,"471":1,"473":1,"474":1,"475":1,"476":1,"477":1,"478":1,"481":1,"482":1,"483":1,"484":1,"485":1,"486":1,"489":1,"490":1,"491":1,"492":1,"493":1,"494":1,"497":1,"498":1,"499":1,"500":1,"501":1,"502":1,"505":1,"506":1,"507":1,"508":1,"509":1,"510":1,"513":1,"514":1,"515":1,"516":1,"517":1,"518":1,"521":1,"522":1,"523":1,"524":1,"525":1,"526":1,"529":1,"530":1,"531":1,"532":1,"533":1,"534":1,"536":1,"538":1,"539":1,"540":1,"541":1,"542":1,"545":1,"546":1,"547":1,"548":1,"549":1,"552":1,"553":1,"554":1,"555":1,"556":1,"557":1,"560":1,"561":1,"562":1,"563":1,"564":1,"567":1,"568":1,"569":1,"570":1,"571":1,"574":1,"575":1,"576":1,"577":1,"578":1,"579":1,"581":1,"583":1,"584":1,"585":1,"586":1,"589":1,"590":1,"591":1,"592":1,"595":1,"596":1,"597":1,"598":1,"601":1,"602":1,"603":1,"604":1,"607":1,"608":1,"609":1,"610":1,"613":1,"614":1,"615":1,"616":1,"618":1,"619":1,"620":1,"621":1,"623":1,"624":1,"625":1,"626":1,"628":1,"629":1,"630":1,"631":1,"633":1,"634":1,"635":1,"636":1,"638":1,"639":1,"640":1,"641":1,"643":1,"644":1,"645":1,"646":1,"648":1,"649":1,"650":1,"651":1,"653":1,"654":1,"655":1,"656":1,"657":1,"659":1,"661":1,"662":1,"663":1,"664":1,"665":1,"666":1,"669":1,"670":1,"671":1,"672":1,"673":1,"674":1,"676":1,"678":1,"679":1,"680":1,"681":1,"682":1,"685":1,"686":1,"687":1,"688":1,"689":1,"692":1,"693":1,"694":1,"695":1,"696":1,"699":1,"700":1,"701":1,"702":1,"703":1,"704":1,"705":1,"715":1,"716":7,"717":7,"718":7,"719":7,"720":7,"721":7,"723":7,"724":2,"725":2,"726":2,"728":4,"729":4,"730":4,"731":4,"732":4,"734":4,"735":4,"740":1,"741":10,"742":10,"743":10,"744":10,"749":10,"750":10,"752":10,"754":10,"755":3,"756":3,"757":3,"758":3,"760":10,"761":3,"762":3,"764":10,"765":3,"766":3,"767":3,"768":3,"770":10,"771":10,"780":1,"782":1,"785":1,"788":1,"791":1,"792":1,"793":1,"794":1,"795":1,"798":1},"branchMap":{"0":{"type":"branch","line":716,"loc":{"start":{"line":716,"column":24},"end":{"line":736,"column":2}},"locations":[{"start":{"line":716,"column":24},"end":{"line":736,"column":2}}]},"1":{"type":"branch","line":724,"loc":{"start":{"line":724,"column":22},"end":{"line":727,"column":3}},"locations":[{"start":{"line":724,"column":22},"end":{"line":727,"column":3}}]},"2":{"type":"branch","line":727,"loc":{"start":{"line":727,"column":2},"end":{"line":736,"column":2}},"locations":[{"start":{"line":727,"column":2},"end":{"line":736,"column":2}}]},"3":{"type":"branch","line":732,"loc":{"start":{"line":732,"column":18},"end":{"line":732,"column":56}},"locations":[{"start":{"line":732,"column":18},"end":{"line":732,"column":56}}]},"4":{"type":"branch","line":741,"loc":{"start":{"line":741,"column":24},"end":{"line":772,"column":2}},"locations":[{"start":{"line":741,"column":24},"end":{"line":772,"column":2}}]},"5":{"type":"branch","line":753,"loc":{"start":{"line":753,"column":14},"end":{"line":753,"column":47}},"locations":[{"start":{"line":753,"column":14},"end":{"line":753,"column":47}}]},"6":{"type":"branch","line":755,"loc":{"start":{"line":755,"column":6},"end":{"line":755,"column":21}},"locations":[{"start":{"line":755,"column":6},"end":{"line":755,"column":21}}]},"7":{"type":"branch","line":755,"loc":{"start":{"line":755,"column":21},"end":{"line":759,"column":3}},"locations":[{"start":{"line":755,"column":21},"end":{"line":759,"column":3}}]},"8":{"type":"branch","line":757,"loc":{"start":{"line":757,"column":27},"end":{"line":757,"column":75}},"locations":[{"start":{"line":757,"column":27},"end":{"line":757,"column":75}}]},"9":{"type":"branch","line":758,"loc":{"start":{"line":758,"column":29},"end":{"line":758,"column":81}},"locations":[{"start":{"line":758,"column":29},"end":{"line":758,"column":81}}]},"10":{"type":"branch","line":761,"loc":{"start":{"line":761,"column":6},"end":{"line":761,"column":21}},"locations":[{"start":{"line":761,"column":6},"end":{"line":761,"column":21}}]},"11":{"type":"branch","line":761,"loc":{"start":{"line":761,"column":14},"end":{"line":761,"column":27}},"locations":[{"start":{"line":761,"column":14},"end":{"line":761,"column":27}}]},"12":{"type":"branch","line":761,"loc":{"start":{"line":761,"column":27},"end":{"line":763,"column":3}},"locations":[{"start":{"line":761,"column":27},"end":{"line":763,"column":3}}]},"13":{"type":"branch","line":765,"loc":{"start":{"line":765,"column":6},"end":{"line":765,"column":20}},"locations":[{"start":{"line":765,"column":6},"end":{"line":765,"column":20}}]},"14":{"type":"branch","line":765,"loc":{"start":{"line":765,"column":20},"end":{"line":769,"column":3}},"locations":[{"start":{"line":765,"column":20},"end":{"line":769,"column":3}}]},"15":{"type":"branch","line":767,"loc":{"start":{"line":767,"column":26},"end":{"line":767,"column":72}},"locations":[{"start":{"line":767,"column":26},"end":{"line":767,"column":72}}]},"16":{"type":"branch","line":768,"loc":{"start":{"line":768,"column":28},"end":{"line":768,"column":78}},"locations":[{"start":{"line":768,"column":28},"end":{"line":768,"column":78}}]}},"b":{"0":[7],"1":[2],"2":[4],"3":[8],"4":[10],"5":[3],"6":[7],"7":[3],"8":[2],"9":[1],"10":[7],"11":[3],"12":[3],"13":[7],"14":[3],"15":[2],"16":[2]},"fnMap":{"0":{"name":"getColorClasses","decl":{"start":{"line":716,"column":24},"end":{"line":736,"column":2}},"loc":{"start":{"line":716,"column":24},"end":{"line":736,"column":2}},"line":716},"1":{"name":"buildColorClass","decl":{"start":{"line":741,"column":24},"end":{"line":772,"column":2}},"loc":{"start":{"line":741,"column":24},"end":{"line":772,"column":2}},"line":741}},"f":{"0":7,"1":10}}
,"/Users/qianghuang/design_system/src/index.ts": {"path":"/Users/qianghuang/design_system/src/index.ts","all":false,"statementMap":{"7":{"start":{"line":8,"column":0},"end":{"line":8,"column":34}},"8":{"start":{"line":9,"column":0},"end":{"line":9,"column":40}},"9":{"start":{"line":10,"column":0},"end":{"line":10,"column":44}},"10":{"start":{"line":11,"column":0},"end":{"line":11,"column":38}},"13":{"start":{"line":14,"column":0},"end":{"line":14,"column":44}},"14":{"start":{"line":15,"column":0},"end":{"line":15,"column":50}},"15":{"start":{"line":16,"column":0},"end":{"line":16,"column":58}},"16":{"start":{"line":17,"column":0},"end":{"line":17,"column":50}},"22":{"start":{"line":23,"column":0},"end":{"line":23,"column":12}},"24":{"start":{"line":25,"column":0},"end":{"line":25,"column":11}},"25":{"start":{"line":26,"column":0},"end":{"line":26,"column":56}},"26":{"start":{"line":27,"column":0},"end":{"line":27,"column":61}},"27":{"start":{"line":28,"column":0},"end":{"line":28,"column":62}},"28":{"start":{"line":29,"column":0},"end":{"line":29,"column":38}},"29":{"start":{"line":30,"column":0},"end":{"line":30,"column":42}},"30":{"start":{"line":31,"column":0},"end":{"line":31,"column":46}},"31":{"start":{"line":32,"column":0},"end":{"line":32,"column":51}},"32":{"start":{"line":33,"column":0},"end":{"line":33,"column":29}},"33":{"start":{"line":34,"column":0},"end":{"line":34,"column":35}},"34":{"start":{"line":35,"column":0},"end":{"line":35,"column":52}},"35":{"start":{"line":36,"column":0},"end":{"line":36,"column":67}},"36":{"start":{"line":37,"column":0},"end":{"line":37,"column":4}},"39":{"start":{"line":40,"column":0},"end":{"line":40,"column":15}},"40":{"start":{"line":41,"column":0},"end":{"line":41,"column":41}},"41":{"start":{"line":42,"column":0},"end":{"line":42,"column":42}},"42":{"start":{"line":43,"column":0},"end":{"line":43,"column":42}},"43":{"start":{"line":44,"column":0},"end":{"line":44,"column":44}},"44":{"start":{"line":45,"column":0},"end":{"line":45,"column":4}},"47":{"start":{"line":48,"column":0},"end":{"line":48,"column":11}},"48":{"start":{"line":49,"column":0},"end":{"line":49,"column":52}},"49":{"start":{"line":50,"column":0},"end":{"line":50,"column":51}},"50":{"start":{"line":51,"column":0},"end":{"line":51,"column":25}},"51":{"start":{"line":52,"column":0},"end":{"line":52,"column":27}},"52":{"start":{"line":53,"column":0},"end":{"line":53,"column":27}},"53":{"start":{"line":54,"column":0},"end":{"line":54,"column":31}},"54":{"start":{"line":55,"column":0},"end":{"line":55,"column":4}},"57":{"start":{"line":58,"column":0},"end":{"line":58,"column":11}},"58":{"start":{"line":59,"column":0},"end":{"line":59,"column":20}},"59":{"start":{"line":60,"column":0},"end":{"line":60,"column":20}},"60":{"start":{"line":61,"column":0},"end":{"line":61,"column":20}},"61":{"start":{"line":62,"column":0},"end":{"line":62,"column":20}},"62":{"start":{"line":63,"column":0},"end":{"line":63,"column":4}},"65":{"start":{"line":66,"column":0},"end":{"line":66,"column":12}},"66":{"start":{"line":67,"column":0},"end":{"line":67,"column":11}},"67":{"start":{"line":68,"column":0},"end":{"line":68,"column":16}},"68":{"start":{"line":69,"column":0},"end":{"line":69,"column":16}},"69":{"start":{"line":70,"column":0},"end":{"line":70,"column":16}},"70":{"start":{"line":71,"column":0},"end":{"line":71,"column":6}},"71":{"start":{"line":72,"column":0},"end":{"line":72,"column":14}},"72":{"start":{"line":73,"column":0},"end":{"line":73,"column":22}},"73":{"start":{"line":74,"column":0},"end":{"line":74,"column":22}},"74":{"start":{"line":75,"column":0},"end":{"line":75,"column":23}},"75":{"start":{"line":76,"column":0},"end":{"line":76,"column":6}},"76":{"start":{"line":77,"column":0},"end":{"line":77,"column":4}},"79":{"start":{"line":80,"column":0},"end":{"line":80,"column":9}},"81":{"start":{"line":82,"column":0},"end":{"line":82,"column":112}},"82":{"start":{"line":83,"column":0},"end":{"line":83,"column":112}},"83":{"start":{"line":84,"column":0},"end":{"line":84,"column":103}},"84":{"start":{"line":85,"column":0},"end":{"line":85,"column":102}},"85":{"start":{"line":86,"column":0},"end":{"line":86,"column":104}},"86":{"start":{"line":87,"column":0},"end":{"line":87,"column":93}},"89":{"start":{"line":90,"column":0},"end":{"line":90,"column":145}},"90":{"start":{"line":91,"column":0},"end":{"line":91,"column":126}},"93":{"start":{"line":94,"column":0},"end":{"line":94,"column":83}},"94":{"start":{"line":95,"column":0},"end":{"line":95,"column":86}},"95":{"start":{"line":96,"column":0},"end":{"line":96,"column":86}},"98":{"start":{"line":99,"column":0},"end":{"line":99,"column":81}},"99":{"start":{"line":100,"column":0},"end":{"line":100,"column":87}},"102":{"start":{"line":103,"column":0},"end":{"line":103,"column":83}},"103":{"start":{"line":104,"column":0},"end":{"line":104,"column":66}},"104":{"start":{"line":105,"column":0},"end":{"line":105,"column":67}},"107":{"start":{"line":108,"column":0},"end":{"line":108,"column":195}},"108":{"start":{"line":109,"column":0},"end":{"line":109,"column":178}},"109":{"start":{"line":110,"column":0},"end":{"line":110,"column":201}},"112":{"start":{"line":113,"column":0},"end":{"line":113,"column":126}},"113":{"start":{"line":114,"column":0},"end":{"line":114,"column":156}},"116":{"start":{"line":117,"column":0},"end":{"line":117,"column":62}},"117":{"start":{"line":118,"column":0},"end":{"line":118,"column":62}},"118":{"start":{"line":119,"column":0},"end":{"line":119,"column":56}},"119":{"start":{"line":120,"column":0},"end":{"line":120,"column":57}},"122":{"start":{"line":123,"column":0},"end":{"line":123,"column":61}},"123":{"start":{"line":124,"column":0},"end":{"line":124,"column":61}},"124":{"start":{"line":125,"column":0},"end":{"line":125,"column":46}},"127":{"start":{"line":128,"column":0},"end":{"line":128,"column":97}},"128":{"start":{"line":129,"column":0},"end":{"line":129,"column":4}},"131":{"start":{"line":132,"column":0},"end":{"line":132,"column":15}},"132":{"start":{"line":133,"column":0},"end":{"line":133,"column":46}},"133":{"start":{"line":134,"column":0},"end":{"line":134,"column":39}},"134":{"start":{"line":135,"column":0},"end":{"line":135,"column":40}},"135":{"start":{"line":136,"column":0},"end":{"line":136,"column":40}},"136":{"start":{"line":137,"column":0},"end":{"line":137,"column":51}},"137":{"start":{"line":138,"column":0},"end":{"line":138,"column":4}},"140":{"start":{"line":141,"column":0},"end":{"line":141,"column":11}},"141":{"start":{"line":142,"column":0},"end":{"line":142,"column":62}},"142":{"start":{"line":143,"column":0},"end":{"line":143,"column":85}},"143":{"start":{"line":144,"column":0},"end":{"line":144,"column":93}},"144":{"start":{"line":145,"column":0},"end":{"line":145,"column":29}},"145":{"start":{"line":146,"column":0},"end":{"line":146,"column":4}},"148":{"start":{"line":149,"column":0},"end":{"line":149,"column":9}},"149":{"start":{"line":150,"column":0},"end":{"line":150,"column":227}},"150":{"start":{"line":151,"column":0},"end":{"line":151,"column":71}},"151":{"start":{"line":152,"column":0},"end":{"line":152,"column":146}},"152":{"start":{"line":153,"column":0},"end":{"line":153,"column":155}},"153":{"start":{"line":154,"column":0},"end":{"line":154,"column":70}},"154":{"start":{"line":155,"column":0},"end":{"line":155,"column":4}},"155":{"start":{"line":156,"column":0},"end":{"line":156,"column":11}},"161":{"start":{"line":162,"column":0},"end":{"line":162,"column":25}},"162":{"start":{"line":163,"column":0},"end":{"line":163,"column":25}},"163":{"start":{"line":164,"column":0},"end":{"line":164,"column":29}},"164":{"start":{"line":165,"column":0},"end":{"line":165,"column":27}},"168":{"start":{"line":169,"column":0},"end":{"line":169,"column":34}},"169":{"start":{"line":170,"column":0},"end":{"line":170,"column":40}},"170":{"start":{"line":171,"column":0},"end":{"line":171,"column":44}},"171":{"start":{"line":172,"column":0},"end":{"line":172,"column":38}},"173":{"start":{"line":174,"column":0},"end":{"line":174,"column":16}},"174":{"start":{"line":175,"column":0},"end":{"line":175,"column":9}},"175":{"start":{"line":176,"column":0},"end":{"line":176,"column":23}},"176":{"start":{"line":177,"column":0},"end":{"line":177,"column":27}},"177":{"start":{"line":178,"column":0},"end":{"line":178,"column":11}},"178":{"start":{"line":179,"column":0},"end":{"line":179,"column":2}}},"s":{"7":1,"8":1,"9":1,"10":1,"13":1,"14":1,"15":1,"16":1,"22":1,"24":1,"25":1,"26":1,"27":1,"28":1,"29":1,"30":1,"31":1,"32":1,"33":1,"34":1,"35":1,"36":1,"39":1,"40":1,"41":1,"42":1,"43":1,"44":1,"47":1,"48":1,"49":1,"50":1,"51":1,"52":1,"53":1,"54":1,"57":1,"58":1,"59":1,"60":1,"61":1,"62":1,"65":1,"66":1,"67":1,"68":1,"69":1,"70":1,"71":1,"72":1,"73":1,"74":1,"75":1,"76":1,"79":1,"81":1,"82":1,"83":1,"84":1,"85":1,"86":1,"89":1,"90":1,"93":1,"94":1,"95":1,"98":1,"99":1,"102":1,"103":1,"104":1,"107":1,"108":1,"109":1,"112":1,"113":1,"116":1,"117":1,"118":1,"119":1,"122":1,"123":1,"124":1,"127":1,"128":1,"131":1,"132":1,"133":1,"134":1,"135":1,"136":1,"137":1,"140":1,"141":1,"142":1,"143":1,"144":1,"145":1,"148":1,"149":1,"150":1,"151":1,"152":1,"153":1,"154":1,"155":1,"161":1,"162":1,"163":1,"164":1,"168":1,"169":1,"170":1,"171":1,"173":1,"174":1,"175":1,"176":1,"177":1,"178":1},"branchMap":{"0":{"type":"branch","line":151,"loc":{"start":{"line":151,"column":16},"end":{"line":153,"column":155}},"locations":[{"start":{"line":151,"column":16},"end":{"line":153,"column":155}}]},"1":{"type":"branch","line":151,"loc":{"start":{"line":151,"column":60},"end":{"line":152,"column":146}},"locations":[{"start":{"line":151,"column":60},"end":{"line":152,"column":146}}]},"2":{"type":"branch","line":152,"loc":{"start":{"line":152,"column":8},"end":{"line":153,"column":155}},"locations":[{"start":{"line":152,"column":8},"end":{"line":153,"column":155}}]}},"b":{"0":[2],"1":[1],"2":[1]},"fnMap":{"0":{"name":"chainBadge","decl":{"start":{"line":151,"column":16},"end":{"line":153,"column":155}},"loc":{"start":{"line":151,"column":16},"end":{"line":153,"column":155}},"line":151}},"f":{"0":2}}
,"/Users/qianghuang/design_system/src/tokens.ts": {"path":"/Users/qianghuang/design_system/src/tokens.ts","all":false,"statementMap":{"7":{"start":{"line":8,"column":0},"end":{"line":8,"column":22}},"9":{"start":{"line":10,"column":0},"end":{"line":10,"column":12}},"10":{"start":{"line":11,"column":0},"end":{"line":11,"column":26}},"11":{"start":{"line":12,"column":0},"end":{"line":12,"column":26}},"12":{"start":{"line":13,"column":0},"end":{"line":13,"column":27}},"13":{"start":{"line":14,"column":0},"end":{"line":14,"column":27}},"14":{"start":{"line":15,"column":0},"end":{"line":15,"column":27}},"15":{"start":{"line":16,"column":0},"end":{"line":16,"column":27}},"16":{"start":{"line":17,"column":0},"end":{"line":17,"column":27}},"17":{"start":{"line":18,"column":0},"end":{"line":18,"column":27}},"18":{"start":{"line":19,"column":0},"end":{"line":19,"column":27}},"19":{"start":{"line":20,"column":0},"end":{"line":20,"column":4}},"22":{"start":{"line":23,"column":0},"end":{"line":23,"column":11}},"23":{"start":{"line":24,"column":0},"end":{"line":24,"column":14}},"24":{"start":{"line":25,"column":0},"end":{"line":25,"column":15}},"25":{"start":{"line":26,"column":0},"end":{"line":26,"column":14}},"26":{"start":{"line":27,"column":0},"end":{"line":27,"column":14}},"27":{"start":{"line":28,"column":0},"end":{"line":28,"column":14}},"28":{"start":{"line":29,"column":0},"end":{"line":29,"column":18}},"29":{"start":{"line":30,"column":0},"end":{"line":30,"column":18}},"30":{"start":{"line":31,"column":0},"end":{"line":31,"column":18}},"31":{"start":{"line":32,"column":0},"end":{"line":32,"column":18}},"32":{"start":{"line":33,"column":0},"end":{"line":33,"column":4}},"35":{"start":{"line":36,"column":0},"end":{"line":36,"column":12}},"36":{"start":{"line":37,"column":0},"end":{"line":37,"column":14}},"37":{"start":{"line":38,"column":0},"end":{"line":38,"column":14}},"38":{"start":{"line":39,"column":0},"end":{"line":39,"column":15}},"39":{"start":{"line":40,"column":0},"end":{"line":40,"column":14}},"40":{"start":{"line":41,"column":0},"end":{"line":41,"column":14}},"41":{"start":{"line":42,"column":0},"end":{"line":42,"column":18}},"42":{"start":{"line":43,"column":0},"end":{"line":43,"column":18}},"43":{"start":{"line":44,"column":0},"end":{"line":44,"column":4}},"46":{"start":{"line":47,"column":0},"end":{"line":47,"column":8}},"47":{"start":{"line":48,"column":0},"end":{"line":48,"column":16}},"48":{"start":{"line":49,"column":0},"end":{"line":49,"column":16}},"49":{"start":{"line":50,"column":0},"end":{"line":50,"column":17}},"50":{"start":{"line":51,"column":0},"end":{"line":51,"column":16}},"51":{"start":{"line":52,"column":0},"end":{"line":52,"column":16}},"52":{"start":{"line":53,"column":0},"end":{"line":53,"column":20}},"53":{"start":{"line":54,"column":0},"end":{"line":54,"column":20}},"54":{"start":{"line":55,"column":0},"end":{"line":55,"column":4}},"57":{"start":{"line":58,"column":0},"end":{"line":58,"column":11}},"58":{"start":{"line":59,"column":0},"end":{"line":59,"column":25}},"59":{"start":{"line":60,"column":0},"end":{"line":60,"column":33}},"60":{"start":{"line":61,"column":0},"end":{"line":61,"column":33}},"61":{"start":{"line":62,"column":0},"end":{"line":62,"column":33}},"62":{"start":{"line":63,"column":0},"end":{"line":63,"column":34}},"63":{"start":{"line":64,"column":0},"end":{"line":64,"column":34}},"64":{"start":{"line":65,"column":0},"end":{"line":65,"column":34}},"65":{"start":{"line":66,"column":0},"end":{"line":66,"column":25}},"66":{"start":{"line":67,"column":0},"end":{"line":67,"column":4}},"69":{"start":{"line":70,"column":0},"end":{"line":70,"column":11}},"70":{"start":{"line":71,"column":0},"end":{"line":71,"column":24}},"71":{"start":{"line":72,"column":0},"end":{"line":72,"column":20}},"72":{"start":{"line":73,"column":0},"end":{"line":73,"column":20}},"73":{"start":{"line":74,"column":0},"end":{"line":74,"column":20}},"74":{"start":{"line":75,"column":0},"end":{"line":75,"column":20}},"75":{"start":{"line":76,"column":0},"end":{"line":76,"column":24}},"76":{"start":{"line":77,"column":0},"end":{"line":77,"column":4}},"79":{"start":{"line":80,"column":0},"end":{"line":80,"column":15}},"81":{"start":{"line":82,"column":0},"end":{"line":82,"column":13}},"83":{"start":{"line":84,"column":0},"end":{"line":84,"column":69}},"85":{"start":{"line":86,"column":0},"end":{"line":86,"column":65}},"87":{"start":{"line":88,"column":0},"end":{"line":88,"column":78}},"89":{"start":{"line":90,"column":0},"end":{"line":90,"column":69}},"91":{"start":{"line":92,"column":0},"end":{"line":92,"column":69}},"92":{"start":{"line":93,"column":0},"end":{"line":93,"column":6}},"95":{"start":{"line":96,"column":0},"end":{"line":96,"column":11}},"97":{"start":{"line":98,"column":0},"end":{"line":98,"column":27}},"99":{"start":{"line":100,"column":0},"end":{"line":100,"column":20}},"101":{"start":{"line":102,"column":0},"end":{"line":102,"column":20}},"103":{"start":{"line":104,"column":0},"end":{"line":104,"column":24}},"104":{"start":{"line":105,"column":0},"end":{"line":105,"column":55}},"106":{"start":{"line":107,"column":0},"end":{"line":107,"column":20}},"108":{"start":{"line":109,"column":0},"end":{"line":109,"column":20}},"110":{"start":{"line":111,"column":0},"end":{"line":111,"column":24}},"112":{"start":{"line":113,"column":0},"end":{"line":113,"column":24}},"114":{"start":{"line":115,"column":0},"end":{"line":115,"column":24}},"116":{"start":{"line":117,"column":0},"end":{"line":117,"column":24}},"118":{"start":{"line":119,"column":0},"end":{"line":119,"column":24}},"120":{"start":{"line":121,"column":0},"end":{"line":121,"column":24}},"122":{"start":{"line":123,"column":0},"end":{"line":123,"column":24}},"124":{"start":{"line":125,"column":0},"end":{"line":125,"column":24}},"125":{"start":{"line":126,"column":0},"end":{"line":126,"column":6}},"128":{"start":{"line":129,"column":0},"end":{"line":129,"column":15}},"130":{"start":{"line":131,"column":0},"end":{"line":131,"column":45}},"132":{"start":{"line":133,"column":0},"end":{"line":133,"column":45}},"134":{"start":{"line":135,"column":0},"end":{"line":135,"column":45}},"136":{"start":{"line":137,"column":0},"end":{"line":137,"column":45}},"138":{"start":{"line":139,"column":0},"end":{"line":139,"column":45}},"140":{"start":{"line":141,"column":0},"end":{"line":141,"column":45}},"142":{"start":{"line":143,"column":0},"end":{"line":143,"column":45}},"144":{"start":{"line":145,"column":0},"end":{"line":145,"column":45}},"146":{"start":{"line":147,"column":0},"end":{"line":147,"column":45}},"148":{"start":{"line":149,"column":0},"end":{"line":149,"column":45}},"150":{"start":{"line":151,"column":0},"end":{"line":151,"column":45}},"152":{"start":{"line":153,"column":0},"end":{"line":153,"column":45}},"154":{"start":{"line":155,"column":0},"end":{"line":155,"column":45}},"155":{"start":{"line":156,"column":0},"end":{"line":156,"column":6}},"158":{"start":{"line":159,"column":0},"end":{"line":159,"column":13}},"160":{"start":{"line":161,"column":0},"end":{"line":161,"column":44}},"161":{"start":{"line":162,"column":0},"end":{"line":162,"column":44}},"162":{"start":{"line":163,"column":0},"end":{"line":163,"column":44}},"163":{"start":{"line":164,"column":0},"end":{"line":164,"column":44}},"164":{"start":{"line":165,"column":0},"end":{"line":165,"column":44}},"165":{"start":{"line":166,"column":0},"end":{"line":166,"column":44}},"166":{"start":{"line":167,"column":0},"end":{"line":167,"column":44}},"167":{"start":{"line":168,"column":0},"end":{"line":168,"column":44}},"168":{"start":{"line":169,"column":0},"end":{"line":169,"column":44}},"171":{"start":{"line":172,"column":0},"end":{"line":172,"column":54}},"172":{"start":{"line":173,"column":0},"end":{"line":173,"column":60}},"173":{"start":{"line":174,"column":0},"end":{"line":174,"column":56}},"174":{"start":{"line":175,"column":0},"end":{"line":175,"column":53}},"175":{"start":{"line":176,"column":0},"end":{"line":176,"column":57}},"176":{"start":{"line":177,"column":0},"end":{"line":177,"column":6}},"179":{"start":{"line":180,"column":0},"end":{"line":180,"column":12}},"180":{"start":{"line":181,"column":0},"end":{"line":181,"column":27}},"181":{"start":{"line":182,"column":0},"end":{"line":182,"column":23}},"182":{"start":{"line":183,"column":0},"end":{"line":183,"column":79}},"183":{"start":{"line":184,"column":0},"end":{"line":184,"column":6}},"186":{"start":{"line":187,"column":0},"end":{"line":187,"column":17}},"187":{"start":{"line":188,"column":0},"end":{"line":188,"column":27}},"188":{"start":{"line":189,"column":0},"end":{"line":189,"column":29}},"189":{"start":{"line":190,"column":0},"end":{"line":190,"column":27}},"190":{"start":{"line":191,"column":0},"end":{"line":191,"column":34}},"191":{"start":{"line":192,"column":0},"end":{"line":192,"column":6}},"194":{"start":{"line":195,"column":0},"end":{"line":195,"column":22}},"195":{"start":{"line":196,"column":0},"end":{"line":196,"column":32}},"196":{"start":{"line":197,"column":0},"end":{"line":197,"column":34}},"197":{"start":{"line":198,"column":0},"end":{"line":198,"column":34}},"198":{"start":{"line":199,"column":0},"end":{"line":199,"column":34}},"199":{"start":{"line":200,"column":0},"end":{"line":200,"column":30}},"200":{"start":{"line":201,"column":0},"end":{"line":201,"column":6}},"203":{"start":{"line":204,"column":0},"end":{"line":204,"column":26}},"204":{"start":{"line":205,"column":0},"end":{"line":205,"column":30}},"205":{"start":{"line":206,"column":0},"end":{"line":206,"column":39}},"206":{"start":{"line":207,"column":0},"end":{"line":207,"column":27}},"207":{"start":{"line":208,"column":0},"end":{"line":208,"column":29}},"208":{"start":{"line":209,"column":0},"end":{"line":209,"column":28}},"209":{"start":{"line":210,"column":0},"end":{"line":210,"column":6}},"212":{"start":{"line":213,"column":0},"end":{"line":213,"column":22}},"213":{"start":{"line":214,"column":0},"end":{"line":214,"column":36}},"214":{"start":{"line":215,"column":0},"end":{"line":215,"column":34}},"215":{"start":{"line":216,"column":0},"end":{"line":216,"column":35}},"216":{"start":{"line":217,"column":0},"end":{"line":217,"column":34}},"217":{"start":{"line":218,"column":0},"end":{"line":218,"column":31}},"218":{"start":{"line":219,"column":0},"end":{"line":219,"column":6}},"221":{"start":{"line":222,"column":0},"end":{"line":222,"column":14}},"223":{"start":{"line":224,"column":0},"end":{"line":224,"column":42}},"224":{"start":{"line":225,"column":0},"end":{"line":225,"column":45}},"225":{"start":{"line":226,"column":0},"end":{"line":226,"column":46}},"226":{"start":{"line":227,"column":0},"end":{"line":227,"column":44}},"227":{"start":{"line":228,"column":0},"end":{"line":228,"column":46}},"228":{"start":{"line":229,"column":0},"end":{"line":229,"column":42}},"231":{"start":{"line":232,"column":0},"end":{"line":232,"column":53}},"232":{"start":{"line":233,"column":0},"end":{"line":233,"column":54}},"233":{"start":{"line":234,"column":0},"end":{"line":234,"column":53}},"234":{"start":{"line":235,"column":0},"end":{"line":235,"column":57}},"235":{"start":{"line":236,"column":0},"end":{"line":236,"column":6}},"238":{"start":{"line":239,"column":0},"end":{"line":239,"column":15}},"240":{"start":{"line":241,"column":0},"end":{"line":241,"column":48}},"241":{"start":{"line":242,"column":0},"end":{"line":242,"column":49}},"242":{"start":{"line":243,"column":0},"end":{"line":243,"column":44}},"243":{"start":{"line":244,"column":0},"end":{"line":244,"column":48}},"244":{"start":{"line":245,"column":0},"end":{"line":245,"column":47}},"245":{"start":{"line":246,"column":0},"end":{"line":246,"column":46}},"248":{"start":{"line":249,"column":0},"end":{"line":249,"column":53}},"249":{"start":{"line":250,"column":0},"end":{"line":250,"column":54}},"250":{"start":{"line":251,"column":0},"end":{"line":251,"column":53}},"251":{"start":{"line":252,"column":0},"end":{"line":252,"column":56}},"252":{"start":{"line":253,"column":0},"end":{"line":253,"column":59}},"253":{"start":{"line":254,"column":0},"end":{"line":254,"column":6}},"256":{"start":{"line":257,"column":0},"end":{"line":257,"column":16}},"257":{"start":{"line":258,"column":0},"end":{"line":258,"column":26}},"258":{"start":{"line":259,"column":0},"end":{"line":259,"column":29}},"259":{"start":{"line":260,"column":0},"end":{"line":260,"column":29}},"260":{"start":{"line":261,"column":0},"end":{"line":261,"column":31}},"261":{"start":{"line":262,"column":0},"end":{"line":262,"column":6}},"264":{"start":{"line":265,"column":0},"end":{"line":265,"column":12}},"265":{"start":{"line":266,"column":0},"end":{"line":266,"column":24}},"266":{"start":{"line":267,"column":0},"end":{"line":267,"column":28}},"267":{"start":{"line":268,"column":0},"end":{"line":268,"column":26}},"268":{"start":{"line":269,"column":0},"end":{"line":269,"column":30}},"269":{"start":{"line":270,"column":0},"end":{"line":270,"column":26}},"270":{"start":{"line":271,"column":0},"end":{"line":271,"column":22}},"271":{"start":{"line":272,"column":0},"end":{"line":272,"column":6}},"274":{"start":{"line":275,"column":0},"end":{"line":275,"column":20}},"275":{"start":{"line":276,"column":0},"end":{"line":276,"column":33}},"276":{"start":{"line":277,"column":0},"end":{"line":277,"column":23}},"277":{"start":{"line":278,"column":0},"end":{"line":278,"column":29}},"278":{"start":{"line":279,"column":0},"end":{"line":279,"column":29}},"279":{"start":{"line":280,"column":0},"end":{"line":280,"column":32}},"280":{"start":{"line":281,"column":0},"end":{"line":281,"column":38}},"281":{"start":{"line":282,"column":0},"end":{"line":282,"column":23}},"282":{"start":{"line":283,"column":0},"end":{"line":283,"column":27}},"283":{"start":{"line":284,"column":0},"end":{"line":284,"column":6}},"286":{"start":{"line":287,"column":0},"end":{"line":287,"column":17}},"287":{"start":{"line":288,"column":0},"end":{"line":288,"column":34}},"288":{"start":{"line":289,"column":0},"end":{"line":289,"column":34}},"289":{"start":{"line":290,"column":0},"end":{"line":290,"column":28}},"290":{"start":{"line":291,"column":0},"end":{"line":291,"column":37}},"291":{"start":{"line":292,"column":0},"end":{"line":292,"column":37}},"292":{"start":{"line":293,"column":0},"end":{"line":293,"column":39}},"293":{"start":{"line":294,"column":0},"end":{"line":294,"column":6}},"296":{"start":{"line":297,"column":0},"end":{"line":297,"column":16}},"297":{"start":{"line":298,"column":0},"end":{"line":298,"column":29}},"298":{"start":{"line":299,"column":0},"end":{"line":299,"column":27}},"299":{"start":{"line":300,"column":0},"end":{"line":300,"column":23}},"300":{"start":{"line":301,"column":0},"end":{"line":301,"column":25}},"301":{"start":{"line":302,"column":0},"end":{"line":302,"column":6}},"304":{"start":{"line":305,"column":0},"end":{"line":305,"column":15}},"305":{"start":{"line":306,"column":0},"end":{"line":306,"column":24}},"306":{"start":{"line":307,"column":0},"end":{"line":307,"column":32}},"307":{"start":{"line":308,"column":0},"end":{"line":308,"column":6}},"310":{"start":{"line":311,"column":0},"end":{"line":311,"column":13}},"311":{"start":{"line":312,"column":0},"end":{"line":312,"column":23}},"312":{"start":{"line":313,"column":0},"end":{"line":313,"column":21}},"313":{"start":{"line":314,"column":0},"end":{"line":314,"column":21}},"314":{"start":{"line":315,"column":0},"end":{"line":315,"column":21}},"315":{"start":{"line":316,"column":0},"end":{"line":316,"column":6}},"316":{"start":{"line":317,"column":0},"end":{"line":317,"column":4}},"319":{"start":{"line":320,"column":0},"end":{"line":320,"column":14}},"320":{"start":{"line":321,"column":0},"end":{"line":321,"column":23}},"321":{"start":{"line":322,"column":0},"end":{"line":322,"column":27}},"322":{"start":{"line":323,"column":0},"end":{"line":323,"column":25}},"323":{"start":{"line":324,"column":0},"end":{"line":324,"column":27}},"324":{"start":{"line":325,"column":0},"end":{"line":325,"column":25}},"325":{"start":{"line":326,"column":0},"end":{"line":326,"column":27}},"326":{"start":{"line":327,"column":0},"end":{"line":327,"column":28}},"327":{"start":{"line":328,"column":0},"end":{"line":328,"column":4}},"330":{"start":{"line":331,"column":0},"end":{"line":331,"column":9}},"331":{"start":{"line":332,"column":0},"end":{"line":332,"column":26}},"332":{"start":{"line":333,"column":0},"end":{"line":333,"column":18}},"333":{"start":{"line":334,"column":0},"end":{"line":334,"column":20}},"334":{"start":{"line":335,"column":0},"end":{"line":335,"column":25}},"335":{"start":{"line":336,"column":0},"end":{"line":336,"column":4}},"338":{"start":{"line":339,"column":0},"end":{"line":339,"column
[...]
"1184":{"name":"ready","decl":{"start":{"line":2236,"column":15},"end":{"line":2236,"column":55}},"loc":{"start":{"line":2236,"column":15},"end":{"line":2236,"column":55}},"line":2236},"1185":{"name":"stable","decl":{"start":{"line":2242,"column":16},"end":{"line":2242,"column":53}},"loc":{"start":{"line":2242,"column":16},"end":{"line":2242,"column":53}},"line":2242},"1186":{"name":"placeholder","decl":{"start":{"line":2243,"column":21},"end":{"line":2243,"column":72}},"loc":{"start":{"line":2243,"column":21},"end":{"line":2243,"column":72}},"line":2243},"1187":{"name":"skeleton","decl":{"start":{"line":2244,"column":18},"end":{"line":2244,"column":69}},"loc":{"start":{"line":2244,"column":18},"end":{"line":2244,"column":69}},"line":2244},"1188":{"name":"imageContainer","decl":{"start":{"line":2247,"column":24},"end":{"line":2247,"column":57}},"loc":{"start":{"line":2247,"column":24},"end":{"line":2247,"column":57}},"line":2247},"1189":{"name":"imageStable","decl":{"start":{"line":2248,"column":21},"end":{"line":2248,"column":59}},"loc":{"start":{"line":2248,"column":21},"end":{"line":2248,"column":59}},"line":2248},"1190":{"name":"cached","decl":{"start":{"line":2256,"column":16},"end":{"line":2256,"column":68}},"loc":{"start":{"line":2256,"column":16},"end":{"line":2256,"column":68}},"line":2256},"1191":{"name":"connecting","decl":{"start":{"line":2257,"column":20},"end":{"line":2257,"column":51}},"loc":{"start":{"line":2257,"column":20},"end":{"line":2257,"column":51}},"line":2257},"1192":{"name":"staleData","decl":{"start":{"line":2258,"column":19},"end":{"line":2258,"column":38}},"loc":{"start":{"line":2258,"column":19},"end":{"line":2258,"column":38}},"line":2258},"1193":{"name":"freshData","decl":{"start":{"line":2259,"column":19},"end":{"line":2259,"column":39}},"loc":{"start":{"line":2259,"column":19},"end":{"line":2259,"column":39}},"line":2259},"1194":{"name":"batched","decl":{"start":{"line":2265,"column":17},"end":{"line":2265,"column":83}},"loc":{"start":{"line":2265,"column":17},"end":{"line":2265,"column":83}},"line":2265},"1195":{"name":"individual","decl":{"start":{"line":2266,"column":20},"end":{"line":2266,"column":86}},"loc":{"start":{"line":2266,"column":20},"end":{"line":2266,"column":86}},"line":2266},"1196":{"name":"gasOptimal","decl":{"start":{"line":2269,"column":20},"end":{"line":2269,"column":63}},"loc":{"start":{"line":2269,"column":20},"end":{"line":2269,"column":63}},"line":2269},"1197":{"name":"gasHigh","decl":{"start":{"line":2270,"column":17},"end":{"line":2270,"column":62}},"loc":{"start":{"line":2270,"column":17},"end":{"line":2270,"column":62}},"line":2270},"1198":{"name":"gasVeryHigh","decl":{"start":{"line":2271,"column":21},"end":{"line":2271,"column":60}},"loc":{"start":{"line":2271,"column":21},"end":{"line":2271,"column":60}},"line":2271},"1199":{"name":"realtime","decl":{"start":{"line":2277,"column":18},"end":{"line":2277,"column":76}},"loc":{"start":{"line":2277,"column":18},"end":{"line":2277,"column":76}},"line":2277},"1200":{"name":"cached","decl":{"start":{"line":2278,"column":16},"end":{"line":2278,"column":71}},"loc":{"start":{"line":2278,"column":16},"end":{"line":2278,"column":71}},"line":2278},"1201":{"name":"stale","decl":{"start":{"line":2279,"column":15},"end":{"line":2279,"column":76}},"loc":{"start":{"line":2279,"column":15},"end":{"line":2279,"column":76}},"line":2279},"1202":{"name":"optimistic","decl":{"start":{"line":2282,"column":20},"end":{"line":2282,"column":71}},"loc":{"start":{"line":2282,"column":20},"end":{"line":2282,"column":71}},"line":2282},"1203":{"name":"confirmed","decl":{"start":{"line":2283,"column":19},"end":{"line":2283,"column":39}},"loc":{"start":{"line":2283,"column":19},"end":{"line":2283,"column":39}},"line":2283},"1204":{"name":"refetching","decl":{"start":{"line":2284,"column":20},"end":{"line":2284,"column":42}},"loc":{"start":{"line":2284,"column":20},"end":{"line":2284,"column":42}},"line":2284},"1205":{"name":"good","decl":{"start":{"line":2292,"column":14},"end":{"line":2292,"column":91}},"loc":{"start":{"line":2292,"column":14},"end":{"line":2292,"column":91}},"line":2292},"1206":{"name":"needsImprovement","decl":{"start":{"line":2293,"column":26},"end":{"line":2293,"column":107}},"loc":{"start":{"line":2293,"column":26},"end":{"line":2293,"column":107}},"line":2293},"1207":{"name":"poor","decl":{"start":{"line":2294,"column":14},"end":{"line":2294,"column":83}},"loc":{"start":{"line":2294,"column":14},"end":{"line":2294,"column":83}},"line":2294},"1208":{"name":"container","decl":{"start":{"line":2299,"column":19},"end":{"line":2299,"column":113}},"loc":{"start":{"line":2299,"column":19},"end":{"line":2299,"column":113}},"line":2299},"1209":{"name":"title","decl":{"start":{"line":2300,"column":15},"end":{"line":2300,"column":76}},"loc":{"start":{"line":2300,"column":15},"end":{"line":2300,"column":76}},"line":2300},"1210":{"name":"message","decl":{"start":{"line":2301,"column":17},"end":{"line":2301,"column":61}},"loc":{"start":{"line":2301,"column":17},"end":{"line":2301,"column":61}},"line":2301},"1211":{"name":"retry","decl":{"start":{"line":2302,"column":15},"end":{"line":2302,"column":136}},"loc":{"start":{"line":2302,"column":15},"end":{"line":2302,"column":136}},"line":2302},"1212":{"name":"fallback","decl":{"start":{"line":2303,"column":18},"end":{"line":2303,"column":76}},"loc":{"start":{"line":2303,"column":18},"end":{"line":2303,"column":76}},"line":2303},"1213":{"name":"responsive","decl":{"start":{"line":2312,"column":20},"end":{"line":2312,"column":55}},"loc":{"start":{"line":2312,"column":20},"end":{"line":2312,"column":55}},"line":2312},"1214":{"name":"hero","decl":{"start":{"line":2313,"column":14},"end":{"line":2313,"column":51}},"loc":{"start":{"line":2313,"column":14},"end":{"line":2313,"column":51}},"line":2313},"1215":{"name":"thumbnail","decl":{"start":{"line":2314,"column":19},"end":{"line":2314,"column":58}},"loc":{"start":{"line":2314,"column":19},"end":{"line":2314,"column":58}},"line":2314},"1216":{"name":"avatar","decl":{"start":{"line":2315,"column":16},"end":{"line":2315,"column":60}},"loc":{"start":{"line":2315,"column":16},"end":{"line":2315,"column":60}},"line":2315},"1217":{"name":"placeholder","decl":{"start":{"line":2318,"column":21},"end":{"line":2318,"column":72}},"loc":{"start":{"line":2318,"column":21},"end":{"line":2318,"column":72}},"line":2318},"1218":{"name":"blurred","decl":{"start":{"line":2319,"column":17},"end":{"line":2319,"column":40}},"loc":{"start":{"line":2319,"column":17},"end":{"line":2319,"column":40}},"line":2319},"1219":{"name":"sharp","decl":{"start":{"line":2320,"column":15},"end":{"line":2320,"column":68}},"loc":{"start":{"line":2320,"column":15},"end":{"line":2320,"column":68}},"line":2320},"1220":{"name":"aboveFold","decl":{"start":{"line":2326,"column":19},"end":{"line":2326,"column":48}},"loc":{"start":{"line":2326,"column":19},"end":{"line":2326,"column":48}},"line":2326},"1221":{"name":"belowFold","decl":{"start":{"line":2327,"column":19},"end":{"line":2327,"column":44}},"loc":{"start":{"line":2327,"column":19},"end":{"line":2327,"column":44}},"line":2327},"1222":{"name":"cached","decl":{"start":{"line":2335,"column":16},"end":{"line":2335,"column":36}},"loc":{"start":{"line":2335,"column":16},"end":{"line":2335,"column":36}},"line":2335},"1223":{"name":"loading","decl":{"start":{"line":2336,"column":17},"end":{"line":2336,"column":50}},"loc":{"start":{"line":2336,"column":17},"end":{"line":2336,"column":50}},"line":2336},"1224":{"name":"error","decl":{"start":{"line":2337,"column":15},"end":{"line":2337,"column":65}},"loc":{"start":{"line":2337,"column":15},"end":{"line":2337,"column":65}},"line":2337},"1225":{"name":"fresh","decl":{"start":{"line":2340,"column":15},"end":{"line":2340,"column":51}},"loc":{"start":{"line":2340,"column":15},"end":{"line":2340,"column":51}},"line":2340},"1226":{"name":"stale","decl":{"start":{"line":2341,"column":15},"end":{"line":2341,"column":52}},"loc":{"start":{"line":2341,"column":15},"end":{"line":2341,"column":52}},"line":2341},"1227":{"name":"invalid","decl":{"start":{"line":2342,"column":17},"end":{"line":2342,"column":51}},"loc":{"start":{"line":2342,"column":17},"end":{"line":2342,"column":51}},"line":2342},"1228":{"name":"optimistic","decl":{"start":{"line":2345,"column":20},"end":{"line":2345,"column":39}},"loc":{"start":{"line":2345,"column":20},"end":{"line":2345,"column":39}},"line":2345},"1229":{"name":"confirmed","decl":{"start":{"line":2346,"column":19},"end":{"line":2346,"column":39}},"loc":{"start":{"line":2346,"column":19},"end":{"line":2346,"column":39}},"line":2346},"1230":{"name":"reverted","decl":{"start":{"line":2347,"column":18},"end":{"line":2347,"column":50}},"loc":{"start":{"line":2347,"column":18},"end":{"line":2347,"column":50}},"line":2347},"1231":{"name":"connected","decl":{"start":{"line":2353,"column":19},"end":{"line":2353,"column":77}},"loc":{"start":{"line":2353,"column":19},"end":{"line":2353,"column":77}},"line":2353},"1232":{"name":"connecting","decl":{"start":{"line":2354,"column":20},"end":{"line":2354,"column":81}},"loc":{"start":{"line":2354,"column":20},"end":{"line":2354,"column":81}},"line":2354},"1233":{"name":"disconnected","decl":{"start":{"line":2355,"column":22},"end":{"line":2355,"column":74}},"loc":{"start":{"line":2355,"column":22},"end":{"line":2355,"column":74}},"line":2355},"1234":{"name":"live","decl":{"start":{"line":2358,"column":14},"end":{"line":2358,"column":71}},"loc":{"start":{"line":2358,"column":14},"end":{"line":2358,"column":71}},"line":2358},"1235":{"name":"delayed","decl":{"start":{"line":2359,"column":17},"end":{"line":2359,"column":62}},"loc":{"start":{"line":2359,"column":17},"end":{"line":2359,"column":62}},"line":2359},"1236":{"name":"offline","decl":{"start":{"line":2360,"column":17},"end":{"line":2360,"column":58}},"loc":{"start":{"line":2360,"column":17},"end":{"line":2360,"column":58}},"line":2360}},"f":{"0":6,"1":5,"2":5,"3":1,"4":2,"5":4,"6":2,"7":1,"8":0,"9":6,"10":0,"11":0,"12":0,"13":3,"14":3,"15":0,"16":3,"17":0,"18":3,"19":4,"20":2,"21":4,"22":0,"23":3,"24":3,"25":3,"26":3,"27":4,"28":2,"29":3,"30":2,"31":0,"32":2,"33":4,"34":3,"35":3,"36":3,"37":7,"38":2,"39":2,"40":2,"41":2,"42":2,"43":2,"44":8,"45":5,"46":0,"47":0,"48":0,"49":0,"50":0,"51":0,"52":0,"53":0,"54":0,"55":0,"56":0,"57":0,"58":0,"59":0,"60":0,"61":0,"62":0,"63":0,"64":0,"65":0,"66":0,"67":0,"68":0,"69":0,"70":0,"71":0,"72":0,"73":0,"74":0,"75":0,"76":0,"77":0,"78":0,"79":0,"80":0,"81":0,"82":0,"83":0,"84":0,"85":0,"86":0,"87":0,"88":0,"89":0,"90":0,"91":0,"92":0,"93":0,"94":0,"95":0,"96":0,"97":0,"98":0,"99":0,"100":0,"101":0,"102":0,"103":0,"104":0,"105":0,"106":0,"107":0,"108":0,"109":0,"110":0,"111":0,"112":0,"113":0,"114":0,"115":0,"116":0,"117":0,"118":0,"119":0,"120":0,"121":0,"122":0,"123":0,"124":0,"125":0,"126":0,"127":0,"128":0,"129":0,"130":0,"131":0,"132":0,"133":0,"134":0,"135":0,"136":0,"137":0,"138":0,"139":0,"140":0,"141":0,"142":0,"143":0,"144":0,"145":0,"146":0,"147":0,"148":0,"149":0,"150":0,"151":0,"152":0,"153":0,"154":0,"155":0,"156":0,"157":0,"158":0,"159":0,"160":0,"161":0,"162":0,"163":0,"164":0,"165":0,"166":0,"167":0,"168":0,"169":0,"170":0,"171":0,"172":0,"173":0,"174":0,"175":0,"176":0,"177":0,"178":0,"179":0,"180":0,"181":0,"182":0,"183":0,"184":0,"185":0,"186":0,"187":0,"188":0,"189":0,"190":0,"191":0,"192":0,"193":0,"194":0,"195":0,"196":0,"197":0,"198":0,"199":0,"200":0,"201":0,"202":0,"203":0,"204":0,"205":0,"206":0,"207":0,"208":0,"209":0,"210":0,"211":0,"212":0,"213":0,"214":0,"215":0,"216":0,"217":0,"218":0,"219":0,"220":0,"221":0,"222":0,"223":0,"224":0,"225":0,"226":0,"227":0,"228":0,"229":0,"230":0,"231":0,"232":0,"233":0,"234":0,"235":0,"236":0,"237":0,"238":0,"239":0,"240":0,"241":0,"242":0,"243":0,"244":0,"245":0,"246":0,"247":0,"248":0,"249":0,"250":0,"251":0,"252":0,"253":0,"254":0,"255":0,"256":0,"257":0,"258":0,"259":0,"260":0,"261":0,"262":0,"263":0,"264":0,"265":0,"266":0,"267":0,"268":0,"269":0,"270":0,"271":0,"272":0,"273":0,"274":0,"275":0,"276":0,"277":0,"278":0,"279":0,"280":0,"281":0,"282":0,"283":0,"284":0,"285":0,"286":0,"287":0,"288":0,"289":0,"290":0,"291":0,"292":0,"293":0,"294":0,"295":0,"296":0,"297":0,"298":0,"299":0,"300":0,"301":0,"302":0,"303":0,"304":0,"305":0,"306":0,"307":0,"308":0,"309":0,"310":0,"311":0,"312":0,"313":0,"314":0,"315":0,"316":0,"317":0,"318":0,"319":0,"320":0,"321":0,"322":0,"323":0,"324":0,"325":0,"326":0,"327":0,"328":0,"329":0,"330":0,"331":0,"332":0,"333":0,"334":0,"335":0,"336":0,"337":0,"338":0,"339":0,"340":0,"341":0,"342":0,"343":0,"344":0,"345":0,"346":0,"347":0,"348":0,"349":0,"350":0,"351":0,"352":0,"353":0,"354":0,"355":0,"356":0,"357":0,"358":0,"359":0,"360":0,"361":0,"362":0,"363":0,"364":0,"365":0,"366":0,"367":0,"368":0,"369":0,"370":0,"371":0,"372":0,"373":0,"374":0,"375":0,"376":0,"377":0,"378":0,"379":0,"380":0,"381":0,"382":0,"383":0,"384":0,"385":0,"386":0,"387":0,"388":0,"389":0,"390":0,"391":0,"392":0,"393":0,"394":0,"395":0,"396":0,"397":0,"398":0,"399":0,"400":0,"401":0,"402":0,"403":0,"404":0,"405":0,"406":0,"407":0,"408":0,"409":0,"410":0,"411":0,"412":0,"413":0,"414":0,"415":0,"416":0,"417":0,"418":0,"419":0,"420":0,"421":0,"422":0,"423":0,"424":0,"425":0,"426":0,"427":0,"428":0,"429":0,"430":0,"431":0,"432":0,"433":0,"434":0,"435":0,"436":0,"437":0,"438":0,"439":0,"440":0,"441":0,"442":0,"443":0,"444":0,"445":0,"446":0,"447":0,"448":0,"449":0,"450":0,"451":0,"452":0,"453":0,"454":0,"455":0,"456":0,"457":0,"458":0,"459":0,"460":0,"461":0,"462":0,"463":0,"464":0,"465":0,"466":0,"467":0,"468":0,"469":0,"470":0,"471":0,"472":0,"473":0,"474":0,"475":0,"476":0,"477":0,"478":0,"479":0,"480":0,"481":0,"482":0,"483":0,"484":0,"485":0,"486":0,"487":0,"488":0,"489":0,"490":0,"491":0,"492":0,"493":0,"494":0,"495":0,"496":0,"497":0,"498":0,"499":0,"500":0,"501":0,"502":0,"503":0,"504":0,"505":0,"506":0,"507":0,"508":0,"509":0,"510":0,"511":0,"512":0,"513":0,"514":0,"515":0,"516":0,"517":0,"518":0,"519":0,"520":0,"521":0,"522":0,"523":0,"524":0,"525":0,"526":0,"527":0,"528":0,"529":0,"530":0,"531":0,"532":0,"533":0,"534":0,"535":0,"536":0,"537":0,"538":0,"539":0,"540":0,"541":0,"542":0,"543":0,"544":0,"545":0,"546":0,"547":0,"548":0,"549":0,"550":0,"551":0,"552":0,"553":0,"554":0,"555":0,"556":0,"557":0,"558":0,"559":0,"560":0,"561":0,"562":0,"563":0,"564":0,"565":0,"566":0,"567":0,"568":0,"569":0,"570":0,"571":0,"572":0,"573":0,"574":0,"575":0,"576":0,"577":0,"578":0,"579":0,"580":0,"581":0,"582":0,"583":0,"584":0,"585":0,"586":0,"587":0,"588":0,"589":0,"590":0,"591":0,"592":0,"593":0,"594":0,"595":0,"596":0,"597":0,"598":0,"599":0,"600":0,"601":0,"602":0,"603":0,"604":0,"605":0,"606":0,"607":0,"608":0,"609":0,"610":0,"611":0,"612":0,"613":0,"614":0,"615":0,"616":0,"617":0,"618":0,"619":0,"620":0,"621":0,"622":0,"623":0,"624":0,"625":0,"626":0,"627":0,"628":0,"629":0,"630":0,"631":0,"632":0,"633":0,"634":0,"635":0,"636":0,"637":0,"638":0,"639":0,"640":0,"641":0,"642":0,"643":0,"644":0,"645":0,"646":0,"647":0,"648":0,"649":0,"650":0,"651":0,"652":0,"653":0,"654":0,"655":0,"656":0,"657":0,"658":0,"659":0,"660":0,"661":0,"662":0,"663":0,"664":0,"665":0,"666":0,"667":0,"668":0,"669":0,"670":0,"671":0,"672":0,"673":0,"674":0,"675":0,"676":0,"677":0,"678":0,"679":0,"680":0,"681":0,"682":0,"683":0,"684":0,"685":0,"686":0,"687":0,"688":0,"689":0,"690":0,"691":0,"692":0,"693":0,"694":0,"695":0,"696":0,"697":0,"698":0,"699":0,"700":0,"701":0,"702":0,"703":0,"704":0,"705":0,"706":0,"707":0,"708":0,"709":0,"710":0,"711":0,"712":0,"713":0,"714":0,"715":0,"716":0,"717":0,"718":0,"719":0,"720":0,"721":0,"722":0,"723":0,"724":0,"725":0,"726":0,"727":0,"728":0,"729":0,"730":0,"731":0,"732":0,"733":0,"734":0,"735":0,"736":0,"737":0,"738":0,"739":0,"740":0,"741":0,"742":0,"743":0,"744":0,"745":0,"746":0,"747":0,"748":0,"749":0,"750":0,"751":0,"752":0,"753":0,"754":0,"755":0,"756":0,"757":0,"758":0,"759":0,"760":0,"761":0,"762":0,"763":0,"764":0,"765":0,"766":0,"767":0,"768":0,"769":0,"770":0,"771":0,"772":0,"773":0,"774":0,"775":0,"776":0,"777":0,"778":0,"779":0,"780":0,"781":0,"782":0,"783":0,"784":0,"785":0,"786":0,"787":0,"788":0,"789":0,"790":0,"791":0,"792":0,"793":0,"794":0,"795":0,"796":0,"797":0,"798":0,"799":0,"800":0,"801":0,"802":0,"803":0,"804":0,"805":0,"806":0,"807":0,"808":0,"809":0,"810":0,"811":0,"812":0,"813":0,"814":0,"815":0,"816":0,"817":0,"818":0,"819":0,"820":0,"821":0,"822":0,"823":0,"824":0,"825":0,"826":0,"827":0,"828":0,"829":0,"830":0,"831":0,"832":0,"833":0,"834":0,"835":0,"836":0,"837":0,"838":0,"839":0,"840":0,"841":0,"842":0,"843":0,"844":0,"845":0,"846":0,"847":0,"848":0,"849":0,"850":0,"851":0,"852":0,"853":0,"854":0,"855":0,"856":0,"857":0,"858":0,"859":0,"860":0,"861":0,"862":0,"863":0,"864":0,"865":0,"866":0,"867":0,"868":0,"869":0,"870":0,"871":0,"872":0,"873":0,"874":0,"875":0,"876":0,"877":0,"878":0,"879":0,"880":0,"881":0,"882":0,"883":0,"884":0,"885":0,"886":0,"887":0,"888":0,"889":0,"890":0,"891":0,"892":0,"893":0,"894":0,"895":0,"896":0,"897":0,"898":0,"899":0,"900":0,"901":0,"902":0,"903":0,"904":0,"905":0,"906":0,"907":0,"908":0,"909":0,"910":0,"911":0,"912":0,"913":0,"914":0,"915":0,"916":0,"917":0,"918":0,"919":0,"920":0,"921":0,"922":0,"923":0,"924":0,"925":0,"926":0,"927":0,"928":0,"929":0,"930":0,"931":0,"932":0,"933":0,"934":0,"935":0,"936":0,"937":0,"938":0,"939":0,"940":0,"941":0,"942":0,"943":0,"944":0,"945":0,"946":0,"947":0,"948":0,"949":0,"950":0,"951":0,"952":0,"953":0,"954":0,"955":0,"956":0,"957":0,"958":0,"959":0,"960":0,"961":0,"962":0,"963":0,"964":0,"965":0,"966":0,"967":0,"968":0,"969":0,"970":0,"971":0,"972":0,"973":0,"974":0,"975":0,"976":0,"977":0,"978":0,"979":0,"980":0,"981":0,"982":0,"983":0,"984":0,"985":0,"986":0,"987":0,"988":0,"989":0,"990":0,"991":0,"992":0,"993":0,"994":0,"995":0,"996":0,"997":0,"998":0,"999":0,"1000":0,"1001":0,"1002":0,"1003":0,"1004":0,"1005":0,"1006":0,"1007":0,"1008":0,"1009":0,"1010":0,"1011":0,"1012":0,"1013":0,"1014":0,"1015":0,"1016":0,"1017":0,"1018":0,"1019":0,"1020":0,"1021":0,"1022":0,"1023":0,"1024":0,"1025":0,"1026":0,"1027":0,"1028":0,"1029":0,"1030":0,"1031":0,"1032":0,"1033":0,"1034":0,"1035":0,"1036":0,"1037":0,"1038":0,"1039":0,"1040":0,"1041":0,"1042":0,"1043":0,"1044":0,"1045":0,"1046":0,"1047":0,"1048":0,"1049":0,"1050":0,"1051":0,"1052":0,"1053":0,"1054":0,"1055":0,"1056":0,"1057":0,"1058":0,"1059":0,"1060":0,"1061":0,"1062":0,"1063":0,"1064":0,"1065":0,"1066":0,"1067":0,"1068":0,"1069":0,"1070":0,"1071":0,"1072":0,"1073":0,"1074":0,"1075":0,"1076":0,"1077":0,"1078":0,"1079":0,"1080":0,"1081":0,"1082":0,"1083":0,"1084":0,"1085":0,"1086":0,"1087":0,"1088":0,"1089":0,"1090":0,"1091":0,"1092":0,"1093":0,"1094":0,"1095":0,"1096":0,"1097":0,"1098":0,"1099":0,"1100":0,"1101":0,"1102":0,"1103":0,"1104":0,"1105":0,"1106":0,"1107":0,"1108":0,"1109":0,"1110":0,"1111":0,"1112":0,"1113":0,"1114":0,"1115":0,"1116":0,"1117":0,"1118":0,"1119":0,"1120":0,"1121":0,"1122":0,"1123":0,"1124":0,"1125":0,"1126":0,"1127":0,"1128":0,"1129":0,"1130":0,"1131":0,"1132":0,"1133":0,"1134":0,"1135":0,"1136":0,"1137":0,"1138":0,"1139":0,"1140":0,"1141":0,"1142":0,"1143":0,"1144":0,"1145":0,"1146":0,"1147":0,"1148":0,"1149":0,"1150":0,"1151":0,"1152":0,"1153":0,"1154":0,"1155":0,"1156":0,"1157":0,"1158":0,"1159":0,"1160":0,"1161":0,"1162":0,"1163":0,"1164":0,"1165":0,"1166":0,"1167":0,"1168":0,"1169":0,"1170":0,"1171":0,"1172":0,"1173":0,"1174":0,"1175":0,"1176":0,"1177":0,"1178":0,"1179":0,"1180":0,"1181":0,"1182":0,"1183":0,"1184":0,"1185":0,"1186":0,"1187":0,"1188":0,"1189":0,"1190":0,"1191":0,"1192":0,"1193":0,"1194":0,"1195":0,"1196":0,"1197":0,"1198":0,"1199":0,"1200":0,"1201":0,"1202":0,"1203":0,"1204":0,"1205":0,"1206":0,"1207":0,"1208":0,"1209":0,"1210":0,"1211":0,"1212":0,"1213":0,"1214":0,"1215":0,"1216":0,"1217":0,"1218":0,"1219":0,"1220":0,"1221":0,"1222":0,"1223":0,"1224":0,"1225":0,"1226":0,"1227":0,"1228":0,"1229":0,"1230":0,"1231":0,"1232":0,"1233":0,"1234":0,"1235":0,"1236":0}}
}
