{"/Users/johnhuang/projects/design_system/src/index.native.ts": {"path":"/Users/johnhuang/projects/design_system/src/index.native.ts","statementMap":{},"fnMap":{},"branchMap":{},"s":{},"f":{},"b":{},"meta":{"lastBranch":0,"lastFunction":0,"lastStatement":0,"seen":{}}}
,"/Users/johnhuang/projects/design_system/src/index.ts": {"path":"/Users/johnhuang/projects/design_system/src/index.ts","statementMap":{"0":{"start":{"line":15,"column":11},"end":{"line":15,"column":null}},"1":{"start":{"line":15,"column":30},"end":{"line":15,"column":null}},"2":{"start":{"line":144,"column":11},"end":{"line":439,"column":null}},"3":{"start":{"line":162,"column":4},"end":{"line":200,"column":null}},"4":{"start":{"line":205,"column":4},"end":{"line":210,"column":null}},"5":{"start":{"line":215,"column":4},"end":{"line":222,"column":null}},"6":{"start":{"line":249,"column":4},"end":{"line":299,"column":null}},"7":{"start":{"line":313,"column":4},"end":{"line":321,"column":null}},"8":{"start":{"line":326,"column":4},"end":{"line":354,"column":null}},"9":{"start":{"line":359,"column":4},"end":{"line":387,"column":null}},"10":{"start":{"line":392,"column":4},"end":{"line":413,"column":null}},"11":{"start":{"line":418,"column":4},"end":{"line":437,"column":null}},"12":{"start":{"line":424,"column":8},"end":{"line":432,"column":null}}},"fnMap":{"0":{"name":"(anonymous_0)","decl":{"start":{"line":15,"column":11},"end":{"line":15,"column":12}},"loc":{"start":{"line":15,"column":30},"end":{"line":15,"column":null}},"line":15},"1":{"name":"(anonymous_1)","decl":{"start":{"line":161,"column":6},"end":{"line":161,"column":16}},"loc":{"start":{"line":161,"column":16},"end":{"line":201,"column":null}},"line":161},"2":{"name":"(anonymous_2)","decl":{"start":{"line":204,"column":6},"end":{"line":204,"column":19}},"loc":{"start":{"line":204,"column":19},"end":{"line":211,"column":null}},"line":204},"3":{"name":"(anonymous_3)","decl":{"start":{"line":214,"column":6},"end":{"line":214,"column":15}},"loc":{"start":{"line":214,"column":15},"end":{"line":223,"column":null}},"line":214},"4":{"name":"(anonymous_4)","decl":{"start":{"line":248,"column":6},"end":{"line":248,"column":13}},"loc":{"start":{"line":248,"column":13},"end":{"line":300,"column":null}},"line":248},"5":{"name":"(anonymous_5)","decl":{"start":{"line":312,"column":6},"end":{"line":312,"column":15}},"loc":{"start":{"line":312,"column":15},"end":{"line":322,"column":null}},"line":312},"6":{"name":"(anonymous_6)","decl":{"start":{"line":325,"column":6},"end":{"line":325,"column":14}},"loc":{"start":{"line":325,"column":14},"end":{"line":355,"column":null}},"line":325},"7":{"name":"(anonymous_7)","decl":{"start":{"line":358,"column":6},"end":{"line":358,"column":13}},"loc":{"start":{"line":358,"column":13},"end":{"line":388,"column":null}},"line":358},"8":{"name":"(anonymous_8)","decl":{"start":{"line":391,"column":6},"end":{"line":391,"column":14}},"loc":{"start":{"line":391,"column":14},"end":{"line":414,"column":null}},"line":391},"9":{"name":"(anonymous_9)","decl":{"start":{"line":417,"column":6},"end":{"line":417,"column":13}},"loc":{"start":{"line":417,"column":13},"end":{"line":438,"column":null}},"line":417},"10":{"name":"(anonymous_10)","decl":{"start":{"line":423,"column":18},"end":{"line":423,"column":19}},"loc":{"start":{"line":424,"column":8},"end":{"line":432,"column":null}},"line":424}},"branchMap":{"0":{"loc":{"start":{"line":15,"column":30},"end":{"line":15,"column":null}},"type":"cond-expr","locations":[{"start":{"line":15,"column":77},"end":{"line":15,"column":88}},{"start":{"line":15,"column":88},"end":{"line":15,"column":null}}],"line":15},"1":{"loc":{"start":{"line":424,"column":8},"end":{"line":432,"column":null}},"type":"cond-expr","locations":[{"start":{"line":425,"column":12},"end":{"line":428,"column":null}},{"start":{"line":429,"column":12},"end":{"line":432,"column":null}}],"line":424}},"s":{"0":5,"1":1515,"2":5,"3":2,"4":7,"5":8,"6":46,"7":12,"8":2,"9":2,"10":2,"11":15,"12":8},"f":{"0":1515,"1":2,"2":7,"3":8,"4":46,"5":12,"6":2,"7":2,"8":2,"9":15,"10":8},"b":{"0":[64,1451],"1":[4,4]},"meta":{"lastBranch":2,"lastFunction":11,"lastStatement":13,"seen":{"s:15:11:15:Infinity":0,"f:15:11:15:12":0,"s:15:30:15:Infinity":1,"b:15:77:15:88:15:88:15:Infinity":0,"s:144:11:439:Infinity":2,"f:161:6:161:16":1,"s:162:4:200:Infinity":3,"f:204:6:204:19":2,"s:205:4:210:Infinity":4,"f:214:6:214:15":3,"s:215:4:222:Infinity":5,"f:248:6:248:13":4,"s:249:4:299:Infinity":6,"f:312:6:312:15":5,"s:313:4:321:Infinity":7,"f:325:6:325:14":6,"s:326:4:354:Infinity":8,"f:358:6:358:13":7,"s:359:4:387:Infinity":9,"f:391:6:391:14":8,"s:392:4:413:Infinity":10,"f:417:6:417:13":9,"s:418:4:437:Infinity":11,"f:423:18:423:19":10,"s:424:8:432:Infinity":12,"b:425:12:428:Infinity:429:12:432:Infinity":1}}}
,"/Users/johnhuang/projects/design_system/src/content/seo-keywords.ts": {"path":"/Users/johnhuang/projects/design_system/src/content/seo-keywords.ts","statementMap":{"0":{"start":{"line":10,"column":29},"end":{"line":21,"column":null}},"1":{"start":{"line":24,"column":37},"end":{"line":35,"column":null}},"2":{"start":{"line":38,"column":34},"end":{"line":49,"column":null}},"3":{"start":{"line":52,"column":38},"end":{"line":63,"column":null}},"4":{"start":{"line":71,"column":37},"end":{"line":82,"column":null}},"5":{"start":{"line":71,"column":72},"end":{"line":82,"column":null}},"6":{"start":{"line":85,"column":38},"end":{"line":100,"column":null}},"7":{"start":{"line":103,"column":38},"end":{"line":118,"column":null}},"8":{"start":{"line":121,"column":38},"end":{"line":132,"column":null}},"9":{"start":{"line":140,"column":31},"end":{"line":144,"column":null}},"10":{"start":{"line":141,"column":19},"end":{"line":141,"column":null}},"11":{"start":{"line":142,"column":2},"end":{"line":142,"column":null}},"12":{"start":{"line":142,"column":31},"end":{"line":142,"column":78}},"13":{"start":{"line":142,"column":56},"end":{"line":142,"column":77}},"14":{"start":{"line":143,"column":2},"end":{"line":143,"column":null}},"15":{"start":{"line":149,"column":35},"end":{"line":150,"column":null}},"16":{"start":{"line":150,"column":2},"end":{"line":150,"column":null}},"17":{"start":{"line":156,"column":36},"end":{"line":157,"column":null}},"18":{"start":{"line":157,"column":2},"end":{"line":157,"column":null}},"19":{"start":{"line":160,"column":40},"end":{"line":161,"column":null}},"20":{"start":{"line":161,"column":2},"end":{"line":161,"column":null}},"21":{"start":{"line":164,"column":35},"end":{"line":165,"column":null}},"22":{"start":{"line":165,"column":2},"end":{"line":165,"column":null}},"23":{"start":{"line":168,"column":40},"end":{"line":169,"column":null}},"24":{"start":{"line":169,"column":2},"end":{"line":169,"column":null}},"25":{"start":{"line":172,"column":39},"end":{"line":173,"column":null}},"26":{"start":{"line":173,"column":2},"end":{"line":173,"column":null}},"27":{"start":{"line":176,"column":39},"end":{"line":177,"column":null}},"28":{"start":{"line":177,"column":2},"end":{"line":177,"column":null}},"29":{"start":{"line":183,"column":34},"end":{"line":184,"column":null}},"30":{"start":{"line":184,"column":2},"end":{"line":184,"column":null}}},"fnMap":{"0":{"name":"(anonymous_0)","decl":{"start":{"line":71,"column":37},"end":{"line":71,"column":38}},"loc":{"start":{"line":71,"column":72},"end":{"line":82,"column":null}},"line":71},"1":{"name":"(anonymous_1)","decl":{"start":{"line":140,"column":31},"end":{"line":140,"column":35}},"loc":{"start":{"line":140,"column":73},"end":{"line":144,"column":null}},"line":140},"2":{"name":"(anonymous_2)","decl":{"start":{"line":142,"column":22},"end":{"line":142,"column":23}},"loc":{"start":{"line":142,"column":31},"end":{"line":142,"column":78}},"line":142},"3":{"name":"(anonymous_3)","decl":{"start":{"line":142,"column":43},"end":{"line":142,"column":44}},"loc":{"start":{"line":142,"column":56},"end":{"line":142,"column":77}},"line":142},"4":{"name":"(anonymous_4)","decl":{"start":{"line":149,"column":35},"end":{"line":149,"column":null}},"loc":{"start":{"line":150,"column":2},"end":{"line":150,"column":null}},"line":150},"5":{"name":"(anonymous_5)","decl":{"start":{"line":156,"column":36},"end":{"line":156,"column":37}},"loc":{"start":{"line":157,"column":2},"end":{"line":157,"column":null}},"line":157},"6":{"name":"(anonymous_6)","decl":{"start":{"line":160,"column":40},"end":{"line":160,"column":null}},"loc":{"start":{"line":161,"column":2},"end":{"line":161,"column":null}},"line":161},"7":{"name":"(anonymous_7)","decl":{"start":{"line":164,"column":35},"end":{"line":164,"column":null}},"loc":{"start":{"line":165,"column":2},"end":{"line":165,"column":null}},"line":165},"8":{"name":"(anonymous_8)","decl":{"start":{"line":168,"column":40},"end":{"line":168,"column":null}},"loc":{"start":{"line":169,"column":2},"end":{"line":169,"column":null}},"line":169},"9":{"name":"(anonymous_9)","decl":{"start":{"line":172,"column":39},"end":{"line":172,"column":null}},"loc":{"start":{"line":173,"column":2},"end":{"line":173,"column":null}},"line":173},"10":{"name":"(anonymous_10)","decl":{"start":{"line":176,"column":39},"end":{"line":176,"column":null}},"loc":{"start":{"line":177,"column":2},"end":{"line":177,"column":null}},"line":177},"11":{"name":"(anonymous_11)","decl":{"start":{"line":183,"column":34},"end":{"line":183,"column":35}},"loc":{"start":{"line":184,"column":2},"end":{"line":184,"column":null}},"line":184}},"branchMap":{},"s":{"0":6,"1":6,"2":6,"3":6,"4":6,"5":3,"6":6,"7":6,"8":6,"9":6,"10":10,"11":10,"12":25,"13":258,"14":10,"15":6,"16":1,"17":6,"18":1,"19":6,"20":1,"21":6,"22":1,"23":6,"24":1,"25":6,"26":1,"27":6,"28":1,"29":6,"30":1},"f":{"0":3,"1":10,"2":25,"3":258,"4":1,"5":1,"6":1,"7":1,"8":1,"9":1,"10":1,"11":1},"b":{},"meta":{"lastBranch":0,"lastFunction":12,"lastStatement":31,"seen":{"s:10:29:21:Infinity":0,"s:24:37:35:Infinity":1,"s:38:34:49:Infinity":2,"s:52:38:63:Infinity":3,"s:71:37:82:Infinity":4,"f:71:37:71:38":0,"s:71:72:82:Infinity":5,"s:85:38:100:Infinity":6,"s:103:38:118:Infinity":7,"s:121:38:132:Infinity":8,"s:140:31:144:Infinity":9,"f:140:31:140:35":1,"s:141:19:141:Infinity":10,"s:142:2:142:Infinity":11,"f:142:22:142:23":2,"s:142:31:142:78":12,"f:142:43:142:44":3,"s:142:56:142:77":13,"s:143:2:143:Infinity":14,"s:149:35:150:Infinity":15,"f:149:35:149:Infinity":4,"s:150:2:150:Infinity":16,"s:156:36:157:Infinity":17,"f:156:36:156:37":5,"s:157:2:157:Infinity":18,"s:160:40:161:Infinity":19,"f:160:40:160:Infinity":6,"s:161:2:161:Infinity":20,"s:164:35:165:Infinity":21,"f:164:35:164:Infinity":7,"s:165:2:165:Infinity":22,"s:168:40:169:Infinity":23,"f:168:40:168:Infinity":8,"s:169:2:169:Infinity":24,"s:172:39:173:Infinity":25,"f:172:39:172:Infinity":9,"s:173:2:173:Infinity":26,"s:176:39:177:Infinity":27,"f:176:39:176:Infinity":10,"s:177:2:177:Infinity":28,"s:183:34:184:Infinity":29,"f:183:34:183:35":11,"s:184:2:184:Infinity":30}}}
,"/Users/johnhuang/projects/design_system/src/content/structured-data.ts": {"path":"/Users/johnhuang/projects/design_system/src/content/structured-data.ts","statementMap":{"0":{"start":{"line":83,"column":38},"end":{"line":92,"column":null}},"1":{"start":{"line":83,"column":78},"end":{"line":92,"column":null}},"2":{"start":{"line":95,"column":45},"end":{"line":115,"column":null}},"3":{"start":{"line":98,"column":31},"end":{"line":115,"column":null}},"4":{"start":{"line":117,"column":33},"end":{"line":127,"column":null}},"5":{"start":{"line":120,"column":19},"end":{"line":127,"column":null}},"6":{"start":{"line":129,"column":35},"end":{"line":144,"column":null}},"7":{"start":{"line":132,"column":21},"end":{"line":144,"column":null}},"8":{"start":{"line":146,"column":37},"end":{"line":161,"column":null}},"9":{"start":{"line":149,"column":23},"end":{"line":161,"column":null}}},"fnMap":{"0":{"name":"(anonymous_0)","decl":{"start":{"line":83,"column":38},"end":{"line":83,"column":39}},"loc":{"start":{"line":83,"column":78},"end":{"line":92,"column":null}},"line":83},"1":{"name":"(anonymous_1)","decl":{"start":{"line":95,"column":45},"end":{"line":95,"column":null}},"loc":{"start":{"line":98,"column":31},"end":{"line":115,"column":null}},"line":98},"2":{"name":"(anonymous_2)","decl":{"start":{"line":117,"column":33},"end":{"line":117,"column":null}},"loc":{"start":{"line":120,"column":19},"end":{"line":127,"column":null}},"line":120},"3":{"name":"(anonymous_3)","decl":{"start":{"line":129,"column":35},"end":{"line":129,"column":null}},"loc":{"start":{"line":132,"column":21},"end":{"line":144,"column":null}},"line":132},"4":{"name":"(anonymous_4)","decl":{"start":{"line":146,"column":37},"end":{"line":146,"column":null}},"loc":{"start":{"line":149,"column":23},"end":{"line":161,"column":null}},"line":149}},"branchMap":{"0":{"loc":{"start":{"line":97,"column":2},"end":{"line":97,"column":null}},"type":"default-arg","locations":[{"start":{"line":97,"column":48},"end":{"line":97,"column":null}}],"line":97},"1":{"loc":{"start":{"line":119,"column":2},"end":{"line":119,"column":null}},"type":"default-arg","locations":[{"start":{"line":119,"column":36},"end":{"line":119,"column":null}}],"line":119},"2":{"loc":{"start":{"line":131,"column":2},"end":{"line":131,"column":null}},"type":"default-arg","locations":[{"start":{"line":131,"column":38},"end":{"line":131,"column":null}}],"line":131},"3":{"loc":{"start":{"line":148,"column":2},"end":{"line":148,"column":null}},"type":"default-arg","locations":[{"start":{"line":148,"column":40},"end":{"line":148,"column":null}}],"line":148}},"s":{"0":6,"1":5,"2":6,"3":1,"4":6,"5":2,"6":6,"7":1,"8":6,"9":1},"f":{"0":5,"1":1,"2":2,"3":1,"4":1},"b":{"0":[1],"1":[2],"2":[1],"3":[1]},"meta":{"lastBranch":4,"lastFunction":5,"lastStatement":10,"seen":{"s:83:38:92:Infinity":0,"f:83:38:83:39":0,"s:83:78:92:Infinity":1,"s:95:45:115:Infinity":2,"f:95:45:95:Infinity":1,"s:98:31:115:Infinity":3,"b:97:48:97:Infinity":0,"s:117:33:127:Infinity":4,"f:117:33:117:Infinity":2,"s:120:19:127:Infinity":5,"b:119:36:119:Infinity":1,"s:129:35:144:Infinity":6,"f:129:35:129:Infinity":3,"s:132:21:144:Infinity":7,"b:131:38:131:Infinity":2,"s:146:37:161:Infinity":8,"f:146:37:146:Infinity":4,"s:149:23:161:Infinity":9,"b:148:40:148:Infinity":3}}}
,"/Users/johnhuang/projects/design_system/src/core/simple-variants.ts": {"path":"/Users/johnhuang/projects/design_system/src/core/simple-variants.ts","statementMap":{"0":{"start":{"line":83,"column":2},"end":{"line":83,"column":null}},"1":{"start":{"line":100,"column":4},"end":{"line":100,"column":null}},"2":{"start":{"line":101,"column":4},"end":{"line":101,"column":null}},"3":{"start":{"line":102,"column":4},"end":{"line":102,"column":null}},"4":{"start":{"line":114,"column":4},"end":{"line":114,"column":null}},"5":{"start":{"line":115,"column":4},"end":{"line":115,"column":null}},"6":{"start":{"line":116,"column":4},"end":{"line":116,"column":null}},"7":{"start":{"line":117,"column":4},"end":{"line":120,"column":null}},"8":{"start":{"line":121,"column":4},"end":{"line":124,"column":null}},"9":{"start":{"line":125,"column":4},"end":{"line":128,"column":null}},"10":{"start":{"line":129,"column":4},"end":{"line":129,"column":null}},"11":{"start":{"line":160,"column":4},"end":{"line":163,"column":null}},"12":{"start":{"line":161,"column":27},"end":{"line":161,"column":null}},"13":{"start":{"line":162,"column":6},"end":{"line":162,"column":null}},"14":{"start":{"line":165,"column":4},"end":{"line":167,"column":null}},"15":{"start":{"line":166,"column":6},"end":{"line":166,"column":null}},"16":{"start":{"line":169,"column":4},"end":{"line":207,"column":null}},"17":{"start":{"line":170,"column":32},"end":{"line":170,"column":null}},"18":{"start":{"line":171,"column":6},"end":{"line":173,"column":null}},"19":{"start":{"line":172,"column":8},"end":{"line":172,"column":null}},"20":{"start":{"line":175,"column":27},"end":{"line":175,"column":null}},"21":{"start":{"line":178,"column":6},"end":{"line":180,"column":null}},"22":{"start":{"line":179,"column":8},"end":{"line":179,"column":null}},"23":{"start":{"line":183,"column":6},"end":{"line":185,"column":null}},"24":{"start":{"line":184,"column":8},"end":{"line":184,"column":null}},"25":{"start":{"line":188,"column":6},"end":{"line":195,"column":null}},"26":{"start":{"line":189,"column":8},"end":{"line":191,"column":null}},"27":{"start":{"line":190,"column":10},"end":{"line":190,"column":null}},"28":{"start":{"line":192,"column":8},"end":{"line":194,"column":null}},"29":{"start":{"line":193,"column":10},"end":{"line":193,"column":null}},"30":{"start":{"line":197,"column":6},"end":{"line":197,"column":null}},"31":{"start":{"line":199,"column":27},"end":{"line":199,"column":null}},"32":{"start":{"line":200,"column":6},"end":{"line":205,"column":null}},"33":{"start":{"line":206,"column":6},"end":{"line":206,"column":null}},"34":{"start":{"line":233,"column":4},"end":{"line":252,"column":null}},"35":{"start":{"line":234,"column":32},"end":{"line":234,"column":null}},"36":{"start":{"line":235,"column":25},"end":{"line":235,"column":null}},"37":{"start":{"line":237,"column":6},"end":{"line":245,"column":null}},"38":{"start":{"line":238,"column":29},"end":{"line":238,"column":null}},"39":{"start":{"line":239,"column":8},"end":{"line":241,"column":null}},"40":{"start":{"line":240,"column":10},"end":{"line":240,"column":null}},"41":{"start":{"line":242,"column":8},"end":{"line":244,"column":null}},"42":{"start":{"line":243,"column":10},"end":{"line":243,"column":null}},"43":{"start":{"line":248,"column":6},"end":{"line":248,"column":null}},"44":{"start":{"line":250,"column":6},"end":{"line":250,"column":null}},"45":{"start":{"line":251,"column":6},"end":{"line":251,"column":null}},"46":{"start":{"line":275,"column":4},"end":{"line":301,"column":null}},"47":{"start":{"line":276,"column":20},"end":{"line":276,"column":null}},"48":{"start":{"line":277,"column":20},"end":{"line":277,"column":null}},"49":{"start":{"line":279,"column":6},"end":{"line":282,"column":null}},"50":{"start":{"line":280,"column":8},"end":{"line":280,"column":null}},"51":{"start":{"line":281,"column":8},"end":{"line":281,"column":null}},"52":{"start":{"line":281,"column":22},"end":{"line":281,"column":null}},"53":{"start":{"line":284,"column":6},"end":{"line":286,"column":null}},"54":{"start":{"line":285,"column":8},"end":{"line":285,"column":null}},"55":{"start":{"line":287,"column":6},"end":{"line":289,"column":null}},"56":{"start":{"line":288,"column":8},"end":{"line":288,"column":null}},"57":{"start":{"line":290,"column":6},"end":{"line":292,"column":null}},"58":{"start":{"line":291,"column":8},"end":{"line":291,"column":null}},"59":{"start":{"line":293,"column":6},"end":{"line":295,"column":null}},"60":{"start":{"line":294,"column":8},"end":{"line":294,"column":null}},"61":{"start":{"line":297,"column":6},"end":{"line":297,"column":null}},"62":{"start":{"line":299,"column":6},"end":{"line":299,"column":null}},"63":{"start":{"line":300,"column":6},"end":{"line":300,"column":null}},"64":{"start":{"line":337,"column":4},"end":{"line":339,"column":null}},"65":{"start":{"line":338,"column":6},"end":{"line":338,"column":null}},"66":{"start":{"line":340,"column":4},"end":{"line":342,"column":null}},"67":{"start":{"line":341,"column":6},"end":{"line":341,"column":null}},"68":{"start":{"line":343,"column":4},"end":{"line":343,"column":null}},"69":{"start":{"line":376,"column":4},"end":{"line":384,"column":null}},"70":{"start":{"line":378,"column":8},"end":{"line":380,"column":null}},"71":{"start":{"line":379,"column":10},"end":{"line":379,"column":null}},"72":{"start":{"line":381,"column":8},"end":{"line":381,"column":null}},"73":{"start":{"line":396,"column":16},"end":{"line":396,"column":null}},"74":{"start":{"line":397,"column":21},"end":{"line":397,"column":null}},"75":{"start":{"line":399,"column":4},"end":{"line":410,"column":null}},"76":{"start":{"line":400,"column":6},"end":{"line":409,"column":null}},"77":{"start":{"line":412,"column":4},"end":{"line":412,"column":null}},"78":{"start":{"line":428,"column":28},"end":{"line":434,"column":null}},"79":{"start":{"line":437,"column":4},"end":{"line":437,"column":null}},"80":{"start":{"line":448,"column":4},"end":{"line":456,"column":null}},"81":{"start":{"line":449,"column":32},"end":{"line":449,"column":null}},"82":{"start":{"line":450,"column":6},"end":{"line":452,"column":null}},"83":{"start":{"line":451,"column":8},"end":{"line":451,"column":null}},"84":{"start":{"line":453,"column":6},"end":{"line":453,"column":null}},"85":{"start":{"line":455,"column":6},"end":{"line":455,"column":null}},"86":{"start":{"line":466,"column":4},"end":{"line":477,"column":null}},"87":{"start":{"line":467,"column":6},"end":{"line":475,"column":null}},"88":{"start":{"line":476,"column":6},"end":{"line":476,"column":null}},"89":{"start":{"line":479,"column":94},"end":{"line":479,"column":null}},"90":{"start":{"line":481,"column":4},"end":{"line":507,"column":null}},"91":{"start":{"line":483,"column":6},"end":{"line":506,"column":null}},"92":{"start":{"line":484,"column":8},"end":{"line":490,"column":null}},"93":{"start":{"line":485,"column":10},"end":{"line":489,"column":null}},"94":{"start":{"line":493,"column":8},"end":{"line":505,"column":null}},"95":{"start":{"line":494,"column":10},"end":{"line":504,"column":null}},"96":{"start":{"line":499,"column":12},"end":{"line":503,"column":null}},"97":{"start":{"line":509,"column":4},"end":{"line":519,"column":null}},"98":{"start":{"line":510,"column":6},"end":{"line":518,"column":null}},"99":{"start":{"line":541,"column":4},"end":{"line":541,"column":null}},"100":{"start":{"line":568,"column":4},"end":{"line":573,"column":null}},"101":{"start":{"line":569,"column":32},"end":{"line":569,"column":null}},"102":{"start":{"line":570,"column":6},"end":{"line":570,"column":null}},"103":{"start":{"line":572,"column":6},"end":{"line":572,"column":null}},"104":{"start":{"line":596,"column":2},"end":{"line":596,"column":null}},"105":{"start":{"line":625,"column":19},"end":{"line":625,"column":null}},"106":{"start":{"line":627,"column":2},"end":{"line":646,"column":null}},"107":{"start":{"line":630,"column":6},"end":{"line":630,"column":null}},"108":{"start":{"line":631,"column":32},"end":{"line":631,"column":null}},"109":{"start":{"line":632,"column":32},"end":{"line":632,"column":null}},"110":{"start":{"line":633,"column":32},"end":{"line":633,"column":null}},"111":{"start":{"line":636,"column":50},"end":{"line":636,"column":null}},"112":{"start":{"line":637,"column":30},"end":{"line":637,"column":null}},"113":{"start":{"line":644,"column":9},"end":{"line":644,"column":null}},"114":{"start":{"line":645,"column":40},"end":{"line":645,"column":null}}},"fnMap":{"0":{"name":"(anonymous_0)","decl":{"start":{"line":99,"column":2},"end":{"line":99,"column":14}},"loc":{"start":{"line":99,"column":51},"end":{"line":103,"column":null}},"line":99},"1":{"name":"(anonymous_1)","decl":{"start":{"line":112,"column":10},"end":{"line":112,"column":34}},"loc":{"start":{"line":112,"column":34},"end":{"line":130,"column":null}},"line":112},"2":{"name":"(anonymous_2)","decl":{"start":{"line":158,"column":2},"end":{"line":158,"column":6}},"loc":{"start":{"line":158,"column":51},"end":{"line":208,"column":null}},"line":158},"3":{"name":"(anonymous_3)","decl":{"start":{"line":232,"column":2},"end":{"line":232,"column":8}},"loc":{"start":{"line":232,"column":66},"end":{"line":253,"column":null}},"line":232},"4":{"name":"(anonymous_4)","decl":{"start":{"line":274,"column":2},"end":{"line":274,"column":9}},"loc":{"start":{"line":274,"column":31},"end":{"line":302,"column":null}},"line":274},"5":{"name":"(anonymous_5)","decl":{"start":{"line":330,"column":2},"end":{"line":330,"column":null}},"loc":{"start":{"line":336,"column":12},"end":{"line":344,"column":null}},"line":336},"6":{"name":"(anonymous_6)","decl":{"start":{"line":375,"column":2},"end":{"line":375,"column":13}},"loc":{"start":{"line":375,"column":41},"end":{"line":385,"column":null}},"line":375},"7":{"name":"(anonymous_7)","decl":{"start":{"line":377,"column":11},"end":{"line":377,"column":12}},"loc":{"start":{"line":377,"column":18},"end":{"line":382,"column":7}},"line":377},"8":{"name":"(anonymous_8)","decl":{"start":{"line":395,"column":10},"end":{"line":395,"column":22}},"loc":{"start":{"line":395,"column":66},"end":{"line":413,"column":null}},"line":395},"9":{"name":"(anonymous_9)","decl":{"start":{"line":423,"column":10},"end":{"line":423,"column":null}},"loc":{"start":{"line":427,"column":10},"end":{"line":438,"column":null}},"line":427},"10":{"name":"(anonymous_10)","decl":{"start":{"line":447,"column":10},"end":{"line":447,"column":31}},"loc":{"start":{"line":447,"column":60},"end":{"line":457,"column":null}},"line":447},"11":{"name":"(anonymous_11)","decl":{"start":{"line":464,"column":10},"end":{"line":464,"column":40}},"loc":{"start":{"line":464,"column":40},"end":{"line":520,"column":null}},"line":464},"12":{"name":"(anonymous_12)","decl":{"start":{"line":540,"column":2},"end":{"line":540,"column":14}},"loc":{"start":{"line":540,"column":50},"end":{"line":542,"column":null}},"line":540},"13":{"name":"(anonymous_13)","decl":{"start":{"line":567,"column":2},"end":{"line":567,"column":6}},"loc":{"start":{"line":567,"column":51},"end":{"line":574,"column":null}},"line":567},"14":{"name":"createVariants","decl":{"start":{"line":595,"column":16},"end":{"line":595,"column":31}},"loc":{"start":{"line":595,"column":84},"end":{"line":597,"column":null}},"line":595},"15":{"name":"createQuickVariants","decl":{"start":{"line":624,"column":16},"end":{"line":624,"column":36}},"loc":{"start":{"line":624,"column":73},"end":{"line":647,"column":null}},"line":624},"16":{"name":"(anonymous_16)","decl":{"start":{"line":629,"column":12},"end":{"line":629,"column":13}},"loc":{"start":{"line":630,"column":6},"end":{"line":630,"column":null}},"line":630},"17":{"name":"(anonymous_17)","decl":{"start":{"line":631,"column":11},"end":{"line":631,"column":12}},"loc":{"start":{"line":631,"column":32},"end":{"line":631,"column":null}},"line":631},"18":{"name":"(anonymous_18)","decl":{"start":{"line":632,"column":11},"end":{"line":632,"column":12}},"loc":{"start":{"line":632,"column":32},"end":{"line":632,"column":null}},"line":632},"19":{"name":"(anonymous_19)","decl":{"start":{"line":633,"column":11},"end":{"line":633,"column":12}},"loc":{"start":{"line":633,"column":32},"end":{"line":633,"column":null}},"line":633},"20":{"name":"(anonymous_20)","decl":{"start":{"line":636,"column":9},"end":{"line":636,"column":10}},"loc":{"start":{"line":636,"column":50},"end":{"line":636,"column":null}},"line":636},"21":{"name":"(anonymous_21)","decl":{"start":{"line":637,"column":12},"end":{"line":637,"column":13}},"loc":{"start":{"line":637,"column":30},"end":{"line":637,"column":null}},"line":637},"22":{"name":"(anonymous_22)","decl":{"start":{"line":638,"column":10},"end":{"line":638,"column":null}},"loc":{"start":{"line":644,"column":9},"end":{"line":644,"column":null}},"line":644},"23":{"name":"(anonymous_23)","decl":{"start":{"line":645,"column":13},"end":{"line":645,"column":17}},"loc":{"start":{"line":645,"column":40},"end":{"line":645,"column":null}},"line":645}},"branchMap":{"0":{"loc":{"start":{"line":100,"column":20},"end":{"line":100,"column":null}},"type":"binary-expr","locations":[{"start":{"line":100,"column":20},"end":{"line":100,"column":44}},{"start":{"line":100,"column":44},"end":{"line":100,"column":null}}],"line":100},"1":{"loc":{"start":{"line":160,"column":4},"end":{"line":163,"column":null}},"type":"if","locations":[{"start":{"line":160,"column":4},"end":{"line":163,"column":null}},{"start":{},"end":{}}],"line":160},"2":{"loc":{"start":{"line":160,"column":8},"end":{"line":160,"column":45}},"type":"binary-expr","locations":[{"start":{"line":160,"column":8},"end":{"line":160,"column":20}},{"start":{"line":160,"column":20},"end":{"line":160,"column":45}}],"line":160},"3":{"loc":{"start":{"line":165,"column":4},"end":{"line":167,"column":null}},"type":"if","locations":[{"start":{"line":165,"column":4},"end":{"line":167,"column":null}},{"start":{},"end":{}}],"line":165},"4":{"loc":{"start":{"line":171,"column":6},"end":{"line":173,"column":null}},"type":"if","locations":[{"start":{"line":171,"column":6},"end":{"line":173,"column":null}},{"start":{},"end":{}}],"line":171},"5":{"loc":{"start":{"line":178,"column":6},"end":{"line":180,"column":null}},"type":"if","locations":[{"start":{"line":178,"column":6},"end":{"line":180,"column":null}},{"start":{},"end":{}}],"line":178},"6":{"loc":{"start":{"line":183,"column":6},"end":{"line":185,"column":null}},"type":"if","locations":[{"start":{"line":183,"column":6},"end":{"line":185,"column":null}},{"start":{},"end":{}}],"line":183},"7":{"loc":{"start":{"line":188,"column":6},"end":{"line":195,"column":null}},"type":"if","locations":[{"start":{"line":188,"column":6},"end":{"line":195,"column":null}},{"start":{},"end":{}}],"line":188},"8":{"loc":{"start":{"line":188,"column":10},"end":{"line":188,"column":60}},"type":"binary-expr","locations":[{"start":{"line":188,"column":10},"end":{"line":188,"column":26}},{"start":{"line":188,"column":26},"end":{"line":188,"column":60}}],"line":188},"9":{"loc":{"start":{"line":189,"column":8},"end":{"line":191,"column":null}},"type":"if","locations":[{"start":{"line":189,"column":8},"end":{"line":191,"column":null}},{"start":{},"end":{}}],"line":189},"10":{"loc":{"start":{"line":192,"column":8},"end":{"line":194,"column":null}},"type":"if","locations":[{"start":{"line":192,"column":8},"end":{"line":194,"column":null}},{"start":{},"end":{}}],"line":192},"11":{"loc":{"start":{"line":199,"column":83},"end":{"line":199,"column":137}},"type":"cond-expr","locations":[{"start":{"line":199,"column":108},"end":{"line":199,"column":124}},{"start":{"line":199,"column":124},"end":{"line":199,"column":137}}],"line":199},"12":{"loc":{"start":{"line":203,"column":15},"end":{"line":203,"column":null}},"type":"cond-expr","locations":[{"start":{"line":203,"column":40},"end":{"line":203,"column":56}},{"start":{"line":203,"column":56},"end":{"line":203,"column":null}}],"line":203},"13":{"loc":{"start":{"line":237,"column":6},"end":{"line":245,"column":null}},"type":"if","locations":[{"start":{"line":237,"column":6},"end":{"line":245,"column":null}},{"start":{},"end":{}}],"line":237},"14":{"loc":{"start":{"line":237,"column":10},"end":{"line":237,"column":76}},"type":"binary-expr","locations":[{"start":{"line":237,"column":10},"end":{"line":237,"column":24}},{"start":{"line":237,"column":24},"end":{"line":237,"column":58}},{"start":{"line":237,"column":58},"end":{"line":237,"column":76}}],"line":237},"15":{"loc":{"start":{"line":239,"column":8},"end":{"line":241,"column":null}},"type":"if","locations":[{"start":{"line":239,"column":8},"end":{"line":241,"column":null}},{"start":{},"end":{}}],"line":239},"16":{"loc":{"start":{"line":242,"column":8},"end":{"line":244,"column":null}},"type":"if","locations":[{"start":{"line":242,"column":8},"end":{"line":244,"column":null}},{"start":{},"end":{}}],"line":242},"17":{"loc":{"start":{"line":281,"column":8},"end":{"line":281,"column":null}},"type":"if","locations":[{"start":{"line":281,"column":8},"end":{"line":281,"column":null}},{"start":{},"end":{}}],"line":281},"18":{"loc":{"start":{"line":284,"column":6},"end":{"line":286,"column":null}},"type":"if","locations":[{"start":{"line":284,"column":6},"end":{"line":286,"column":null}},{"start":{},"end":{}}],"line":284},"19":{"loc":{"start":{"line":287,"column":6},"end":{"line":289,"column":null}},"type":"if","locations":[{"start":{"line":287,"column":6},"end":{"line":289,"column":null}},{"start":{},"end":{}}],"line":287},"20":{"loc":{"start":{"line":290,"column":6},"end":{"line":292,"column":null}},"type":"if","locations":[{"start":{"line":290,"column":6},"end":{"line":292,"column":null}},{"start":{},"end":{}}],"line":290},"21":{"loc":{"start":{"line":290,"column":10},"end":{"line":290,"column":60}},"type":"binary-expr","locations":[{"start":{"line":290,"column":10},"end":{"line":290,"column":21}},{"start":{"line":290,"column":21},"end":{"line":290,"column":60}}],"line":290},"22":{"loc":{"start":{"line":293,"column":6},"end":{"line":295,"column":null}},"type":"if","locations":[{"start":{"line":293,"column":6},"end":{"line":295,"column":null}},{"start":{},"end":{}}],"line":293},"23":{"loc":{"start":{"line":293,"column":10},"end":{"line":293,"column":58}},"type":"binary-expr","locations":[{"start":{"line":293,"column":10},"end":{"line":293,"column":21}},{"start":{"line":293,"column":21},"end":{"line":293,"column":58}}],"line":293},"24":{"loc":{"start":{"line":337,"column":4},"end":{"line":339,"column":null}},"type":"if","locations":[{"start":{"line":337,"column":4},"end":{"line":339,"column":null}},{"start":{},"end":{}}],"line":337},"25":{"loc":{"start":{"line":340,"column":4},"end":{"line":342,"column":null}},"type":"if","locations":[{"start":{"line":340,"column":4},"end":{"line":342,"column":null}},{"start":{},"end":{}}],"line":340},"26":{"loc":{"start":{"line":340,"column":8},"end":{"line":340,"column":40}},"type":"binary-expr","locations":[{"start":{"line":340,"column":8},"end":{"line":340,"column":26}},{"start":{"line":340,"column":26},"end":{"line":340,"column":40}}],"line":340},"27":{"loc":{"start":{"line":378,"column":8},"end":{"line":380,"column":null}},"type":"if","locations":[{"start":{"line":378,"column":8},"end":{"line":380,"column":null}},{"start":{},"end":{}}],"line":378},"28":{"loc":{"start":{"line":397,"column":21},"end":{"line":397,"column":null}},"type":"binary-expr","locations":[{"start":{"line":397,"column":21},"end":{"line":397,"column":48}},{"start":{"line":397,"column":48},"end":{"line":397,"column":94}},{"start":{"line":397,"column":94},"end":{"line":397,"column":null}}],"line":397},"29":{"loc":{"start":{"line":399,"column":4},"end":{"line":410,"column":null}},"type":"if","locations":[{"start":{"line":399,"column":4},"end":{"line":410,"column":null}},{"start":{},"end":{}}],"line":399},"30":{"loc":{"start":{"line":450,"column":6},"end":{"line":452,"column":null}},"type":"if","locations":[{"start":{"line":450,"column":6},"end":{"line":452,"column":null}},{"start":{},"end":{}}],"line":450},"31":{"loc":{"start":{"line":450,"column":10},"end":{"line":450,"column":71}},"type":"binary-expr","locations":[{"start":{"line":450,"column":10},"end":{"line":450,"column":32}},{"start":{"line":450,"column":32},"end":{"line":450,"column":71}}],"line":450},"32":{"loc":{"start":{"line":466,"column":4},"end":{"line":477,"column":null}},"type":"if","locations":[{"start":{"line":466,"column":4},"end":{"line":477,"column":null}},{"start":{},"end":{}}],"line":466},"33":{"loc":{"start":{"line":466,"column":8},"end":{"line":466,"column":61}},"type":"binary-expr","locations":[{"start":{"line":466,"column":8},"end":{"line":466,"column":26}},{"start":{"line":466,"column":26},"end":{"line":466,"column":61}}],"line":466},"34":{"loc":{"start":{"line":483,"column":6},"end":{"line":506,"column":null}},"type":"if","locations":[{"start":{"line":483,"column":6},"end":{"line":506,"column":null}},{"start":{},"end":{}}],"line":483},"35":{"loc":{"start":{"line":483,"column":10},"end":{"line":483,"column":75}},"type":"binary-expr","locations":[{"start":{"line":483,"column":10},"end":{"line":483,"column":49}},{"start":{"line":483,"column":49},"end":{"line":483,"column":75}}],"line":483},"36":{"loc":{"start":{"line":484,"column":8},"end":{"line":490,"column":null}},"type":"if","locations":[{"start":{"line":484,"column":8},"end":{"line":490,"column":null}},{"start":{},"end":{}}],"line":484},"37":{"loc":{"start":{"line":494,"column":10},"end":{"line":504,"column":null}},"type":"if","locations":[{"start":{"line":494,"column":10},"end":{"line":504,"column":null}},{"start":{},"end":{}}],"line":494},"38":{"loc":{"start":{"line":495,"column":12},"end":{"line":497,"column":null}},"type":"binary-expr","locations":[{"start":{"line":495,"column":12},"end":{"line":495,"column":null}},{"start":{"line":496,"column":12},"end":{"line":496,"column":null}},{"start":{"line":497,"column":12},"end":{"line":497,"column":null}}],"line":495},"39":{"loc":{"start":{"line":509,"column":4},"end":{"line":519,"column":null}},"type":"if","locations":[{"start":{"line":509,"column":4},"end":{"line":519,"column":null}},{"start":{},"end":{}}],"line":509},"40":{"loc":{"start":{"line":570,"column":16},"end":{"line":570,"column":null}},"type":"binary-expr","locations":[{"start":{"line":570,"column":16},"end":{"line":570,"column":37}},{"start":{"line":570,"column":37},"end":{"line":570,"column":null}}],"line":570},"41":{"loc":{"start":{"line":630,"column":6},"end":{"line":630,"column":null}},"type":"cond-expr","locations":[{"start":{"line":630,"column":13},"end":{"line":630,"column":55}},{"start":{"line":630,"column":55},"end":{"line":630,"column":null}}],"line":630}},"s":{"0":53,"1":53,"2":53,"3":53,"4":53,"5":53,"6":53,"7":53,"8":53,"9":53,"10":53,"11":55,"12":6,"13":6,"14":49,"15":1,"16":49,"17":49,"18":49,"19":8,"20":40,"21":40,"22":28,"23":12,"24":4,"25":8,"26":3,"27":2,"28":1,"29":1,"30":5,"31":2,"32":2,"33":2,"34":7,"35":7,"36":7,"37":7,"38":5,"39":5,"40":4,"41":1,"42":1,"43":2,"44":0,"45":0,"46":12,"47":12,"48":12,"49":12,"50":28,"51":28,"52":3,"53":12,"54":9,"55":3,"56":0,"57":3,"58":0,"59":3,"60":0,"61":3,"62":0,"63":0,"64":5,"65":3,"66":2,"67":1,"68":1,"69":4,"70":8,"71":5,"72":3,"73":18,"74":18,"75":18,"76":10,"77":18,"78":60,"79":60,"80":2,"81":2,"82":2,"83":0,"84":1,"85":1,"86":54,"87":1,"88":1,"89":53,"90":53,"91":125,"92":125,"93":85,"94":125,"95":433,"96":1,"97":53,"98":47,"99":3,"100":7,"101":7,"102":7,"103":1,"104":1,"105":13,"106":13,"107":7,"108":3,"109":1,"110":1,"111":4,"112":2,"113":2,"114":1},"f":{"0":53,"1":53,"2":55,"3":7,"4":12,"5":5,"6":4,"7":8,"8":18,"9":60,"10":2,"11":54,"12":3,"13":7,"14":1,"15":13,"16":7,"17":3,"18":1,"19":1,"20":4,"21":2,"22":2,"23":1},"b":{"0":[53,2],"1":[6,49],"2":[55,7],"3":[1,48],"4":[8,41],"5":[28,12],"6":[4,8],"7":[3,5],"8":[8,3],"9":[2,1],"10":[1,0],"11":[2,0],"12":[2,0],"13":[5,2],"14":[7,6,6],"15":[4,1],"16":[1,0],"17":[3,25],"18":[9,3],"19":[0,3],"20":[0,3],"21":[3,0],"22":[0,3],"23":[3,0],"24":[3,2],"25":[1,1],"26":[2,1],"27":[5,3],"28":[18,10,10],"29":[10,8],"30":[0,2],"31":[2,1],"32":[1,53],"33":[54,53],"34":[125,0],"35":[125,125],"36":[85,40],"37":[1,432],"38":[433,52,47],"39":[47,6],"40":[7,4],"41":[2,5]},"meta":{"lastBranch":42,"lastFunction":24,"lastStatement":115,"seen":{"f:99:2:99:14":0,"s:83:2:83:Infinity":0,"s:100:4:100:Infinity":1,"b:100:20:100:44:100:44:100:Infinity":0,"s:101:4:101:Infinity":2,"s:102:4:102:Infinity":3,"f:112:10:112:34":1,"s:114:4:114:Infinity":4,"s:115:4:115:Infinity":5,"s:116:4:116:Infinity":6,"s:117:4:120:Infinity":7,"s:121:4:124:Infinity":8,"s:125:4:128:Infinity":9,"s:129:4:129:Infinity":10,"f:158:2:158:6":2,"b:160:4:163:Infinity:undefined:undefined:undefined:undefined":1,"s:160:4:163:Infinity":11,"b:160:8:160:20:160:20:160:45":2,"s:161:27:161:Infinity":12,"s:162:6:162:Infinity":13,"b:165:4:167:Infinity:undefined:undefined:undefined:undefined":3,"s:165:4:167:Infinity":14,"s:166:6:166:Infinity":15,"s:169:4:207:Infinity":16,"s:170:32:170:Infinity":17,"b:171:6:173:Infinity:undefined:undefined:undefined:undefined":4,"s:171:6:173:Infinity":18,"s:172:8:172:Infinity":19,"s:175:27:175:Infinity":20,"b:178:6:180:Infinity:undefined:undefined:undefined:undefined":5,"s:178:6:180:Infinity":21,"s:179:8:179:Infinity":22,"b:183:6:185:Infinity:undefined:undefined:undefined:undefined":6,"s:183:6:185:Infinity":23,"s:184:8:184:Infinity":24,"b:188:6:195:Infinity:undefined:undefined:undefined:undefined":7,"s:188:6:195:Infinity":25,"b:188:10:188:26:188:26:188:60":8,"b:189:8:191:Infinity:undefined:undefined:undefined:undefined":9,"s:189:8:191:Infinity":26,"s:190:10:190:Infinity":27,"b:192:8:194:Infinity:undefined:undefined:undefined:undefined":10,"s:192:8:194:Infinity":28,"s:193:10:193:Infinity":29,"s:197:6:197:Infinity":30,"s:199:27:199:Infinity":31,"b:199:108:199:124:199:124:199:137":11,"s:200:6:205:Infinity":32,"b:203:40:203:56:203:56:203:Infinity":12,"s:206:6:206:Infinity":33,"f:232:2:232:8":3,"s:233:4:252:Infinity":34,"s:234:32:234:Infinity":35,"s:235:25:235:Infinity":36,"b:237:6:245:Infinity:undefined:undefined:undefined:undefined":13,"s:237:6:245:Infinity":37,"b:237:10:237:24:237:24:237:58:237:58:237:76":14,"s:238:29:238:Infinity":38,"b:239:8:241:Infinity:undefined:undefined:undefined:undefined":15,"s:239:8:241:Infinity":39,"s:240:10:240:Infinity":40,"b:242:8:244:Infinity:undefined:undefined:undefined:undefined":16,"s:242:8:244:Infinity":41,"s:243:10:243:Infinity":42,"s:248:6:248:Infinity":43,"s:250:6:250:Infinity":44,"s:251:6:251:Infinity":45,"f:274:2:274:9":4,"s:275:4:301:Infinity":46,"s:276:20:276:Infinity":47,"s:277:20:277:Infinity":48,"s:279:6:282:Infinity":49,"s:280:8:280:Infinity":50,"b:281:8:281:Infinity:undefined:undefined:undefined:undefined":17,"s:281:8:281:Infinity":51,"s:281:22:281:Infinity":52,"b:284:6:286:Infinity:undefined:undefined:undefined:undefined":18,"s:284:6:286:Infinity":53,"s:285:8:285:Infinity":54,"b:287:6:289:Infinity:undefined:undefined:undefined:undefined":19,"s:287:6:289:Infinity":55,"s:288:8:288:Infinity":56,"b:290:6:292:Infinity:undefined:undefined:undefined:undefined":20,"s:290:6:292:Infinity":57,"b:290:10:290:21:290:21:290:60":21,"s:291:8:291:Infinity":58,"b:293:6:295:Infinity:undefined:undefined:undefined:undefined":22,"s:293:6:295:Infinity":59,"b:293:10:293:21:293:21:293:58":23,"s:294:8:294:Infinity":60,"s:297:6:297:Infinity":61,"s:299:6:299:Infinity":62,"s:300:6:300:Infinity":63,"f:330:2:330:Infinity":5,"b:337:4:339:Infinity:undefined:undefined:undefined:undefined":24,"s:337:4:339:Infinity":64,"s:338:6:338:Infinity":65,"b:340:4:342:Infinity:undefined:undefined:undefined:undefined":25,"s:340:4:342:Infinity":66,"b:340:8:340:26:340:26:340:40":26,"s:341:6:341:Infinity":67,"s:343:4:343:Infinity":68,"f:375:2:375:13":6,"s:376:4:384:Infinity":69,"f:377:11:377:12":7,"b:378:8:380:Infinity:undefined:undefined:undefined:undefined":27,"s:378:8:380:Infinity":70,"s:379:10:379:Infinity":71,"s:381:8:381:Infinity":72,"f:395:10:395:22":8,"s:396:16:396:Infinity":73,"s:397:21:397:Infinity":74,"b:397:21:397:48:397:48:397:94:397:94:397:Infinity":28,"b:399:4:410:Infinity:undefined:undefined:undefined:undefined":29,"s:399:4:410:Infinity":75,"s:400:6:409:Infinity":76,"s:412:4:412:Infinity":77,"f:423:10:423:Infinity":9,"s:428:28:434:Infinity":78,"s:437:4:437:Infinity":79,"f:447:10:447:31":10,"s:448:4:456:Infinity":80,"s:449:32:449:Infinity":81,"b:450:6:452:Infinity:undefined:undefined:undefined:undefined":30,"s:450:6:452:Infinity":82,"b:450:10:450:32:450:32:450:71":31,"s:451:8:451:Infinity":83,"s:453:6:453:Infinity":84,"s:455:6:455:Infinity":85,"f:464:10:464:40":11,"b:466:4:477:Infinity:undefined:undefined:undefined:undefined":32,"s:466:4:477:Infinity":86,"b:466:8:466:26:466:26:466:61":33,"s:467:6:475:Infinity":87,"s:476:6:476:Infinity":88,"s:479:94:479:Infinity":89,"s:481:4:507:Infinity":90,"b:483:6:506:Infinity:undefined:undefined:undefined:undefined":34,"s:483:6:506:Infinity":91,"b:483:10:483:49:483:49:483:75":35,"b:484:8:490:Infinity:undefined:undefined:undefined:undefined":36,"s:484:8:490:Infinity":92,"s:485:10:489:Infinity":93,"s:493:8:505:Infinity":94,"b:494:10:504:Infinity:undefined:undefined:undefined:undefined":37,"s:494:10:504:Infinity":95,"b:495:12:495:Infinity:496:12:496:Infinity:497:12:497:Infinity":38,"s:499:12:503:Infinity":96,"b:509:4:519:Infinity:undefined:undefined:undefined:undefined":39,"s:509:4:519:Infinity":97,"s:510:6:518:Infinity":98,"f:540:2:540:14":12,"s:541:4:541:Infinity":99,"f:567:2:567:6":13,"s:568:4:573:Infinity":100,"s:569:32:569:Infinity":101,"s:570:6:570:Infinity":102,"b:570:16:570:37:570:37:570:Infinity":40,"s:572:6:572:Infinity":103,"f:595:16:595:31":14,"s:596:2:596:Infinity":104,"f:624:16:624:36":15,"s:625:19:625:Infinity":105,"s:627:2:646:Infinity":106,"f:629:12:629:13":16,"s:630:6:630:Infinity":107,"b:630:13:630:55:630:55:630:Infinity":41,"f:631:11:631:12":17,"s:631:32:631:Infinity":108,"f:632:11:632:12":18,"s:632:32:632:Infinity":109,"f:633:11:633:12":19,"s:633:32:633:Infinity":110,"f:636:9:636:10":20,"s:636:50:636:Infinity":111,"f:637:12:637:13":21,"s:637:30:637:Infinity":112,"f:638:10:638:Infinity":22,"s:644:9:644:Infinity":113,"f:645:13:645:17":23,"s:645:40:645:Infinity":114}}}
,"/Users/johnhuang/projects/design_system/src/core/typography.ts": {"path":"/Users/johnhuang/projects/design_system/src/core/typography.ts","statementMap":{"0":{"start":{"line":26,"column":11},"end":{"line":26,"column":null}},"1":{"start":{"line":26,"column":30},"end":{"line":26,"column":null}},"2":{"start":{"line":29,"column":11},"end":{"line":29,"column":null}},"3":{"start":{"line":29,"column":17},"end":{"line":29,"column":null}},"4":{"start":{"line":30,"column":13},"end":{"line":30,"column":null}},"5":{"start":{"line":30,"column":19},"end":{"line":30,"column":null}},"6":{"start":{"line":31,"column":14},"end":{"line":31,"column":null}},"7":{"start":{"line":31,"column":20},"end":{"line":31,"column":null}},"8":{"start":{"line":32,"column":15},"end":{"line":32,"column":null}},"9":{"start":{"line":32,"column":21},"end":{"line":32,"column":null}},"10":{"start":{"line":34,"column":21},"end":{"line":321,"column":null}},"11":{"start":{"line":44,"column":8},"end":{"line":44,"column":null}},"12":{"start":{"line":48,"column":8},"end":{"line":48,"column":null}},"13":{"start":{"line":52,"column":8},"end":{"line":52,"column":null}},"14":{"start":{"line":56,"column":8},"end":{"line":56,"column":null}},"15":{"start":{"line":60,"column":8},"end":{"line":60,"column":null}},"16":{"start":{"line":65,"column":6},"end":{"line":65,"column":null}},"17":{"start":{"line":68,"column":6},"end":{"line":68,"column":null}},"18":{"start":{"line":71,"column":6},"end":{"line":71,"column":null}},"19":{"start":{"line":74,"column":6},"end":{"line":74,"column":null}},"20":{"start":{"line":77,"column":6},"end":{"line":77,"column":null}},"21":{"start":{"line":80,"column":6},"end":{"line":80,"column":null}},"22":{"start":{"line":85,"column":8},"end":{"line":85,"column":null}},"23":{"start":{"line":88,"column":8},"end":{"line":88,"column":null}},"24":{"start":{"line":91,"column":8},"end":{"line":91,"column":null}},"25":{"start":{"line":94,"column":8},"end":{"line":94,"column":null}},"26":{"start":{"line":105,"column":6},"end":{"line":105,"column":null}},"27":{"start":{"line":109,"column":6},"end":{"line":109,"column":null}},"28":{"start":{"line":113,"column":6},"end":{"line":113,"column":null}},"29":{"start":{"line":117,"column":6},"end":{"line":117,"column":null}},"30":{"start":{"line":121,"column":6},"end":{"line":121,"column":null}},"31":{"start":{"line":126,"column":8},"end":{"line":126,"column":null}},"32":{"start":{"line":128,"column":8},"end":{"line":128,"column":null}},"33":{"start":{"line":130,"column":8},"end":{"line":130,"column":null}},"34":{"start":{"line":132,"column":8},"end":{"line":132,"column":null}},"35":{"start":{"line":138,"column":8},"end":{"line":138,"column":null}},"36":{"start":{"line":140,"column":8},"end":{"line":140,"column":null}},"37":{"start":{"line":142,"column":8},"end":{"line":142,"column":null}},"38":{"start":{"line":144,"column":8},"end":{"line":144,"column":null}},"39":{"start":{"line":150,"column":8},"end":{"line":150,"column":null}},"40":{"start":{"line":152,"column":8},"end":{"line":152,"column":null}},"41":{"start":{"line":154,"column":8},"end":{"line":154,"column":null}},"42":{"start":{"line":156,"column":8},"end":{"line":156,"column":null}},"43":{"start":{"line":168,"column":6},"end":{"line":168,"column":null}},"44":{"start":{"line":172,"column":6},"end":{"line":172,"column":null}},"45":{"start":{"line":176,"column":6},"end":{"line":176,"column":null}},"46":{"start":{"line":183,"column":6},"end":{"line":183,"column":null}},"47":{"start":{"line":187,"column":6},"end":{"line":187,"column":null}},"48":{"start":{"line":191,"column":6},"end":{"line":191,"column":null}},"49":{"start":{"line":198,"column":6},"end":{"line":198,"column":null}},"50":{"start":{"line":202,"column":6},"end":{"line":202,"column":null}},"51":{"start":{"line":206,"column":6},"end":{"line":206,"column":null}},"52":{"start":{"line":210,"column":6},"end":{"line":210,"column":null}},"53":{"start":{"line":217,"column":6},"end":{"line":217,"column":null}},"54":{"start":{"line":221,"column":6},"end":{"line":221,"column":null}},"55":{"start":{"line":225,"column":6},"end":{"line":225,"column":null}},"56":{"start":{"line":232,"column":6},"end":{"line":232,"column":null}},"57":{"start":{"line":236,"column":6},"end":{"line":236,"column":null}},"58":{"start":{"line":240,"column":6},"end":{"line":240,"column":null}},"59":{"start":{"line":244,"column":6},"end":{"line":244,"column":null}},"60":{"start":{"line":248,"column":6},"end":{"line":248,"column":null}},"61":{"start":{"line":252,"column":6},"end":{"line":252,"column":null}},"62":{"start":{"line":262,"column":6},"end":{"line":262,"column":null}},"63":{"start":{"line":266,"column":6},"end":{"line":266,"column":null}},"64":{"start":{"line":270,"column":6},"end":{"line":270,"column":null}},"65":{"start":{"line":274,"column":6},"end":{"line":274,"column":null}},"66":{"start":{"line":278,"column":6},"end":{"line":278,"column":null}},"67":{"start":{"line":282,"column":6},"end":{"line":282,"column":null}},"68":{"start":{"line":293,"column":6},"end":{"line":293,"column":null}},"69":{"start":{"line":296,"column":18},"end":{"line":296,"column":null}},"70":{"start":{"line":299,"column":18},"end":{"line":299,"column":null}},"71":{"start":{"line":302,"column":18},"end":{"line":302,"column":null}},"72":{"start":{"line":309,"column":6},"end":{"line":312,"column":null}},"73":{"start":{"line":316,"column":6},"end":{"line":319,"column":null}},"74":{"start":{"line":336,"column":24},"end":{"line":362,"column":null}},"75":{"start":{"line":348,"column":91},"end":{"line":348,"column":null}},"76":{"start":{"line":350,"column":2},"end":{"line":361,"column":null}},"77":{"start":{"line":370,"column":26},"end":{"line":372,"column":null}},"78":{"start":{"line":371,"column":2},"end":{"line":371,"column":null}},"79":{"start":{"line":387,"column":29},"end":{"line":408,"column":null}},"80":{"start":{"line":397,"column":28},"end":{"line":397,"column":null}},"81":{"start":{"line":399,"column":2},"end":{"line":399,"column":null}},"82":{"start":{"line":401,"column":2},"end":{"line":401,"column":null}},"83":{"start":{"line":401,"column":22},"end":{"line":401,"column":null}},"84":{"start":{"line":402,"column":2},"end":{"line":402,"column":null}},"85":{"start":{"line":402,"column":22},"end":{"line":402,"column":null}},"86":{"start":{"line":403,"column":2},"end":{"line":403,"column":null}},"87":{"start":{"line":403,"column":22},"end":{"line":403,"column":null}},"88":{"start":{"line":404,"column":2},"end":{"line":404,"column":null}},"89":{"start":{"line":404,"column":22},"end":{"line":404,"column":null}},"90":{"start":{"line":405,"column":2},"end":{"line":405,"column":null}},"91":{"start":{"line":405,"column":26},"end":{"line":405,"column":null}},"92":{"start":{"line":407,"column":2},"end":{"line":407,"column":null}}},"fnMap":{"0":{"name":"(anonymous_0)","decl":{"start":{"line":26,"column":11},"end":{"line":26,"column":12}},"loc":{"start":{"line":26,"column":30},"end":{"line":26,"column":null}},"line":26},"1":{"name":"(anonymous_1)","decl":{"start":{"line":29,"column":11},"end":{"line":29,"column":17}},"loc":{"start":{"line":29,"column":17},"end":{"line":29,"column":null}},"line":29},"2":{"name":"(anonymous_2)","decl":{"start":{"line":30,"column":13},"end":{"line":30,"column":19}},"loc":{"start":{"line":30,"column":19},"end":{"line":30,"column":null}},"line":30},"3":{"name":"(anonymous_3)","decl":{"start":{"line":31,"column":14},"end":{"line":31,"column":20}},"loc":{"start":{"line":31,"column":20},"end":{"line":31,"column":null}},"line":31},"4":{"name":"(anonymous_4)","decl":{"start":{"line":32,"column":15},"end":{"line":32,"column":21}},"loc":{"start":{"line":32,"column":21},"end":{"line":32,"column":null}},"line":32},"5":{"name":"(anonymous_5)","decl":{"start":{"line":43,"column":12},"end":{"line":43,"column":null}},"loc":{"start":{"line":44,"column":8},"end":{"line":44,"column":null}},"line":44},"6":{"name":"(anonymous_6)","decl":{"start":{"line":47,"column":10},"end":{"line":47,"column":null}},"loc":{"start":{"line":48,"column":8},"end":{"line":48,"column":null}},"line":48},"7":{"name":"(anonymous_7)","decl":{"start":{"line":51,"column":10},"end":{"line":51,"column":null}},"loc":{"start":{"line":52,"column":8},"end":{"line":52,"column":null}},"line":52},"8":{"name":"(anonymous_8)","decl":{"start":{"line":55,"column":10},"end":{"line":55,"column":null}},"loc":{"start":{"line":56,"column":8},"end":{"line":56,"column":null}},"line":56},"9":{"name":"(anonymous_9)","decl":{"start":{"line":59,"column":10},"end":{"line":59,"column":null}},"loc":{"start":{"line":60,"column":8},"end":{"line":60,"column":null}},"line":60},"10":{"name":"(anonymous_10)","decl":{"start":{"line":64,"column":8},"end":{"line":64,"column":null}},"loc":{"start":{"line":65,"column":6},"end":{"line":65,"column":null}},"line":65},"11":{"name":"(anonymous_11)","decl":{"start":{"line":67,"column":8},"end":{"line":67,"column":null}},"loc":{"start":{"line":68,"column":6},"end":{"line":68,"column":null}},"line":68},"12":{"name":"(anonymous_12)","decl":{"start":{"line":70,"column":8},"end":{"line":70,"column":null}},"loc":{"start":{"line":71,"column":6},"end":{"line":71,"column":null}},"line":71},"13":{"name":"(anonymous_13)","decl":{"start":{"line":73,"column":8},"end":{"line":73,"column":null}},"loc":{"start":{"line":74,"column":6},"end":{"line":74,"column":null}},"line":74},"14":{"name":"(anonymous_14)","decl":{"start":{"line":76,"column":8},"end":{"line":76,"column":null}},"loc":{"start":{"line":77,"column":6},"end":{"line":77,"column":null}},"line":77},"15":{"name":"(anonymous_15)","decl":{"start":{"line":79,"column":8},"end":{"line":79,"column":null}},"loc":{"start":{"line":80,"column":6},"end":{"line":80,"column":null}},"line":80},"16":{"name":"(anonymous_16)","decl":{"start":{"line":84,"column":10},"end":{"line":84,"column":null}},"loc":{"start":{"line":85,"column":8},"end":{"line":85,"column":null}},"line":85},"17":{"name":"(anonymous_17)","decl":{"start":{"line":87,"column":10},"end":{"line":87,"column":null}},"loc":{"start":{"line":88,"column":8},"end":{"line":88,"column":null}},"line":88},"18":{"name":"(anonymous_18)","decl":{"start":{"line":90,"column":10},"end":{"line":90,"column":null}},"loc":{"start":{"line":91,"column":8},"end":{"line":91,"column":null}},"line":91},"19":{"name":"(anonymous_19)","decl":{"start":{"line":93,"column":15},"end":{"line":93,"column":null}},"loc":{"start":{"line":94,"column":8},"end":{"line":94,"column":null}},"line":94},"20":{"name":"(anonymous_20)","decl":{"start":{"line":104,"column":8},"end":{"line":104,"column":null}},"loc":{"start":{"line":105,"column":6},"end":{"line":105,"column":null}},"line":105},"21":{"name":"(anonymous_21)","decl":{"start":{"line":108,"column":8},"end":{"line":108,"column":null}},"loc":{"start":{"line":109,"column":6},"end":{"line":109,"column":null}},"line":109},"22":{"name":"(anonymous_22)","decl":{"start":{"line":112,"column":8},"end":{"line":112,"column":null}},"loc":{"start":{"line":113,"column":6},"end":{"line":113,"column":null}},"line":113},"23":{"name":"(anonymous_23)","decl":{"start":{"line":116,"column":8},"end":{"line":116,"column":null}},"loc":{"start":{"line":117,"column":6},"end":{"line":117,"column":null}},"line":117},"24":{"name":"(anonymous_24)","decl":{"start":{"line":120,"column":8},"end":{"line":120,"column":null}},"loc":{"start":{"line":121,"column":6},"end":{"line":121,"column":null}},"line":121},"25":{"name":"(anonymous_25)","decl":{"start":{"line":125,"column":10},"end":{"line":125,"column":null}},"loc":{"start":{"line":126,"column":8},"end":{"line":126,"column":null}},"line":126},"26":{"name":"(anonymous_26)","decl":{"start":{"line":127,"column":10},"end":{"line":127,"column":null}},"loc":{"start":{"line":128,"column":8},"end":{"line":128,"column":null}},"line":128},"27":{"name":"(anonymous_27)","decl":{"start":{"line":129,"column":10},"end":{"line":129,"column":null}},"loc":{"start":{"line":130,"column":8},"end":{"line":130,"column":null}},"line":130},"28":{"name":"(anonymous_28)","decl":{"start":{"line":131,"column":10},"end":{"line":131,"column":null}},"loc":{"start":{"line":132,"column":8},"end":{"line":132,"column":null}},"line":132},"29":{"name":"(anonymous_29)","decl":{"start":{"line":137,"column":10},"end":{"line":137,"column":null}},"loc":{"start":{"line":138,"column":8},"end":{"line":138,"column":null}},"line":138},"30":{"name":"(anonymous_30)","decl":{"start":{"line":139,"column":10},"end":{"line":139,"column":null}},"loc":{"start":{"line":140,"column":8},"end":{"line":140,"column":null}},"line":140},"31":{"name":"(anonymous_31)","decl":{"start":{"line":141,"column":10},"end":{"line":141,"column":null}},"loc":{"start":{"line":142,"column":8},"end":{"line":142,"column":null}},"line":142},"32":{"name":"(anonymous_32)","decl":{"start":{"line":143,"column":10},"end":{"line":143,"column":null}},"loc":{"start":{"line":144,"column":8},"end":{"line":144,"column":null}},"line":144},"33":{"name":"(anonymous_33)","decl":{"start":{"line":149,"column":10},"end":{"line":149,"column":null}},"loc":{"start":{"line":150,"column":8},"end":{"line":150,"column":null}},"line":150},"34":{"name":"(anonymous_34)","decl":{"start":{"line":151,"column":10},"end":{"line":151,"column":null}},"loc":{"start":{"line":152,"column":8},"end":{"line":152,"column":null}},"line":152},"35":{"name":"(anonymous_35)","decl":{"start":{"line":153,"column":10},"end":{"line":153,"column":null}},"loc":{"start":{"line":154,"column":8},"end":{"line":154,"column":null}},"line":154},"36":{"name":"(anonymous_36)","decl":{"start":{"line":155,"column":10},"end":{"line":155,"column":null}},"loc":{"start":{"line":156,"column":8},"end":{"line":156,"column":null}},"line":156},"37":{"name":"(anonymous_37)","decl":{"start":{"line":167,"column":13},"end":{"line":167,"column":null}},"loc":{"start":{"line":168,"column":6},"end":{"line":168,"column":null}},"line":168},"38":{"name":"(anonymous_38)","decl":{"start":{"line":171,"column":14},"end":{"line":171,"column":null}},"loc":{"start":{"line":172,"column":6},"end":{"line":172,"column":null}},"line":172},"39":{"name":"(anonymous_39)","decl":{"start":{"line":175,"column":15},"end":{"line":175,"column":null}},"loc":{"start":{"line":176,"column":6},"end":{"line":176,"column":null}},"line":176},"40":{"name":"(anonymous_40)","decl":{"start":{"line":182,"column":8},"end":{"line":182,"column":null}},"loc":{"start":{"line":183,"column":6},"end":{"line":183,"column":null}},"line":183},"41":{"name":"(anonymous_41)","decl":{"start":{"line":186,"column":8},"end":{"line":186,"column":null}},"loc":{"start":{"line":187,"column":6},"end":{"line":187,"column":null}},"line":187},"42":{"name":"(anonymous_42)","decl":{"start":{"line":190,"column":8},"end":{"line":190,"column":null}},"loc":{"start":{"line":191,"column":6},"end":{"line":191,"column":null}},"line":191},"43":{"name":"(anonymous_43)","decl":{"start":{"line":197,"column":13},"end":{"line":197,"column":null}},"loc":{"start":{"line":198,"column":6},"end":{"line":198,"column":null}},"line":198},"44":{"name":"(anonymous_44)","decl":{"start":{"line":201,"column":12},"end":{"line":201,"column":null}},"loc":{"start":{"line":202,"column":6},"end":{"line":202,"column":null}},"line":202},"45":{"name":"(anonymous_45)","decl":{"start":{"line":205,"column":11},"end":{"line":205,"column":null}},"loc":{"start":{"line":206,"column":6},"end":{"line":206,"column":null}},"line":206},"46":{"name":"(anonymous_46)","decl":{"start":{"line":209,"column":14},"end":{"line":209,"column":null}},"loc":{"start":{"line":210,"column":6},"end":{"line":210,"column":null}},"line":210},"47":{"name":"(anonymous_47)","decl":{"start":{"line":216,"column":12},"end":{"line":216,"column":null}},"loc":{"start":{"line":217,"column":6},"end":{"line":217,"column":null}},"line":217},"48":{"name":"(anonymous_48)","decl":{"start":{"line":220,"column":11},"end":{"line":220,"column":null}},"loc":{"start":{"line":221,"column":6},"end":{"line":221,"column":null}},"line":221},"49":{"name":"(anonymous_49)","decl":{"start":{"line":224,"column":11},"end":{"line":224,"column":null}},"loc":{"start":{"line":225,"column":6},"end":{"line":225,"column":null}},"line":225},"50":{"name":"(anonymous_50)","decl":{"start":{"line":231,"column":13},"end":{"line":231,"column":null}},"loc":{"start":{"line":232,"column":6},"end":{"line":232,"column":null}},"line":232},"51":{"name":"(anonymous_51)","decl":{"start":{"line":235,"column":14},"end":{"line":235,"column":null}},"loc":{"start":{"line":236,"column":6},"end":{"line":236,"column":null}},"line":236},"52":{"name":"(anonymous_52)","decl":{"start":{"line":239,"column":14},"end":{"line":239,"column":null}},"loc":{"start":{"line":240,"column":6},"end":{"line":240,"column":null}},"line":240},"53":{"name":"(anonymous_53)","decl":{"start":{"line":243,"column":12},"end":{"line":243,"column":null}},"loc":{"start":{"line":244,"column":6},"end":{"line":244,"column":null}},"line":244},"54":{"name":"(anonymous_54)","decl":{"start":{"line":247,"column":11},"end":{"line":247,"column":null}},"loc":{"start":{"line":248,"column":6},"end":{"line":248,"column":null}},"line":248},"55":{"name":"(anonymous_55)","decl":{"start":{"line":251,"column":13},"end":{"line":251,"column":null}},"loc":{"start":{"line":252,"column":6},"end":{"line":252,"column":null}},"line":252},"56":{"name":"(anonymous_56)","decl":{"start":{"line":261,"column":13},"end":{"line":261,"column":null}},"loc":{"start":{"line":262,"column":6},"end":{"line":262,"column":null}},"line":262},"57":{"name":"(anonymous_57)","decl":{"start":{"line":265,"column":18},"end":{"line":265,"column":null}},"loc":{"start":{"line":266,"column":6},"end":{"line":266,"column":null}},"line":266},"58":{"name":"(anonymous_58)","decl":{"start":{"line":269,"column":10},"end":{"line":269,"column":null}},"loc":{"start":{"line":270,"column":6},"end":{"line":270,"column":null}},"line":270},"59":{"name":"(anonymous_59)","decl":{"start":{"line":273,"column":12},"end":{"line":273,"column":null}},"loc":{"start":{"line":274,"column":6},"end":{"line":274,"column":null}},"line":274},"60":{"name":"(anonymous_60)","decl":{"start":{"line":277,"column":11},"end":{"line":277,"column":null}},"loc":{"start":{"line":278,"column":6},"end":{"line":278,"column":null}},"line":278},"61":{"name":"(anonymous_61)","decl":{"start":{"line":281,"column":12},"end":{"line":281,"column":null}},"loc":{"start":{"line":282,"column":6},"end":{"line":282,"column":null}},"line":282},"62":{"name":"(anonymous_62)","decl":{"start":{"line":292,"column":10},"end":{"line":292,"column":null}},"loc":{"start":{"line":293,"column":6},"end":{"line":293,"column":null}},"line":293},"63":{"name":"(anonymous_63)","decl":{"start":{"line":296,"column":12},"end":{"line":296,"column":18}},"loc":{"start":{"line":296,"column":18},"end":{"line":296,"column":null}},"line":296},"64":{"name":"(anonymous_64)","decl":{"start":{"line":299,"column":12},"end":{"line":299,"column":18}},"loc":{"start":{"line":299,"column":18},"end":{"line":299,"column":null}},"line":299},"65":{"name":"(anonymous_65)","decl":{"start":{"line":302,"column":12},"end":{"line":302,"column":18}},"loc":{"start":{"line":302,"column":18},"end":{"line":302,"column":null}},"line":302},"66":{"name":"(anonymous_66)","decl":{"start":{"line":308,"column":13},"end":{"line":308,"column":null}},"loc":{"start":{"line":309,"column":6},"end":{"line":312,"column":null}},"line":309},"67":{"name":"(anonymous_67)","decl":{"start":{"line":315,"column":11},"end":{"line":315,"column":null}},"loc":{"start":{"line":316,"column":6},"end":{"line":319,"column":null}},"line":316},"68":{"name":"(anonymous_68)","decl":{"start":{"line":336,"column":24},"end":{"line":336,"column":null}},"loc":{"start":{"line":347,"column":13},"end":{"line":362,"column":null}},"line":347},"69":{"name":"(anonymous_69)","decl":{"start":{"line":370,"column":26},"end":{"line":370,"column":30}},"loc":{"start":{"line":370,"column":59},"end":{"line":372,"column":null}},"line":370},"70":{"name":"(anonymous_70)","decl":{"start":{"line":387,"column":29},"end":{"line":387,"column":null}},"loc":{"start":{"line":396,"column":13},"end":{"line":408,"column":null}},"line":396}},"branchMap":{"0":{"loc":{"start":{"line":26,"column":30},"end":{"line":26,"column":null}},"type":"cond-expr","locations":[{"start":{"line":26,"column":77},"end":{"line":26,"column":88}},{"start":{"line":26,"column":88},"end":{"line":26,"column":null}}],"line":26},"1":{"loc":{"start":{"line":337,"column":2},"end":{"line":337,"column":null}},"type":"default-arg","locations":[{"start":{"line":337,"column":56},"end":{"line":337,"column":null}}],"line":337},"2":{"loc":{"start":{"line":338,"column":2},"end":{"line":338,"column":null}},"type":"default-arg","locations":[{"start":{"line":338,"column":56},"end":{"line":338,"column":null}}],"line":338},"3":{"loc":{"start":{"line":339,"column":2},"end":{"line":339,"column":null}},"type":"default-arg","locations":[{"start":{"line":339,"column":56},"end":{"line":339,"column":null}}],"line":339},"4":{"loc":{"start":{"line":340,"column":2},"end":{"line":340,"column":null}},"type":"default-arg","locations":[{"start":{"line":340,"column":18},"end":{"line":340,"column":null}}],"line":340},"5":{"loc":{"start":{"line":341,"column":2},"end":{"line":346,"column":null}},"type":"default-arg","locations":[{"start":{"line":346,"column":6},"end":{"line":346,"column":null}}],"line":341},"6":{"loc":{"start":{"line":348,"column":10},"end":{"line":348,"column":28}},"type":"default-arg","locations":[{"start":{"line":348,"column":20},"end":{"line":348,"column":28}}],"line":348},"7":{"loc":{"start":{"line":348,"column":28},"end":{"line":348,"column":47}},"type":"default-arg","locations":[{"start":{"line":348,"column":39},"end":{"line":348,"column":47}}],"line":348},"8":{"loc":{"start":{"line":348,"column":47},"end":{"line":348,"column":67}},"type":"default-arg","locations":[{"start":{"line":348,"column":59},"end":{"line":348,"column":67}}],"line":348},"9":{"loc":{"start":{"line":348,"column":67},"end":{"line":348,"column":87}},"type":"default-arg","locations":[{"start":{"line":348,"column":80},"end":{"line":348,"column":87}}],"line":348},"10":{"loc":{"start":{"line":401,"column":2},"end":{"line":401,"column":null}},"type":"if","locations":[{"start":{"line":401,"column":2},"end":{"line":401,"column":null}},{"start":{},"end":{}}],"line":401},"11":{"loc":{"start":{"line":402,"column":2},"end":{"line":402,"column":null}},"type":"if","locations":[{"start":{"line":402,"column":2},"end":{"line":402,"column":null}},{"start":{},"end":{}}],"line":402},"12":{"loc":{"start":{"line":403,"column":2},"end":{"line":403,"column":null}},"type":"if","locations":[{"start":{"line":403,"column":2},"end":{"line":403,"column":null}},{"start":{},"end":{}}],"line":403},"13":{"loc":{"start":{"line":404,"column":2},"end":{"line":404,"column":null}},"type":"if","locations":[{"start":{"line":404,"column":2},"end":{"line":404,"column":null}},{"start":{},"end":{}}],"line":404},"14":{"loc":{"start":{"line":405,"column":2},"end":{"line":405,"column":null}},"type":"if","locations":[{"start":{"line":405,"column":2},"end":{"line":405,"column":null}},{"start":{},"end":{}}],"line":405}},"s":{"0":7,"1":1170,"2":7,"3":585,"4":7,"5":116,"6":7,"7":153,"8":7,"9":77,"10":7,"11":20,"12":20,"13":20,"14":19,"15":19,"16":22,"17":20,"18":20,"19":19,"20":19,"21":19,"22":22,"23":18,"24":18,"25":19,"26":19,"27":20,"28":19,"29":20,"30":20,"31":18,"32":21,"33":18,"34":18,"35":18,"36":18,"37":21,"38":18,"39":18,"40":19,"41":18,"42":20,"43":19,"44":19,"45":20,"46":20,"47":19,"48":19,"49":21,"50":20,"51":20,"52":20,"53":21,"54":20,"55":20,"56":20,"57":20,"58":19,"59":19,"60":20,"61":19,"62":21,"63":19,"64":19,"65":20,"66":19,"67":20,"68":21,"69":20,"70":20,"71":19,"72":19,"73":19,"74":7,"75":6,"76":6,"77":7,"78":3,"79":7,"80":4,"81":4,"82":4,"83":4,"84":4,"85":3,"86":4,"87":4,"88":4,"89":2,"90":4,"91":2,"92":4},"f":{"0":1170,"1":585,"2":116,"3":153,"4":77,"5":20,"6":20,"7":20,"8":19,"9":19,"10":22,"11":20,"12":20,"13":19,"14":19,"15":19,"16":22,"17":18,"18":18,"19":19,"20":19,"21":20,"22":19,"23":20,"24":20,"25":18,"26":21,"27":18,"28":18,"29":18,"30":18,"31":21,"32":18,"33":18,"34":19,"35":18,"36":20,"37":19,"38":19,"39":20,"40":20,"41":19,"42":19,"43":21,"44":20,"45":20,"46":20,"47":21,"48":20,"49":20,"50":20,"51":20,"52":19,"53":19,"54":20,"55":19,"56":21,"57":19,"58":19,"59":20,"60":19,"61":20,"62":21,"63":20,"64":20,"65":19,"66":19,"67":19,"68":6,"69":3,"70":4},"b":{"0":[540,630],"1":[6],"2":[6],"3":[6],"4":[6],"5":[6],"6":[6],"7":[6],"8":[6],"9":[6],"10":[4,0],"11":[3,1],"12":[4,0],"13":[2,2],"14":[2,2]},"meta":{"lastBranch":15,"lastFunction":71,"lastStatement":93,"seen":{"s:26:11:26:Infinity":0,"f:26:11:26:12":0,"s:26:30:26:Infinity":1,"b:26:77:26:88:26:88:26:Infinity":0,"s:29:11:29:Infinity":2,"f:29:11:29:17":1,"s:29:17:29:Infinity":3,"s:30:13:30:Infinity":4,"f:30:13:30:19":2,"s:30:19:30:Infinity":5,"s:31:14:31:Infinity":6,"f:31:14:31:20":3,"s:31:20:31:Infinity":7,"s:32:15:32:Infinity":8,"f:32:15:32:21":4,"s:32:21:32:Infinity":9,"s:34:21:321:Infinity":10,"f:43:12:43:Infinity":5,"s:44:8:44:Infinity":11,"f:47:10:47:Infinity":6,"s:48:8:48:Infinity":12,"f:51:10:51:Infinity":7,"s:52:8:52:Infinity":13,"f:55:10:55:Infinity":8,"s:56:8:56:Infinity":14,"f:59:10:59:Infinity":9,"s:60:8:60:Infinity":15,"f:64:8:64:Infinity":10,"s:65:6:65:Infinity":16,"f:67:8:67:Infinity":11,"s:68:6:68:Infinity":17,"f:70:8:70:Infinity":12,"s:71:6:71:Infinity":18,"f:73:8:73:Infinity":13,"s:74:6:74:Infinity":19,"f:76:8:76:Infinity":14,"s:77:6:77:Infinity":20,"f:79:8:79:Infinity":15,"s:80:6:80:Infinity":21,"f:84:10:84:Infinity":16,"s:85:8:85:Infinity":22,"f:87:10:87:Infinity":17,"s:88:8:88:Infinity":23,"f:90:10:90:Infinity":18,"s:91:8:91:Infinity":24,"f:93:15:93:Infinity":19,"s:94:8:94:Infinity":25,"f:104:8:104:Infinity":20,"s:105:6:105:Infinity":26,"f:108:8:108:Infinity":21,"s:109:6:109:Infinity":27,"f:112:8:112:Infinity":22,"s:113:6:113:Infinity":28,"f:116:8:116:Infinity":23,"s:117:6:117:Infinity":29,"f:120:8:120:Infinity":24,"s:121:6:121:Infinity":30,"f:125:10:125:Infinity":25,"s:126:8:126:Infinity":31,"f:127:10:127:Infinity":26,"s:128:8:128:Infinity":32,"f:129:10:129:Infinity":27,"s:130:8:130:Infinity":33,"f:131:10:131:Infinity":28,"s:132:8:132:Infinity":34,"f:137:10:137:Infinity":29,"s:138:8:138:Infinity":35,"f:139:10:139:Infinity":30,"s:140:8:140:Infinity":36,"f:141:10:141:Infinity":31,"s:142:8:142:Infinity":37,"f:143:10:143:Infinity":32,"s:144:8:144:Infinity":38,"f:149:10:149:Infinity":33,"s:150:8:150:Infinity":39,"f:151:10:151:Infinity":34,"s:152:8:152:Infinity":40,"f:153:10:153:Infinity":35,"s:154:8:154:Infinity":41,"f:155:10:155:Infinity":36,"s:156:8:156:Infinity":42,"f:167:13:167:Infinity":37,"s:168:6:168:Infinity":43,"f:171:14:171:Infinity":38,"s:172:6:172:Infinity":44,"f:175:15:175:Infinity":39,"s:176:6:176:Infinity":45,"f:182:8:182:Infinity":40,"s:183:6:183:Infinity":46,"f:186:8:186:Infinity":41,"s:187:6:187:Infinity":47,"f:190:8:190:Infinity":42,"s:191:6:191:Infinity":48,"f:197:13:197:Infinity":43,"s:198:6:198:Infinity":49,"f:201:12:201:Infinity":44,"s:202:6:202:Infinity":50,"f:205:11:205:Infinity":45,"s:206:6:206:Infinity":51,"f:209:14:209:Infinity":46,"s:210:6:210:Infinity":52,"f:216:12:216:Infinity":47,"s:217:6:217:Infinity":53,"f:220:11:220:Infinity":48,"s:221:6:221:Infinity":54,"f:224:11:224:Infinity":49,"s:225:6:225:Infinity":55,"f:231:13:231:Infinity":50,"s:232:6:232:Infinity":56,"f:235:14:235:Infinity":51,"s:236:6:236:Infinity":57,"f:239:14:239:Infinity":52,"s:240:6:240:Infinity":58,"f:243:12:243:Infinity":53,"s:244:6:244:Infinity":59,"f:247:11:247:Infinity":54,"s:248:6:248:Infinity":60,"f:251:13:251:Infinity":55,"s:252:6:252:Infinity":61,"f:261:13:261:Infinity":56,"s:262:6:262:Infinity":62,"f:265:18:265:Infinity":57,"s:266:6:266:Infinity":63,"f:269:10:269:Infinity":58,"s:270:6:270:Infinity":64,"f:273:12:273:Infinity":59,"s:274:6:274:Infinity":65,"f:277:11:277:Infinity":60,"s:278:6:278:Infinity":66,"f:281:12:281:Infinity":61,"s:282:6:282:Infinity":67,"f:292:10:292:Infinity":62,"s:293:6:293:Infinity":68,"f:296:12:296:18":63,"s:296:18:296:Infinity":69,"f:299:12:299:18":64,"s:299:18:299:Infinity":70,"f:302:12:302:18":65,"s:302:18:302:Infinity":71,"f:308:13:308:Infinity":66,"s:309:6:312:Infinity":72,"f:315:11:315:Infinity":67,"s:316:6:319:Infinity":73,"s:336:24:362:Infinity":74,"f:336:24:336:Infinity":68,"b:337:56:337:Infinity":1,"b:338:56:338:Infinity":2,"b:339:56:339:Infinity":3,"b:340:18:340:Infinity":4,"b:346:6:346:Infinity":5,"s:348:91:348:Infinity":75,"b:348:20:348:28":6,"b:348:39:348:47":7,"b:348:59:348:67":8,"b:348:80:348:87":9,"s:350:2:361:Infinity":76,"s:370:26:372:Infinity":77,"f:370:26:370:30":69,"s:371:2:371:Infinity":78,"s:387:29:408:Infinity":79,"f:387:29:387:Infinity":70,"s:397:28:397:Infinity":80,"s:399:2:399:Infinity":81,"b:401:2:401:Infinity:undefined:undefined:undefined:undefined":10,"s:401:2:401:Infinity":82,"s:401:22:401:Infinity":83,"b:402:2:402:Infinity:undefined:undefined:undefined:undefined":11,"s:402:2:402:Infinity":84,"s:402:22:402:Infinity":85,"b:403:2:403:Infinity:undefined:undefined:undefined:undefined":12,"s:403:2:403:Infinity":86,"s:403:22:403:Infinity":87,"b:404:2:404:Infinity:undefined:undefined:undefined:undefined":13,"s:404:2:404:Infinity":88,"s:404:22:404:Infinity":89,"b:405:2:405:Infinity:undefined:undefined:undefined:undefined":14,"s:405:2:405:Infinity":90,"s:405:26:405:Infinity":91,"s:407:2:407:Infinity":92}}}
,"/Users/johnhuang/projects/design_system/src/core/variants.ts": {"path":"/Users/johnhuang/projects/design_system/src/core/variants.ts","statementMap":{"0":{"start":{"line":20,"column":2},"end":{"line":20,"column":null}},"1":{"start":{"line":20,"column":25},"end":{"line":20,"column":null}},"2":{"start":{"line":21,"column":2},"end":{"line":21,"column":null}},"3":{"start":{"line":21,"column":18},"end":{"line":21,"column":null}},"4":{"start":{"line":22,"column":8},"end":{"line":22,"column":null}},"5":{"start":{"line":23,"column":2},"end":{"line":23,"column":null}},"6":{"start":{"line":32,"column":51},"end":{"line":109,"column":null}},"7":{"start":{"line":119,"column":12},"end":{"line":133,"column":null}},"8":{"start":{"line":121,"column":19},"end":{"line":121,"column":57}},"9":{"start":{"line":123,"column":23},"end":{"line":123,"column":null}},"10":{"start":{"line":124,"column":21},"end":{"line":124,"column":null}},"11":{"start":{"line":125,"column":19},"end":{"line":125,"column":null}},"12":{"start":{"line":126,"column":23},"end":{"line":126,"column":null}},"13":{"start":{"line":127,"column":19},"end":{"line":127,"column":null}},"14":{"start":{"line":128,"column":22},"end":{"line":128,"column":null}},"15":{"start":{"line":129,"column":21},"end":{"line":129,"column":null}},"16":{"start":{"line":130,"column":6},"end":{"line":130,"column":null}},"17":{"start":{"line":130,"column":19},"end":{"line":130,"column":null}},"18":{"start":{"line":131,"column":6},"end":{"line":131,"column":null}},"19":{"start":{"line":138,"column":16},"end":{"line":138,"column":null}},"20":{"start":{"line":139,"column":2},"end":{"line":141,"column":null}},"21":{"start":{"line":140,"column":4},"end":{"line":140,"column":null}},"22":{"start":{"line":142,"column":2},"end":{"line":142,"column":null}},"23":{"start":{"line":152,"column":2},"end":{"line":152,"column":null}},"24":{"start":{"line":236,"column":31},"end":{"line":3119,"column":null}},"25":{"start":{"line":241,"column":8},"end":{"line":245,"column":null}},"26":{"start":{"line":247,"column":8},"end":{"line":251,"column":null}},"27":{"start":{"line":253,"column":8},"end":{"line":257,"column":null}},"28":{"start":{"line":259,"column":8},"end":{"line":263,"column":null}},"29":{"start":{"line":265,"column":8},"end":{"line":269,"column":null}},"30":{"start":{"line":274,"column":8},"end":{"line":278,"column":null}},"31":{"start":{"line":280,"column":8},"end":{"line":284,"column":null}},"32":{"start":{"line":286,"column":8},"end":{"line":290,"column":null}},"33":{"start":{"line":292,"column":8},"end":{"line":296,"column":null}},"34":{"start":{"line":301,"column":8},"end":{"line":305,"column":null}},"35":{"start":{"line":307,"column":8},"end":{"line":311,"column":null}},"36":{"start":{"line":313,"column":8},"end":{"line":317,"column":null}},"37":{"start":{"line":319,"column":8},"end":{"line":323,"column":null}},"38":{"start":{"line":328,"column":8},"end":{"line":332,"column":null}},"39":{"start":{"line":334,"column":8},"end":{"line":338,"column":null}},"40":{"start":{"line":340,"column":8},"end":{"line":344,"column":null}},"41":{"start":{"line":349,"column":8},"end":{"line":353,"column":null}},"42":{"start":{"line":355,"column":8},"end":{"line":359,"column":null}},"43":{"start":{"line":361,"column":8},"end":{"line":365,"column":null}},"44":{"start":{"line":370,"column":8},"end":{"line":374,"column":null}},"45":{"start":{"line":376,"column":8},"end":{"line":380,"column":null}},"46":{"start":{"line":385,"column":8},"end":{"line":385,"column":null}},"47":{"start":{"line":387,"column":8},"end":{"line":387,"column":null}},"48":{"start":{"line":389,"column":8},"end":{"line":389,"column":null}},"49":{"start":{"line":395,"column":8},"end":{"line":399,"column":null}},"50":{"start":{"line":401,"column":8},"end":{"line":401,"column":null}},"51":{"start":{"line":403,"column":8},"end":{"line":407,"column":null}},"52":{"start":{"line":415,"column":8},"end":{"line":419,"column":null}},"53":{"start":{"line":421,"column":8},"end":{"line":425,"column":null}},"54":{"start":{"line":427,"column":8},"end":{"line":431,"column":null}},"55":{"start":{"line":436,"column":8},"end":{"line":440,"column":null}},"56":{"start":{"line":442,"column":8},"end":{"line":446,"column":null}},"57":{"start":{"line":448,"column":8},"end":{"line":452,"column":null}},"58":{"start":{"line":457,"column":8},"end":{"line":461,"column":null}},"59":{"start":{"line":463,"column":8},"end":{"line":467,"column":null}},"60":{"start":{"line":469,"column":8},"end":{"line":473,"column":null}},"61":{"start":{"line":475,"column":8},"end":{"line":479,"column":null}},"62":{"start":{"line":486,"column":6},"end":{"line":490,"column":null}},"63":{"start":{"line":492,"column":6},"end":{"line":496,"column":null}},"64":{"start":{"line":498,"column":6},"end":{"line":502,"column":null}},"65":{"start":{"line":504,"column":6},"end":{"line":508,"column":null}},"66":{"start":{"line":510,"column":6},"end":{"line":514,"column":null}},"67":{"start":{"line":518,"column":6},"end":{"line":518,"column":null}},"68":{"start":{"line":520,"column":6},"end":{"line":520,"column":null}},"69":{"start":{"line":524,"column":53},"end":{"line":530,"column":null}},"70":{"start":{"line":531,"column":51},"end":{"line":537,"column":null}},"71":{"start":{"line":538,"column":6},"end":{"line":540,"column":null}},"72":{"start":{"line":539,"column":8},"end":{"line":539,"column":null}},"73":{"start":{"line":541,"column":12},"end":{"line":541,"column":null}},"74":{"start":{"line":542,"column":19},"end":{"line":542,"column":null}},"75":{"start":{"line":543,"column":6},"end":{"line":543,"column":null}},"76":{"start":{"line":546,"column":53},"end":{"line":552,"column":null}},"77":{"start":{"line":553,"column":51},"end":{"line":559,"column":null}},"78":{"start":{"line":560,"column":6},"end":{"line":562,"column":null}},"79":{"start":{"line":561,"column":8},"end":{"line":561,"column":null}},"80":{"start":{"line":563,"column":12},"end":{"line":563,"column":null}},"81":{"start":{"line":564,"column":19},"end":{"line":564,"column":null}},"82":{"start":{"line":565,"column":6},"end":{"line":565,"column":null}},"83":{"start":{"line":572,"column":6},
[...]
,"/Users/johnhuang/projects/design_system/src/utilities/component-helpers.ts": {"path":"/Users/johnhuang/projects/design_system/src/utilities/component-helpers.ts","statementMap":{"0":{"start":{"line":19,"column":27},"end":{"line":41,"column":null}},"1":{"start":{"line":50,"column":2},"end":{"line":50,"column":null}},"2":{"start":{"line":56,"column":25},"end":{"line":56,"column":null}},"3":{"start":{"line":58,"column":2},"end":{"line":58,"column":null}},"4":{"start":{"line":63,"column":27},"end":{"line":71,"column":null}},"5":{"start":{"line":77,"column":2},"end":{"line":80,"column":null}},"6":{"start":{"line":79,"column":18},"end":{"line":79,"column":32}},"7":{"start":{"line":89,"column":2},"end":{"line":89,"column":null}},"8":{"start":{"line":95,"column":28},"end":{"line":95,"column":null}},"9":{"start":{"line":101,"column":15},"end":{"line":101,"column":null}},"10":{"start":{"line":102,"column":19},"end":{"line":111,"column":null}},"11":{"start":{"line":113,"column":2},"end":{"line":113,"column":null}},"12":{"start":{"line":121,"column":4},"end":{"line":121,"column":null}},"13":{"start":{"line":123,"column":19},"end":{"line":129,"column":null}},"14":{"start":{"line":131,"column":2},"end":{"line":131,"column":null}},"15":{"start":{"line":138,"column":15},"end":{"line":138,"column":null}},"16":{"start":{"line":140,"column":19},"end":{"line":144,"column":null}},"17":{"start":{"line":146,"column":2},"end":{"line":146,"column":null}},"18":{"start":{"line":157,"column":16},"end":{"line":164,"column":null}},"19":{"start":{"line":166,"column":18},"end":{"line":171,"column":null}},"20":{"start":{"line":173,"column":17},"end":{"line":177,"column":null}},"21":{"start":{"line":179,"column":2},"end":{"line":179,"column":null}}},"fnMap":{"0":{"name":"getSizeClasses","decl":{"start":{"line":46,"column":16},"end":{"line":46,"column":null}},"loc":{"start":{"line":49,"column":10},"end":{"line":51,"column":null}},"line":49},"1":{"name":"hoverState","decl":{"start":{"line":76,"column":16},"end":{"line":76,"column":27}},"loc":{"start":{"line":76,"column":52},"end":{"line":81,"column":null}},"line":76},"2":{"name":"(anonymous_2)","decl":{"start":{"line":79,"column":9},"end":{"line":79,"column":10}},"loc":{"start":{"line":79,"column":18},"end":{"line":79,"column":32}},"line":79},"3":{"name":"disabledState","decl":{"start":{"line":86,"column":16},"end":{"line":86,"column":null}},"loc":{"start":{"line":88,"column":10},"end":{"line":90,"column":null}},"line":88},"4":{"name":"buttonVariant","decl":{"start":{"line":100,"column":16},"end":{"line":100,"column":30}},"loc":{"start":{"line":100,"column":65},"end":{"line":114,"column":null}},"line":100},"5":{"name":"inputVariant","decl":{"start":{"line":119,"column":16},"end":{"line":119,"column":29}},"loc":{"start":{"line":119,"column":91},"end":{"line":132,"column":null}},"line":119},"6":{"name":"cardVariant","decl":{"start":{"line":137,"column":16},"end":{"line":137,"column":28}},"loc":{"start":{"line":137,"column":94},"end":{"line":147,"column":null}},"line":137},"7":{"name":"textVariant","decl":{"start":{"line":152,"column":16},"end":{"line":152,"column":null}},"loc":{"start":{"line":156,"column":10},"end":{"line":180,"column":null}},"line":156}},"branchMap":{"0":{"loc":{"start":{"line":48,"column":2},"end":{"line":48,"column":null}},"type":"default-arg","locations":[{"start":{"line":48,"column":24},"end":{"line":48,"column":null}}],"line":48},"1":{"loc":{"start":{"line":87,"column":2},"end":{"line":87,"column":null}},"type":"default-arg","locations":[{"start":{"line":87,"column":20},"end":{"line":87,"column":null}}],"line":87},"2":{"loc":{"start":{"line":119,"column":29},"end":{"line":119,"column":91}},"type":"default-arg","locations":[{"start":{"line":119,"column":72},"end":{"line":119,"column":91}}],"line":119},"3":{"loc":{"start":{"line":137,"column":28},"end":{"line":137,"column":94}},"type":"default-arg","locations":[{"start":{"line":137,"column":75},"end":{"line":137,"column":94}}],"line":137},"4":{"loc":{"start":{"line":153,"column":2},"end":{"line":153,"column":null}},"type":"default-arg","locations":[{"start":{"line":153,"column":53},"end":{"line":153,"column":null}}],"line":153},"5":{"loc":{"start":{"line":154,"column":2},"end":{"line":154,"column":null}},"type":"default-arg","locations":[{"start":{"line":154,"column":54},"end":{"line":154,"column":null}}],"line":154},"6":{"loc":{"start":{"line":155,"column":2},"end":{"line":155,"column":null}},"type":"default-arg","locations":[{"start":{"line":155,"column":43},"end":{"line":155,"column":null}}],"line":155}},"s":{"0":7,"1":8,"2":7,"3":7,"4":7,"5":3,"6":4,"7":2,"8":7,"9":5,"10":5,"11":5,"12":3,"13":3,"14":3,"15":3,"16":3,"17":3,"18":3,"19":3,"20":3,"21":3},"f":{"0":8,"1":3,"2":4,"3":2,"4":5,"5":3,"6":3,"7":3},"b":{"0":[8],"1":[2],"2":[3],"3":[3],"4":[3],"5":[3],"6":[3]},"meta":{"lastBranch":7,"lastFunction":8,"lastStatement":22,"seen":{"s:19:27:41:Infinity":0,"f:46:16:46:Infinity":0,"b:48:24:48:Infinity":0,"s:50:2:50:Infinity":1,"s:56:25:56:Infinity":2,"s:58:2:58:Infinity":3,"s:63:27:71:Infinity":4,"f:76:16:76:27":1,"s:77:2:80:Infinity":5,"f:79:9:79:10":2,"s:79:18:79:32":6,"f:86:16:86:Infinity":3,"b:87:20:87:Infinity":1,"s:89:2:89:Infinity":7,"s:95:28:95:Infinity":8,"f:100:16:100:30":4,"s:101:15:101:Infinity":9,"s:102:19:111:Infinity":10,"s:113:2:113:Infinity":11,"f:119:16:119:29":5,"b:119:72:119:91":2,"s:121:4:121:Infinity":12,"s:123:19:129:Infinity":13,"s:131:2:131:Infinity":14,"f:137:16:137:28":6,"b:137:75:137:94":3,"s:138:15:138:Infinity":15,"s:140:19:144:Infinity":16,"s:146:2:146:Infinity":17,"f:152:16:152:Infinity":7,"b:153:53:153:Infinity":4,"b:154:54:154:Infinity":5,"b:155:43:155:Infinity":6,"s:157:16:164:Infinity":18,"s:166:18:171:Infinity":19,"s:173:17:177:Infinity":20,"s:179:2:179:Infinity":21}}}
,"/Users/johnhuang/projects/design_system/src/utilities/status-colors.ts": {"path":"/Users/johnhuang/projects/design_system/src/utilities/status-colors.ts","statementMap":{"0":{"start":{"line":12,"column":37},"end":{"line":19,"column":null}},"1":{"start":{"line":27,"column":2},"end":{"line":27,"column":null}},"2":{"start":{"line":34,"column":33},"end":{"line":47,"column":null}},"3":{"start":{"line":53,"column":2},"end":{"line":53,"column":null}},"4":{"start":{"line":60,"column":36},"end":{"line":96,"column":null}},"5":{"start":{"line":105,"column":2},"end":{"line":105,"column":null}},"6":{"start":{"line":112,"column":34},"end":{"line":132,"column":null}},"7":{"start":{"line":141,"column":2},"end":{"line":141,"column":null}}},"fnMap":{"0":{"name":"getStatusIndicatorColor","decl":{"start":{"line":24,"column":16},"end":{"line":24,"column":null}},"loc":{"start":{"line":26,"column":10},"end":{"line":28,"column":null}},"line":26},"1":{"name":"getCardVariantColors","decl":{"start":{"line":52,"column":16},"end":{"line":52,"column":37}},"loc":{"start":{"line":52,"column":86},"end":{"line":54,"column":null}},"line":52},"2":{"name":"getCalloutVariantColors","decl":{"start":{"line":101,"column":16},"end":{"line":101,"column":40}},"loc":{"start":{"line":104,"column":2},"end":{"line":106,"column":null}},"line":104},"3":{"name":"getSectionBadgeColors","decl":{"start":{"line":137,"column":16},"end":{"line":137,"column":38}},"loc":{"start":{"line":140,"column":2},"end":{"line":142,"column":null}},"line":140}},"branchMap":{},"s":{"0":7,"1":6,"2":7,"3":8,"4":7,"5":7,"6":7,"7":4},"f":{"0":6,"1":8,"2":7,"3":4},"b":{},"meta":{"lastBranch":0,"lastFunction":4,"lastStatement":8,"seen":{"s:12:37:19:Infinity":0,"f:24:16:24:Infinity":0,"s:27:2:27:Infinity":1,"s:34:33:47:Infinity":2,"f:52:16:52:37":1,"s:53:2:53:Infinity":3,"s:60:36:96:Infinity":4,"f:101:16:101:40":2,"s:105:2:105:Infinity":5,"s:112:34:132:Infinity":6,"f:137:16:137:38":3,"s:141:2:141:Infinity":7}}}
,"/Users/johnhuang/projects/design_system/src/utilities/theme-utils.ts": {"path":"/Users/johnhuang/projects/design_system/src/utilities/theme-utils.ts","statementMap":{"0":{"start":{"line":15,"column":2},"end":{"line":17,"column":null}},"1":{"start":{"line":16,"column":4},"end":{"line":16,"column":null}},"2":{"start":{"line":20,"column":2},"end":{"line":26,"column":null}},"3":{"start":{"line":21,"column":16},"end":{"line":21,"column":null}},"4":{"start":{"line":22,"column":14},"end":{"line":22,"column":null}},"5":{"start":{"line":23,"column":14},"end":{"line":23,"column":null}},"6":{"start":{"line":24,"column":14},"end":{"line":24,"column":null}},"7":{"start":{"line":25,"column":4},"end":{"line":25,"column":null}},"8":{"start":{"line":28,"column":2},"end":{"line":28,"column":null}},"9":{"start":{"line":38,"column":18},"end":{"line":38,"column":null}},"10":{"start":{"line":40,"column":2},"end":{"line":42,"column":null}},"11":{"start":{"line":41,"column":4},"end":{"line":41,"column":null}},"12":{"start":{"line":44,"column":2},"end":{"line":44,"column":null}},"13":{"start":{"line":51,"column":2},"end":{"line":51,"column":null}},"14":{"start":{"line":59,"column":2},"end":{"line":59,"column":null}},"15":{"start":{"line":59,"column":31},"end":{"line":59,"column":null}},"16":{"start":{"line":60,"column":2},"end":{"line":60,"column":null}},"17":{"start":{"line":60,"column":33},"end":{"line":60,"column":null}},"18":{"start":{"line":61,"column":2},"end":{"line":61,"column":null}},"19":{"start":{"line":68,"column":2},"end":{"line":68,"column":null}},"20":{"start":{"line":75,"column":2},"end":{"line":75,"column":null}},"21":{"start":{"line":82,"column":2},"end":{"line":82,"column":null}}},"fnMap":{"0":{"name":"withOpacity","decl":{"start":{"line":13,"column":16},"end":{"line":13,"column":28}},"loc":{"start":{"line":13,"column":68},"end":{"line":29,"column":null}},"line":13},"1":{"name":"responsive","decl":{"start":{"line":34,"column":16},"end":{"line":34,"column":null}},"loc":{"start":{"line":37,"column":10},"end":{"line":45,"column":null}},"line":37},"2":{"name":"(anonymous_2)","decl":{"start":{"line":40,"column":38},"end":{"line":40,"column":39}},"loc":{"start":{"line":40,"column":55},"end":{"line":42,"column":3}},"line":40},"3":{"name":"themeColor","decl":{"start":{"line":50,"column":16},"end":{"line":50,"column":27}},"loc":{"start":{"line":50,"column":74},"end":{"line":52,"column":null}},"line":50},"4":{"name":"getSemanticColor","decl":{"start":{"line":57,"column":16},"end":{"line":57,"column":33}},"loc":{"start":{"line":57,"column":85},"end":{"line":62,"column":null}},"line":57},"5":{"name":"gradient","decl":{"start":{"line":67,"column":16},"end":{"line":67,"column":25}},"loc":{"start":{"line":67,"column":87},"end":{"line":69,"column":null}},"line":67},"6":{"name":"spacing","decl":{"start":{"line":74,"column":16},"end":{"line":74,"column":24}},"loc":{"start":{"line":74,"column":55},"end":{"line":76,"column":null}},"line":74},"7":{"name":"animation","decl":{"start":{"line":81,"column":16},"end":{"line":81,"column":26}},"loc":{"start":{"line":81,"column":91},"end":{"line":83,"column":null}},"line":81}},"branchMap":{"0":{"loc":{"start":{"line":15,"column":2},"end":{"line":17,"column":null}},"type":"if","locations":[{"start":{"line":15,"column":2},"end":{"line":17,"column":null}},{"start":{},"end":{}}],"line":15},"1":{"loc":{"start":{"line":20,"column":2},"end":{"line":26,"column":null}},"type":"if","locations":[{"start":{"line":20,"column":2},"end":{"line":26,"column":null}},{"start":{},"end":{}}],"line":20},"2":{"loc":{"start":{"line":36,"column":2},"end":{"line":36,"column":null}},"type":"default-arg","locations":[{"start":{"line":36,"column":63},"end":{"line":36,"column":null}}],"line":36},"3":{"loc":{"start":{"line":57,"column":52},"end":{"line":57,"column":85}},"type":"default-arg","locations":[{"start":{"line":57,"column":68},"end":{"line":57,"column":85}}],"line":57},"4":{"loc":{"start":{"line":59,"column":2},"end":{"line":59,"column":null}},"type":"if","locations":[{"start":{"line":59,"column":2},"end":{"line":59,"column":null}},{"start":{},"end":{}}],"line":59},"5":{"loc":{"start":{"line":59,"column":38},"end":{"line":59,"column":null}},"type":"cond-expr","locations":[{"start":{"line":59,"column":57},"end":{"line":59,"column":69}},{"start":{"line":59,"column":69},"end":{"line":59,"column":null}}],"line":59},"6":{"loc":{"start":{"line":60,"column":2},"end":{"line":60,"column":null}},"type":"if","locations":[{"start":{"line":60,"column":2},"end":{"line":60,"column":null}},{"start":{},"end":{}}],"line":60},"7":{"loc":{"start":{"line":60,"column":40},"end":{"line":60,"column":null}},"type":"cond-expr","locations":[{"start":{"line":60,"column":59},"end":{"line":60,"column":71}},{"start":{"line":60,"column":71},"end":{"line":60,"column":null}}],"line":60},"8":{"loc":{"start":{"line":61,"column":9},"end":{"line":61,"column":null}},"type":"cond-expr","locations":[{"start":{"line":61,"column":28},"end":{"line":61,"column":40}},{"start":{"line":61,"column":40},"end":{"line":61,"column":null}}],"line":61},"9":{"loc":{"start":{"line":67,"column":51},"end":{"line":67,"column":87}},"type":"default-arg","locations":[{"start":{"line":67,"column":71},"end":{"line":67,"column":87}}],"line":67},"10":{"loc":{"start":{"line":75,"column":9},"end":{"line":75,"column":null}},"type":"cond-expr","locations":[{"start":{"line":75,"column":36},"end":{"line":75,"column":58}},{"start":{"line":75,"column":58},"end":{"line":75,"column":null}}],"line":75},"11":{"loc":{"start":{"line":81,"column":26},"end":{"line":81,"column":54}},"type":"default-arg","locations":[{"start":{"line":81,"column":45},"end":{"line":81,"column":54}}],"line":81},"12":{"loc":{"start":{"line":81,"column":54},"end":{"line":81,"column":91}},"type":"default-arg","locations":[{"start":{"line":81,"column":71},"end":{"line":81,"column":91}}],"line":81}},"s":{"0":7,"1":2,"2":5,"3":2,"4":2,"5":2,"6":2,"7":2,"8":3,"9":6,"10":6,"11":10,"12":6,"13":3,"14":10,"15":4,"16":6,"17":3,"18":3,"19":5,"20":10,"21":7},"f":{"0":7,"1":6,"2":10,"3":3,"4":10,"5":5,"6":10,"7":7},"b":{"0":[2,5],"1":[2,3],"2":[6],"3":[10],"4":[4,6],"5":[2,2],"6":[3,3],"7":[1,2],"8":[1,2],"9":[5],"10":[5,5],"11":[7],"12":[7]},"meta":{"lastBranch":13,"lastFunction":8,"lastStatement":22,"seen":{"f:13:16:13:28":0,"b:15:2:17:Infinity:undefined:undefined:undefined:undefined":0,"s:15:2:17:Infinity":0,"s:16:4:16:Infinity":1,"b:20:2:26:Infinity:undefined:undefined:undefined:undefined":1,"s:20:2:26:Infinity":2,"s:21:16:21:Infinity":3,"s:22:14:22:Infinity":4,"s:23:14:23:Infinity":5,"s:24:14:24:Infinity":6,"s:25:4:25:Infinity":7,"s:28:2:28:Infinity":8,"f:34:16:34:Infinity":1,"b:36:63:36:Infinity":2,"s:38:18:38:Infinity":9,"s:40:2:42:Infinity":10,"f:40:38:40:39":2,"s:41:4:41:Infinity":11,"s:44:2:44:Infinity":12,"f:50:16:50:27":3,"s:51:2:51:Infinity":13,"f:57:16:57:33":4,"b:57:68:57:85":3,"b:59:2:59:Infinity:undefined:undefined:undefined:undefined":4,"s:59:2:59:Infinity":14,"s:59:31:59:Infinity":15,"b:59:57:59:69:59:69:59:Infinity":5,"b:60:2:60:Infinity:undefined:undefined:undefined:undefined":6,"s:60:2:60:Infinity":16,"s:60:33:60:Infinity":17,"b:60:59:60:71:60:71:60:Infinity":7,"s:61:2:61:Infinity":18,"b:61:28:61:40:61:40:61:Infinity":8,"f:67:16:67:25":5,"b:67:71:67:87":9,"s:68:2:68:Infinity":19,"f:74:16:74:24":6,"s:75:2:75:Infinity":20,"b:75:36:75:58:75:58:75:Infinity":10,"f:81:16:81:26":7,"b:81:45:81:54":11,"b:81:71:81:91":12,"s:82:2:82:Infinity":21}}}
,"/Users/johnhuang/projects/design_system/src/utilities/ui-constants.ts": {"path":"/Users/johnhuang/projects/design_system/src/utilities/ui-constants.ts","statementMap":{"0":{"start":{"line":5,"column":28},"end":{"line":98,"column":null}},"1":{"start":{"line":103,"column":27},"end":{"line":122,"column":null}},"2":{"start":{"line":127,"column":29},"end":{"line":141,"column":null}},"3":{"start":{"line":128,"column":15},"end":{"line":128,"column":null}},"4":{"start":{"line":129,"column":25},"end":{"line":129,"column":null}},"5":{"start":{"line":131,"column":2},"end":{"line":138,"column":null}},"6":{"start":{"line":132,"column":4},"end":{"line":137,"column":null}},"7":{"start":{"line":133,"column":6},"end":{"line":133,"column":null}},"8":{"start":{"line":135,"column":6},"end":{"line":135,"column":null}},"9":{"start":{"line":136,"column":6},"end":{"line":136,"column":null}},"10":{"start":{"line":140,"column":2},"end":{"line":140,"column":null}},"11":{"start":{"line":146,"column":25},"end":{"line":148,"column":null}},"12":{"start":{"line":147,"column":2},"end":{"line":147,"column":null}}},"fnMap":{"0":{"name":"(anonymous_0)","decl":{"start":{"line":127,"column":29},"end":{"line":127,"column":30}},"loc":{"start":{"line":127,"column":55},"end":{"line":141,"column":null}},"line":127},"1":{"name":"(anonymous_1)","decl":{"start":{"line":146,"column":25},"end":{"line":146,"column":29}},"loc":{"start":{"line":146,"column":88},"end":{"line":148,"column":null}},"line":146}},"branchMap":{"0":{"loc":{"start":{"line":132,"column":4},"end":{"line":137,"column":null}},"type":"if","locations":[{"start":{"line":132,"column":4},"end":{"line":137,"column":null}},{"start":{"line":134,"column":11},"end":{"line":137,"column":null}}],"line":132},"1":{"loc":{"start":{"line":132,"column":8},"end":{"line":132,"column":75}},"type":"binary-expr","locations":[{"start":{"line":132,"column":8},"end":{"line":132,"column":39}},{"start":{"line":132,"column":39},"end":{"line":132,"column":59}},{"start":{"line":132,"column":59},"end":{"line":132,"column":75}}],"line":132},"2":{"loc":{"start":{"line":140,"column":9},"end":{"line":140,"column":null}},"type":"cond-expr","locations":[{"start":{"line":140,"column":39},"end":{"line":140,"column":49}},{"start":{"line":140,"column":49},"end":{"line":140,"column":null}}],"line":140}},"s":{"0":7,"1":7,"2":7,"3":7,"4":7,"5":7,"6":13,"7":11,"8":2,"9":2,"10":5,"11":7,"12":7},"f":{"0":7,"1":7},"b":{"0":[11,2],"1":[13,13,13],"2":[4,1]},"meta":{"lastBranch":3,"lastFunction":2,"lastStatement":13,"seen":{"s:5:28:98:Infinity":0,"s:103:27:122:Infinity":1,"s:127:29:141:Infinity":2,"f:127:29:127:30":0,"s:128:15:128:Infinity":3,"s:129:25:129:Infinity":4,"s:131:2:138:Infinity":5,"b:132:4:137:Infinity:134:11:137:Infinity":0,"s:132:4:137:Infinity":6,"b:132:8:132:39:132:39:132:59:132:59:132:75":1,"s:133:6:133:Infinity":7,"s:135:6:135:Infinity":8,"s:136:6:136:Infinity":9,"s:140:2:140:Infinity":10,"b:140:39:140:49:140:49:140:Infinity":2,"s:146:25:148:Infinity":11,"f:146:25:146:29":1,"s:147:2:147:Infinity":12}}}
,"/Users/johnhuang/projects/design_system/src/utilities/utils.native.ts": {"path":"/Users/johnhuang/projects/design_system/src/utilities/utils.native.ts","statementMap":{"0":{"start":{"line":41,"column":2},"end":{"line":41,"column":null}}},"fnMap":{"0":{"name":"cn","decl":{"start":{"line":40,"column":9},"end":{"line":40,"column":15}},"loc":{"start":{"line":40,"column":45},"end":{"line":42,"column":null}},"line":40}},"branchMap":{},"s":{"0":2},"f":{"0":2},"b":{},"meta":{"lastBranch":0,"lastFunction":1,"lastStatement":1,"seen":{"f:40:9:40:15":0,"s:41:2:41:Infinity":0}}}
,"/Users/johnhuang/projects/design_system/src/utilities/utils.ts": {"path":"/Users/johnhuang/projects/design_system/src/utilities/utils.ts","statementMap":{"0":{"start":{"line":55,"column":2},"end":{"line":55,"column":null}}},"fnMap":{"0":{"name":"cn","decl":{"start":{"line":54,"column":9},"end":{"line":54,"column":15}},"loc":{"start":{"line":54,"column":45},"end":{"line":56,"column":null}},"line":54}},"branchMap":{},"s":{"0":23},"f":{"0":23},"b":{},"meta":{"lastBranch":0,"lastFunction":1,"lastStatement":1,"seen":{"f:54:9:54:15":0,"s:55:2:55:Infinity":0}}}
}
